RAW TOKEN = eyJ0eXAiOiJKV1QiLCJhbGciOiJIUzI1NiJ9.eyJpc3MiOiJWaWJlTWFya2V0IiwiaWF0IjoxNzYzODAzODY1LCJleHAiOjE3NjQ0MDg2NjUsInN1YiI6MTMsIm5hbWUiOiJkYXQgdm8iLCJlbWFpbCI6ImRhdHY4OTI0MkBnbWFpbC5jb20iLCJyb2xlIjoidXNlciJ9.jLp0oz6ZZSXUuhhdUzEas86S4Rb6Yn7dJkRzE9MS3Gc
DECODED = Array
(
    [iss] => VibeMarket
    [iat] => 1763803865
    [exp] => 1764408665
    [sub] => 13
    [name] => dat vo
    [email] => datv89242@gmail.com
    [role] => user
)

RAW TOKEN = 
RAW TOKEN = 
RAW TOKEN = eyJ0eXAiOiJKV1QiLCJhbGciOiJIUzI1NiJ9.eyJpc3MiOiJWaWJlTWFya2V0IiwiaWF0IjoxNzYzODk0MjgwLCJleHAiOjE3NjQ0OTkwODAsInN1YiI6MTMsIm5hbWUiOiJkYXQgdm8iLCJlbWFpbCI6ImRhdHY4OTI0MkBnbWFpbC5jb20iLCJyb2xlIjoidXNlciJ9.JZIE_lMtT4T_FYu-LCZp30LaO5aVaB5M9hwJtYgjXOw
DECODED = Array
(
    [iss] => VibeMarket
    [iat] => 1763894280
    [exp] => 1764499080
    [sub] => 13
    [name] => dat vo
    [email] => datv89242@gmail.com
    [role] => user
)

RAW TOKEN = eyJ0eXAiOiJKV1QiLCJhbGciOiJIUzI1NiJ9.eyJpc3MiOiJWaWJlTWFya2V0IiwiaWF0IjoxNzYzODk0MjgwLCJleHAiOjE3NjQ0OTkwODAsInN1YiI6MTMsIm5hbWUiOiJkYXQgdm8iLCJlbWFpbCI6ImRhdHY4OTI0MkBnbWFpbC5jb20iLCJyb2xlIjoidXNlciJ9.JZIE_lMtT4T_FYu-LCZp30LaO5aVaB5M9hwJtYgjXOw
DECODED = Array
(
    [iss] => VibeMarket
    [iat] => 1763894280
    [exp] => 1764499080
    [sub] => 13
    [name] => dat vo
    [email] => datv89242@gmail.com
    [role] => user
)

RAW TOKEN = eyJ0eXAiOiJKV1QiLCJhbGciOiJIUzI1NiJ9.eyJpc3MiOiJWaWJlTWFya2V0IiwiaWF0IjoxNzYzODk0MjgwLCJleHAiOjE3NjQ0OTkwODAsInN1YiI6MTMsIm5hbWUiOiJkYXQgdm8iLCJlbWFpbCI6ImRhdHY4OTI0MkBnbWFpbC5jb20iLCJyb2xlIjoidXNlciJ9.JZIE_lMtT4T_FYu-LCZp30LaO5aVaB5M9hwJtYgjXOw
DECODED = Array
(
    [iss] => VibeMarket
    [iat] => 1763894280
    [exp] => 1764499080
    [sub] => 13
    [name] => dat vo
    [email] => datv89242@gmail.com
    [role] => user
)

RAW TOKEN = eyJ0eXAiOiJKV1QiLCJhbGciOiJIUzI1NiJ9.eyJpc3MiOiJWaWJlTWFya2V0IiwiaWF0IjoxNzYzODk0MjgwLCJleHAiOjE3NjQ0OTkwODAsInN1YiI6MTMsIm5hbWUiOiJkYXQgdm8iLCJlbWFpbCI6ImRhdHY4OTI0MkBnbWFpbC5jb20iLCJyb2xlIjoidXNlciJ9.JZIE_lMtT4T_FYu-LCZp30LaO5aVaB5M9hwJtYgjXOw
DECODED = Array
(
    [iss] => VibeMarket
    [iat] => 1763894280
    [exp] => 1764499080
    [sub] => 13
    [name] => dat vo
    [email] => datv89242@gmail.com
    [role] => user
)

RAW TOKEN = eyJ0eXAiOiJKV1QiLCJhbGciOiJIUzI1NiJ9.eyJpc3MiOiJWaWJlTWFya2V0IiwiaWF0IjoxNzYzODk0MjgwLCJleHAiOjE3NjQ0OTkwODAsInN1YiI6MTMsIm5hbWUiOiJkYXQgdm8iLCJlbWFpbCI6ImRhdHY4OTI0MkBnbWFpbC5jb20iLCJyb2xlIjoidXNlciJ9.JZIE_lMtT4T_FYu-LCZp30LaO5aVaB5M9hwJtYgjXOw
DECODED = Array
(
    [iss] => VibeMarket
    [iat] => 1763894280
    [exp] => 1764499080
    [sub] => 13
    [name] => dat vo
    [email] => datv89242@gmail.com
    [role] => user
)

RAW TOKEN = eyJ0eXAiOiJKV1QiLCJhbGciOiJIUzI1NiJ9.eyJpc3MiOiJWaWJlTWFya2V0IiwiaWF0IjoxNzYzODk0MjgwLCJleHAiOjE3NjQ0OTkwODAsInN1YiI6MTMsIm5hbWUiOiJkYXQgdm8iLCJlbWFpbCI6ImRhdHY4OTI0MkBnbWFpbC5jb20iLCJyb2xlIjoidXNlciJ9.JZIE_lMtT4T_FYu-LCZp30LaO5aVaB5M9hwJtYgjXOw
DECODED = Array
(
    [iss] => VibeMarket
    [iat] => 1763894280
    [exp] => 1764499080
    [sub] => 13
    [name] => dat vo
    [email] => datv89242@gmail.com
    [role] => user
)

RAW TOKEN = eyJ0eXAiOiJKV1QiLCJhbGciOiJIUzI1NiJ9.eyJpc3MiOiJWaWJlTWFya2V0IiwiaWF0IjoxNzYzODk0MjgwLCJleHAiOjE3NjQ0OTkwODAsInN1YiI6MTMsIm5hbWUiOiJkYXQgdm8iLCJlbWFpbCI6ImRhdHY4OTI0MkBnbWFpbC5jb20iLCJyb2xlIjoidXNlciJ9.JZIE_lMtT4T_FYu-LCZp30LaO5aVaB5M9hwJtYgjXOw
DECODED = Array
(
    [iss] => VibeMarket
    [iat] => 1763894280
    [exp] => 1764499080
    [sub] => 13
    [name] => dat vo
    [email] => datv89242@gmail.com
    [role] => user
)

RAW TOKEN = eyJ0eXAiOiJKV1QiLCJhbGciOiJIUzI1NiJ9.eyJpc3MiOiJWaWJlTWFya2V0IiwiaWF0IjoxNzYzODk0MjgwLCJleHAiOjE3NjQ0OTkwODAsInN1YiI6MTMsIm5hbWUiOiJkYXQgdm8iLCJlbWFpbCI6ImRhdHY4OTI0MkBnbWFpbC5jb20iLCJyb2xlIjoidXNlciJ9.JZIE_lMtT4T_FYu-LCZp30LaO5aVaB5M9hwJtYgjXOw
DECODED = Array
(
    [iss] => VibeMarket
    [iat] => 1763894280
    [exp] => 1764499080
    [sub] => 13
    [name] => dat vo
    [email] => datv89242@gmail.com
    [role] => user
)

RAW TOKEN = 
RAW TOKEN = eyJ0eXAiOiJKV1QiLCJhbGciOiJIUzI1NiJ9.eyJpc3MiOiJWaWJlTWFya2V0IiwiaWF0IjoxNzYzODk0MjgwLCJleHAiOjE3NjQ0OTkwODAsInN1YiI6MTMsIm5hbWUiOiJkYXQgdm8iLCJlbWFpbCI6ImRhdHY4OTI0MkBnbWFpbC5jb20iLCJyb2xlIjoidXNlciJ9.JZIE_lMtT4T_FYu-LCZp30LaO5aVaB5M9hwJtYgjXOw
DECODED = Array
(
    [iss] => VibeMarket
    [iat] => 1763894280
    [exp] => 1764499080
    [sub] => 13
    [name] => dat vo
    [email] => datv89242@gmail.com
    [role] => user
)

RAW TOKEN = eyJ0eXAiOiJKV1QiLCJhbGciOiJIUzI1NiJ9.eyJpc3MiOiJWaWJlTWFya2V0IiwiaWF0IjoxNzYzODk0MjgwLCJleHAiOjE3NjQ0OTkwODAsInN1YiI6MTMsIm5hbWUiOiJkYXQgdm8iLCJlbWFpbCI6ImRhdHY4OTI0MkBnbWFpbC5jb20iLCJyb2xlIjoidXNlciJ9.JZIE_lMtT4T_FYu-LCZp30LaO5aVaB5M9hwJtYgjXOw
DECODED = Array
(
    [iss] => VibeMarket
    [iat] => 1763894280
    [exp] => 1764499080
    [sub] => 13
    [name] => dat vo
    [email] => datv89242@gmail.com
    [role] => user
)

RAW TOKEN = eyJ0eXAiOiJKV1QiLCJhbGciOiJIUzI1NiJ9.eyJpc3MiOiJWaWJlTWFya2V0IiwiaWF0IjoxNzYzODk0MjgwLCJleHAiOjE3NjQ0OTkwODAsInN1YiI6MTMsIm5hbWUiOiJkYXQgdm8iLCJlbWFpbCI6ImRhdHY4OTI0MkBnbWFpbC5jb20iLCJyb2xlIjoidXNlciJ9.JZIE_lMtT4T_FYu-LCZp30LaO5aVaB5M9hwJtYgjXOw
DECODED = Array
(
    [iss] => VibeMarket
    [iat] => 1763894280
    [exp] => 1764499080
    [sub] => 13
    [name] => dat vo
    [email] => datv89242@gmail.com
    [role] => user
)

RAW TOKEN = eyJ0eXAiOiJKV1QiLCJhbGciOiJIUzI1NiJ9.eyJpc3MiOiJWaWJlTWFya2V0IiwiaWF0IjoxNzYzODk0MjgwLCJleHAiOjE3NjQ0OTkwODAsInN1YiI6MTMsIm5hbWUiOiJkYXQgdm8iLCJlbWFpbCI6ImRhdHY4OTI0MkBnbWFpbC5jb20iLCJyb2xlIjoidXNlciJ9.JZIE_lMtT4T_FYu-LCZp30LaO5aVaB5M9hwJtYgjXOw
DECODED = Array
(
    [iss] => VibeMarket
    [iat] => 1763894280
    [exp] => 1764499080
    [sub] => 13
    [name] => dat vo
    [email] => datv89242@gmail.com
    [role] => user
)

RAW TOKEN = eyJ0eXAiOiJKV1QiLCJhbGciOiJIUzI1NiJ9.eyJpc3MiOiJWaWJlTWFya2V0IiwiaWF0IjoxNzYzODk0MjgwLCJleHAiOjE3NjQ0OTkwODAsInN1YiI6MTMsIm5hbWUiOiJkYXQgdm8iLCJlbWFpbCI6ImRhdHY4OTI0MkBnbWFpbC5jb20iLCJyb2xlIjoidXNlciJ9.JZIE_lMtT4T_FYu-LCZp30LaO5aVaB5M9hwJtYgjXOw
DECODED = Array
(
    [iss] => VibeMarket
    [iat] => 1763894280
    [exp] => 1764499080
    [sub] => 13
    [name] => dat vo
    [email] => datv89242@gmail.com
    [role] => user
)

RAW TOKEN = eyJ0eXAiOiJKV1QiLCJhbGciOiJIUzI1NiJ9.eyJpc3MiOiJWaWJlTWFya2V0IiwiaWF0IjoxNzYzODk0MjgwLCJleHAiOjE3NjQ0OTkwODAsInN1YiI6MTMsIm5hbWUiOiJkYXQgdm8iLCJlbWFpbCI6ImRhdHY4OTI0MkBnbWFpbC5jb20iLCJyb2xlIjoidXNlciJ9.JZIE_lMtT4T_FYu-LCZp30LaO5aVaB5M9hwJtYgjXOw
DECODED = Array
(
    [iss] => VibeMarket
    [iat] => 1763894280
    [exp] => 1764499080
    [sub] => 13
    [name] => dat vo
    [email] => datv89242@gmail.com
    [role] => user
)

RAW TOKEN = eyJ0eXAiOiJKV1QiLCJhbGciOiJIUzI1NiJ9.eyJpc3MiOiJWaWJlTWFya2V0IiwiaWF0IjoxNzYzODk0MjgwLCJleHAiOjE3NjQ0OTkwODAsInN1YiI6MTMsIm5hbWUiOiJkYXQgdm8iLCJlbWFpbCI6ImRhdHY4OTI0MkBnbWFpbC5jb20iLCJyb2xlIjoidXNlciJ9.JZIE_lMtT4T_FYu-LCZp30LaO5aVaB5M9hwJtYgjXOw
DECODED = Array
(
    [iss] => VibeMarket
    [iat] => 1763894280
    [exp] => 1764499080
    [sub] => 13
    [name] => dat vo
    [email] => datv89242@gmail.com
    [role] => user
)

RAW TOKEN = eyJ0eXAiOiJKV1QiLCJhbGciOiJIUzI1NiJ9.eyJpc3MiOiJWaWJlTWFya2V0IiwiaWF0IjoxNzYzODk0MjgwLCJleHAiOjE3NjQ0OTkwODAsInN1YiI6MTMsIm5hbWUiOiJkYXQgdm8iLCJlbWFpbCI6ImRhdHY4OTI0MkBnbWFpbC5jb20iLCJyb2xlIjoidXNlciJ9.JZIE_lMtT4T_FYu-LCZp30LaO5aVaB5M9hwJtYgjXOw
DECODED = Array
(
    [iss] => VibeMarket
    [iat] => 1763894280
    [exp] => 1764499080
    [sub] => 13
    [name] => dat vo
    [email] => datv89242@gmail.com
    [role] => user
)

RAW TOKEN = eyJ0eXAiOiJKV1QiLCJhbGciOiJIUzI1NiJ9.eyJpc3MiOiJWaWJlTWFya2V0IiwiaWF0IjoxNzYzODk0MjgwLCJleHAiOjE3NjQ0OTkwODAsInN1YiI6MTMsIm5hbWUiOiJkYXQgdm8iLCJlbWFpbCI6ImRhdHY4OTI0MkBnbWFpbC5jb20iLCJyb2xlIjoidXNlciJ9.JZIE_lMtT4T_FYu-LCZp30LaO5aVaB5M9hwJtYgjXOw
DECODED = Array
(
    [iss] => VibeMarket
    [iat] => 1763894280
    [exp] => 1764499080
    [sub] => 13
    [name] => dat vo
    [email] => datv89242@gmail.com
    [role] => user
)

RAW TOKEN = eyJ0eXAiOiJKV1QiLCJhbGciOiJIUzI1NiJ9.eyJpc3MiOiJWaWJlTWFya2V0IiwiaWF0IjoxNzYzODk0MjgwLCJleHAiOjE3NjQ0OTkwODAsInN1YiI6MTMsIm5hbWUiOiJkYXQgdm8iLCJlbWFpbCI6ImRhdHY4OTI0MkBnbWFpbC5jb20iLCJyb2xlIjoidXNlciJ9.JZIE_lMtT4T_FYu-LCZp30LaO5aVaB5M9hwJtYgjXOw
DECODED = Array
(
    [iss] => VibeMarket
    [iat] => 1763894280
    [exp] => 1764499080
    [sub] => 13
    [name] => dat vo
    [email] => datv89242@gmail.com
    [role] => user
)

RAW TOKEN = eyJ0eXAiOiJKV1QiLCJhbGciOiJIUzI1NiJ9.eyJpc3MiOiJWaWJlTWFya2V0IiwiaWF0IjoxNzYzODk0MjgwLCJleHAiOjE3NjQ0OTkwODAsInN1YiI6MTMsIm5hbWUiOiJkYXQgdm8iLCJlbWFpbCI6ImRhdHY4OTI0MkBnbWFpbC5jb20iLCJyb2xlIjoidXNlciJ9.JZIE_lMtT4T_FYu-LCZp30LaO5aVaB5M9hwJtYgjXOw
DECODED = Array
(
    [iss] => VibeMarket
    [iat] => 1763894280
    [exp] => 1764499080
    [sub] => 13
    [name] => dat vo
    [email] => datv89242@gmail.com
    [role] => user
)

RAW TOKEN = eyJ0eXAiOiJKV1QiLCJhbGciOiJIUzI1NiJ9.eyJpc3MiOiJWaWJlTWFya2V0IiwiaWF0IjoxNzYzODk0MjgwLCJleHAiOjE3NjQ0OTkwODAsInN1YiI6MTMsIm5hbWUiOiJkYXQgdm8iLCJlbWFpbCI6ImRhdHY4OTI0MkBnbWFpbC5jb20iLCJyb2xlIjoidXNlciJ9.JZIE_lMtT4T_FYu-LCZp30LaO5aVaB5M9hwJtYgjXOw
DECODED = Array
(
    [iss] => VibeMarket
    [iat] => 1763894280
    [exp] => 1764499080
    [sub] => 13
    [name] => dat vo
    [email] => datv89242@gmail.com
    [role] => user
)

RAW TOKEN = eyJ0eXAiOiJKV1QiLCJhbGciOiJIUzI1NiJ9.eyJpc3MiOiJWaWJlTWFya2V0IiwiaWF0IjoxNzYzODk0MjgwLCJleHAiOjE3NjQ0OTkwODAsInN1YiI6MTMsIm5hbWUiOiJkYXQgdm8iLCJlbWFpbCI6ImRhdHY4OTI0MkBnbWFpbC5jb20iLCJyb2xlIjoidXNlciJ9.JZIE_lMtT4T_FYu-LCZp30LaO5aVaB5M9hwJtYgjXOw
DECODED = Array
(
    [iss] => VibeMarket
    [iat] => 1763894280
    [exp] => 1764499080
    [sub] => 13
    [name] => dat vo
    [email] => datv89242@gmail.com
    [role] => user
)

RAW TOKEN = eyJ0eXAiOiJKV1QiLCJhbGciOiJIUzI1NiJ9.eyJpc3MiOiJWaWJlTWFya2V0IiwiaWF0IjoxNzYzODk0MjgwLCJleHAiOjE3NjQ0OTkwODAsInN1YiI6MTMsIm5hbWUiOiJkYXQgdm8iLCJlbWFpbCI6ImRhdHY4OTI0MkBnbWFpbC5jb20iLCJyb2xlIjoidXNlciJ9.JZIE_lMtT4T_FYu-LCZp30LaO5aVaB5M9hwJtYgjXOw
DECODED = Array
(
    [iss] => VibeMarket
    [iat] => 1763894280
    [exp] => 1764499080
    [sub] => 13
    [name] => dat vo
    [email] => datv89242@gmail.com
    [role] => user
)

RAW TOKEN = eyJ0eXAiOiJKV1QiLCJhbGciOiJIUzI1NiJ9.eyJpc3MiOiJWaWJlTWFya2V0IiwiaWF0IjoxNzYzODk0MjgwLCJleHAiOjE3NjQ0OTkwODAsInN1YiI6MTMsIm5hbWUiOiJkYXQgdm8iLCJlbWFpbCI6ImRhdHY4OTI0MkBnbWFpbC5jb20iLCJyb2xlIjoidXNlciJ9.JZIE_lMtT4T_FYu-LCZp30LaO5aVaB5M9hwJtYgjXOw
DECODED = Array
(
    [iss] => VibeMarket
    [iat] => 1763894280
    [exp] => 1764499080
    [sub] => 13
    [name] => dat vo
    [email] => datv89242@gmail.com
    [role] => user
)

RAW TOKEN = eyJ0eXAiOiJKV1QiLCJhbGciOiJIUzI1NiJ9.eyJpc3MiOiJWaWJlTWFya2V0IiwiaWF0IjoxNzYzODk0MjgwLCJleHAiOjE3NjQ0OTkwODAsInN1YiI6MTMsIm5hbWUiOiJkYXQgdm8iLCJlbWFpbCI6ImRhdHY4OTI0MkBnbWFpbC5jb20iLCJyb2xlIjoidXNlciJ9.JZIE_lMtT4T_FYu-LCZp30LaO5aVaB5M9hwJtYgjXOw
DECODED = Array
(
    [iss] => VibeMarket
    [iat] => 1763894280
    [exp] => 1764499080
    [sub] => 13
    [name] => dat vo
    [email] => datv89242@gmail.com
    [role] => user
)

RAW TOKEN = eyJ0eXAiOiJKV1QiLCJhbGciOiJIUzI1NiJ9.eyJpc3MiOiJWaWJlTWFya2V0IiwiaWF0IjoxNzYzODk0MjgwLCJleHAiOjE3NjQ0OTkwODAsInN1YiI6MTMsIm5hbWUiOiJkYXQgdm8iLCJlbWFpbCI6ImRhdHY4OTI0MkBnbWFpbC5jb20iLCJyb2xlIjoidXNlciJ9.JZIE_lMtT4T_FYu-LCZp30LaO5aVaB5M9hwJtYgjXOw
DECODED = Array
(
    [iss] => VibeMarket
    [iat] => 1763894280
    [exp] => 1764499080
    [sub] => 13
    [name] => dat vo
    [email] => datv89242@gmail.com
    [role] => user
)

RAW TOKEN = eyJ0eXAiOiJKV1QiLCJhbGciOiJIUzI1NiJ9.eyJpc3MiOiJWaWJlTWFya2V0IiwiaWF0IjoxNzYzODk0MjgwLCJleHAiOjE3NjQ0OTkwODAsInN1YiI6MTMsIm5hbWUiOiJkYXQgdm8iLCJlbWFpbCI6ImRhdHY4OTI0MkBnbWFpbC5jb20iLCJyb2xlIjoidXNlciJ9.JZIE_lMtT4T_FYu-LCZp30LaO5aVaB5M9hwJtYgjXOw
DECODED = Array
(
    [iss] => VibeMarket
    [iat] => 1763894280
    [exp] => 1764499080
    [sub] => 13
    [name] => dat vo
    [email] => datv89242@gmail.com
    [role] => user
)

RAW TOKEN = eyJ0eXAiOiJKV1QiLCJhbGciOiJIUzI1NiJ9.eyJpc3MiOiJWaWJlTWFya2V0IiwiaWF0IjoxNzYzODk0MjgwLCJleHAiOjE3NjQ0OTkwODAsInN1YiI6MTMsIm5hbWUiOiJkYXQgdm8iLCJlbWFpbCI6ImRhdHY4OTI0MkBnbWFpbC5jb20iLCJyb2xlIjoidXNlciJ9.JZIE_lMtT4T_FYu-LCZp30LaO5aVaB5M9hwJtYgjXOw
DECODED = Array
(
    [iss] => VibeMarket
    [iat] => 1763894280
    [exp] => 1764499080
    [sub] => 13
    [name] => dat vo
    [email] => datv89242@gmail.com
    [role] => user
)

RAW TOKEN = eyJ0eXAiOiJKV1QiLCJhbGciOiJIUzI1NiJ9.eyJpc3MiOiJWaWJlTWFya2V0IiwiaWF0IjoxNzYzODk0MjgwLCJleHAiOjE3NjQ0OTkwODAsInN1YiI6MTMsIm5hbWUiOiJkYXQgdm8iLCJlbWFpbCI6ImRhdHY4OTI0MkBnbWFpbC5jb20iLCJyb2xlIjoidXNlciJ9.JZIE_lMtT4T_FYu-LCZp30LaO5aVaB5M9hwJtYgjXOw
DECODED = Array
(
    [iss] => VibeMarket
    [iat] => 1763894280
    [exp] => 1764499080
    [sub] => 13
    [name] => dat vo
    [email] => datv89242@gmail.com
    [role] => user
)

RAW TOKEN = eyJ0eXAiOiJKV1QiLCJhbGciOiJIUzI1NiJ9.eyJpc3MiOiJWaWJlTWFya2V0IiwiaWF0IjoxNzYzODk0MjgwLCJleHAiOjE3NjQ0OTkwODAsInN1YiI6MTMsIm5hbWUiOiJkYXQgdm8iLCJlbWFpbCI6ImRhdHY4OTI0MkBnbWFpbC5jb20iLCJyb2xlIjoidXNlciJ9.JZIE_lMtT4T_FYu-LCZp30LaO5aVaB5M9hwJtYgjXOw
DECODED = Array
(
    [iss] => VibeMarket
    [iat] => 1763894280
    [exp] => 1764499080
    [sub] => 13
    [name] => dat vo
    [email] => datv89242@gmail.com
    [role] => user
)

RAW TOKEN = eyJ0eXAiOiJKV1QiLCJhbGciOiJIUzI1NiJ9.eyJpc3MiOiJWaWJlTWFya2V0IiwiaWF0IjoxNzYzODk0MjgwLCJleHAiOjE3NjQ0OTkwODAsInN1YiI6MTMsIm5hbWUiOiJkYXQgdm8iLCJlbWFpbCI6ImRhdHY4OTI0MkBnbWFpbC5jb20iLCJyb2xlIjoidXNlciJ9.JZIE_lMtT4T_FYu-LCZp30LaO5aVaB5M9hwJtYgjXOw
DECODED = Array
(
    [iss] => VibeMarket
    [iat] => 1763894280
    [exp] => 1764499080
    [sub] => 13
    [name] => dat vo
    [email] => datv89242@gmail.com
    [role] => user
)

RAW TOKEN = eyJ0eXAiOiJKV1QiLCJhbGciOiJIUzI1NiJ9.eyJpc3MiOiJWaWJlTWFya2V0IiwiaWF0IjoxNzYzODk0MjgwLCJleHAiOjE3NjQ0OTkwODAsInN1YiI6MTMsIm5hbWUiOiJkYXQgdm8iLCJlbWFpbCI6ImRhdHY4OTI0MkBnbWFpbC5jb20iLCJyb2xlIjoidXNlciJ9.JZIE_lMtT4T_FYu-LCZp30LaO5aVaB5M9hwJtYgjXOw
DECODED = Array
(
    [iss] => VibeMarket
    [iat] => 1763894280
    [exp] => 1764499080
    [sub] => 13
    [name] => dat vo
    [email] => datv89242@gmail.com
    [role] => user
)

RAW TOKEN = eyJ0eXAiOiJKV1QiLCJhbGciOiJIUzI1NiJ9.eyJpc3MiOiJWaWJlTWFya2V0IiwiaWF0IjoxNzYzODk0MjgwLCJleHAiOjE3NjQ0OTkwODAsInN1YiI6MTMsIm5hbWUiOiJkYXQgdm8iLCJlbWFpbCI6ImRhdHY4OTI0MkBnbWFpbC5jb20iLCJyb2xlIjoidXNlciJ9.JZIE_lMtT4T_FYu-LCZp30LaO5aVaB5M9hwJtYgjXOw
DECODED = Array
(
    [iss] => VibeMarket
    [iat] => 1763894280
    [exp] => 1764499080
    [sub] => 13
    [name] => dat vo
    [email] => datv89242@gmail.com
    [role] => user
)

RAW TOKEN = eyJ0eXAiOiJKV1QiLCJhbGciOiJIUzI1NiJ9.eyJpc3MiOiJWaWJlTWFya2V0IiwiaWF0IjoxNzYzODk0MjgwLCJleHAiOjE3NjQ0OTkwODAsInN1YiI6MTMsIm5hbWUiOiJkYXQgdm8iLCJlbWFpbCI6ImRhdHY4OTI0MkBnbWFpbC5jb20iLCJyb2xlIjoidXNlciJ9.JZIE_lMtT4T_FYu-LCZp30LaO5aVaB5M9hwJtYgjXOw
DECODED = Array
(
    [iss] => VibeMarket
    [iat] => 1763894280
    [exp] => 1764499080
    [sub] => 13
    [name] => dat vo
    [email] => datv89242@gmail.com
    [role] => user
)

RAW TOKEN = 
RAW TOKEN = eyJ0eXAiOiJKV1QiLCJhbGciOiJIUzI1NiJ9.eyJpc3MiOiJWaWJlTWFya2V0IiwiaWF0IjoxNzYzODk0MjgwLCJleHAiOjE3NjQ0OTkwODAsInN1YiI6MTMsIm5hbWUiOiJkYXQgdm8iLCJlbWFpbCI6ImRhdHY4OTI0MkBnbWFpbC5jb20iLCJyb2xlIjoidXNlciJ9.JZIE_lMtT4T_FYu-LCZp30LaO5aVaB5M9hwJtYgjXOw
DECODED = Array
(
    [iss] => VibeMarket
    [iat] => 1763894280
    [exp] => 1764499080
    [sub] => 13
    [name] => dat vo
    [email] => datv89242@gmail.com
    [role] => user
)

RAW TOKEN = 
RAW TOKEN = eyJ0eXAiOiJKV1QiLCJhbGciOiJIUzI1NiJ9.eyJpc3MiOiJWaWJlTWFya2V0IiwiaWF0IjoxNzYzODk0MjgwLCJleHAiOjE3NjQ0OTkwODAsInN1YiI6MTMsIm5hbWUiOiJkYXQgdm8iLCJlbWFpbCI6ImRhdHY4OTI0MkBnbWFpbC5jb20iLCJyb2xlIjoidXNlciJ9.JZIE_lMtT4T_FYu-LCZp30LaO5aVaB5M9hwJtYgjXOw
DECODED = Array
(
    [iss] => VibeMarket
    [iat] => 1763894280
    [exp] => 1764499080
    [sub] => 13
    [name] => dat vo
    [email] => datv89242@gmail.com
    [role] => user
)

RAW TOKEN = eyJ0eXAiOiJKV1QiLCJhbGciOiJIUzI1NiJ9.eyJpc3MiOiJWaWJlTWFya2V0IiwiaWF0IjoxNzYzODk0MjgwLCJleHAiOjE3NjQ0OTkwODAsInN1YiI6MTMsIm5hbWUiOiJkYXQgdm8iLCJlbWFpbCI6ImRhdHY4OTI0MkBnbWFpbC5jb20iLCJyb2xlIjoidXNlciJ9.JZIE_lMtT4T_FYu-LCZp30LaO5aVaB5M9hwJtYgjXOw
DECODED = Array
(
    [iss] => VibeMarket
    [iat] => 1763894280
    [exp] => 1764499080
    [sub] => 13
    [name] => dat vo
    [email] => datv89242@gmail.com
    [role] => user
)

RAW TOKEN = eyJ0eXAiOiJKV1QiLCJhbGciOiJIUzI1NiJ9.eyJpc3MiOiJWaWJlTWFya2V0IiwiaWF0IjoxNzYzODk0MjgwLCJleHAiOjE3NjQ0OTkwODAsInN1YiI6MTMsIm5hbWUiOiJkYXQgdm8iLCJlbWFpbCI6ImRhdHY4OTI0MkBnbWFpbC5jb20iLCJyb2xlIjoidXNlciJ9.JZIE_lMtT4T_FYu-LCZp30LaO5aVaB5M9hwJtYgjXOw
DECODED = Array
(
    [iss] => VibeMarket
    [iat] => 1763894280
    [exp] => 1764499080
    [sub] => 13
    [name] => dat vo
    [email] => datv89242@gmail.com
    [role] => user
)

RAW TOKEN = 
RAW TOKEN = eyJ0eXAiOiJKV1QiLCJhbGciOiJIUzI1NiJ9.eyJpc3MiOiJWaWJlTWFya2V0IiwiaWF0IjoxNzYzODk0MjgwLCJleHAiOjE3NjQ0OTkwODAsInN1YiI6MTMsIm5hbWUiOiJkYXQgdm8iLCJlbWFpbCI6ImRhdHY4OTI0MkBnbWFpbC5jb20iLCJyb2xlIjoidXNlciJ9.JZIE_lMtT4T_FYu-LCZp30LaO5aVaB5M9hwJtYgjXOw
DECODED = Array
(
    [iss] => VibeMarket
    [iat] => 1763894280
    [exp] => 1764499080
    [sub] => 13
    [name] => dat vo
    [email] => datv89242@gmail.com
    [role] => user
)

RAW TOKEN = 
RAW TOKEN = 
RAW TOKEN = 
RAW TOKEN = 
RAW TOKEN = 
RAW TOKEN = eyJ0eXAiOiJKV1QiLCJhbGciOiJIUzI1NiJ9.eyJpc3MiOiJWaWJlTWFya2V0IiwiaWF0IjoxNzYzODk0MjgwLCJleHAiOjE3NjQ0OTkwODAsInN1YiI6MTMsIm5hbWUiOiJkYXQgdm8iLCJlbWFpbCI6ImRhdHY4OTI0MkBnbWFpbC5jb20iLCJyb2xlIjoidXNlciJ9.JZIE_lMtT4T_FYu-LCZp30LaO5aVaB5M9hwJtYgjXOw
DECODED = Array
(
    [iss] => VibeMarket
    [iat] => 1763894280
    [exp] => 1764499080
    [sub] => 13
    [name] => dat vo
    [email] => datv89242@gmail.com
    [role] => user
)

RAW TOKEN = 
RAW TOKEN = eyJ0eXAiOiJKV1QiLCJhbGciOiJIUzI1NiJ9.eyJpc3MiOiJWaWJlTWFya2V0IiwiaWF0IjoxNzYzODk0MjgwLCJleHAiOjE3NjQ0OTkwODAsInN1YiI6MTMsIm5hbWUiOiJkYXQgdm8iLCJlbWFpbCI6ImRhdHY4OTI0MkBnbWFpbC5jb20iLCJyb2xlIjoidXNlciJ9.JZIE_lMtT4T_FYu-LCZp30LaO5aVaB5M9hwJtYgjXOw
DECODED = Array
(
    [iss] => VibeMarket
    [iat] => 1763894280
    [exp] => 1764499080
    [sub] => 13
    [name] => dat vo
    [email] => datv89242@gmail.com
    [role] => user
)

RAW TOKEN = eyJ0eXAiOiJKV1QiLCJhbGciOiJIUzI1NiJ9.eyJpc3MiOiJWaWJlTWFya2V0IiwiaWF0IjoxNzYzODk0MjgwLCJleHAiOjE3NjQ0OTkwODAsInN1YiI6MTMsIm5hbWUiOiJkYXQgdm8iLCJlbWFpbCI6ImRhdHY4OTI0MkBnbWFpbC5jb20iLCJyb2xlIjoidXNlciJ9.JZIE_lMtT4T_FYu-LCZp30LaO5aVaB5M9hwJtYgjXOw
DECODED = Array
(
    [iss] => VibeMarket
    [iat] => 1763894280
    [exp] => 1764499080
    [sub] => 13
    [name] => dat vo
    [email] => datv89242@gmail.com
    [role] => user
)

RAW TOKEN = 
RAW TOKEN = 
RAW TOKEN = 
RAW TOKEN = eyJ0eXAiOiJKV1QiLCJhbGciOiJIUzI1NiJ9.eyJpc3MiOiJWaWJlTWFya2V0IiwiaWF0IjoxNzYzODk0MjgwLCJleHAiOjE3NjQ0OTkwODAsInN1YiI6MTMsIm5hbWUiOiJkYXQgdm8iLCJlbWFpbCI6ImRhdHY4OTI0MkBnbWFpbC5jb20iLCJyb2xlIjoidXNlciJ9.JZIE_lMtT4T_FYu-LCZp30LaO5aVaB5M9hwJtYgjXOw
DECODED = Array
(
    [iss] => VibeMarket
    [iat] => 1763894280
    [exp] => 1764499080
    [sub] => 13
    [name] => dat vo
    [email] => datv89242@gmail.com
    [role] => user
)

RAW TOKEN = 
RAW TOKEN = eyJ0eXAiOiJKV1QiLCJhbGciOiJIUzI1NiJ9.eyJpc3MiOiJWaWJlTWFya2V0IiwiaWF0IjoxNzYzODk0MjgwLCJleHAiOjE3NjQ0OTkwODAsInN1YiI6MTMsIm5hbWUiOiJkYXQgdm8iLCJlbWFpbCI6ImRhdHY4OTI0MkBnbWFpbC5jb20iLCJyb2xlIjoidXNlciJ9.JZIE_lMtT4T_FYu-LCZp30LaO5aVaB5M9hwJtYgjXOw
DECODED = Array
(
    [iss] => VibeMarket
    [iat] => 1763894280
    [exp] => 1764499080
    [sub] => 13
    [name] => dat vo
    [email] => datv89242@gmail.com
    [role] => user
)

RAW TOKEN = 
RAW TOKEN = 
RAW TOKEN = 
RAW TOKEN = 
RAW TOKEN = 
RAW TOKEN = 
RAW TOKEN = 
RAW TOKEN = eyJ0eXAiOiJKV1QiLCJhbGciOiJIUzI1NiJ9.eyJpc3MiOiJWaWJlTWFya2V0IiwiaWF0IjoxNzYzODk0MjgwLCJleHAiOjE3NjQ0OTkwODAsInN1YiI6MTMsIm5hbWUiOiJkYXQgdm8iLCJlbWFpbCI6ImRhdHY4OTI0MkBnbWFpbC5jb20iLCJyb2xlIjoidXNlciJ9.JZIE_lMtT4T_FYu-LCZp30LaO5aVaB5M9hwJtYgjXOw
DECODED = Array
(
    [iss] => VibeMarket
    [iat] => 1763894280
    [exp] => 1764499080
    [sub] => 13
    [name] => dat vo
    [email] => datv89242@gmail.com
    [role] => user
)

RAW TOKEN = eyJ0eXAiOiJKV1QiLCJhbGciOiJIUzI1NiJ9.eyJpc3MiOiJWaWJlTWFya2V0IiwiaWF0IjoxNzYzODk0MjgwLCJleHAiOjE3NjQ0OTkwODAsInN1YiI6MTMsIm5hbWUiOiJkYXQgdm8iLCJlbWFpbCI6ImRhdHY4OTI0MkBnbWFpbC5jb20iLCJyb2xlIjoidXNlciJ9.JZIE_lMtT4T_FYu-LCZp30LaO5aVaB5M9hwJtYgjXOw
DECODED = Array
(
    [iss] => VibeMarket
    [iat] => 1763894280
    [exp] => 1764499080
    [sub] => 13
    [name] => dat vo
    [email] => datv89242@gmail.com
    [role] => user
)

RAW TOKEN = eyJ0eXAiOiJKV1QiLCJhbGciOiJIUzI1NiJ9.eyJpc3MiOiJWaWJlTWFya2V0IiwiaWF0IjoxNzYzODk0MjgwLCJleHAiOjE3NjQ0OTkwODAsInN1YiI6MTMsIm5hbWUiOiJkYXQgdm8iLCJlbWFpbCI6ImRhdHY4OTI0MkBnbWFpbC5jb20iLCJyb2xlIjoidXNlciJ9.JZIE_lMtT4T_FYu-LCZp30LaO5aVaB5M9hwJtYgjXOw
DECODED = Array
(
    [iss] => VibeMarket
    [iat] => 1763894280
    [exp] => 1764499080
    [sub] => 13
    [name] => dat vo
    [email] => datv89242@gmail.com
    [role] => user
)

RAW TOKEN = eyJ0eXAiOiJKV1QiLCJhbGciOiJIUzI1NiJ9.eyJpc3MiOiJWaWJlTWFya2V0IiwiaWF0IjoxNzYzODk0MjgwLCJleHAiOjE3NjQ0OTkwODAsInN1YiI6MTMsIm5hbWUiOiJkYXQgdm8iLCJlbWFpbCI6ImRhdHY4OTI0MkBnbWFpbC5jb20iLCJyb2xlIjoidXNlciJ9.JZIE_lMtT4T_FYu-LCZp30LaO5aVaB5M9hwJtYgjXOw
DECODED = Array
(
    [iss] => VibeMarket
    [iat] => 1763894280
    [exp] => 1764499080
    [sub] => 13
    [name] => dat vo
    [email] => datv89242@gmail.com
    [role] => user
)

RAW TOKEN = 
RAW TOKEN = eyJ0eXAiOiJKV1QiLCJhbGciOiJIUzI1NiJ9.eyJpc3MiOiJWaWJlTWFya2V0IiwiaWF0IjoxNzYzODk0MjgwLCJleHAiOjE3NjQ0OTkwODAsInN1YiI6MTMsIm5hbWUiOiJkYXQgdm8iLCJlbWFpbCI6ImRhdHY4OTI0MkBnbWFpbC5jb20iLCJyb2xlIjoidXNlciJ9.JZIE_lMtT4T_FYu-LCZp30LaO5aVaB5M9hwJtYgjXOw
DECODED = Array
(
    [iss] => VibeMarket
    [iat] => 1763894280
    [exp] => 1764499080
    [sub] => 13
    [name] => dat vo
    [email] => datv89242@gmail.com
    [role] => user
)

RAW TOKEN = 
RAW TOKEN = 
RAW TOKEN = eyJ0eXAiOiJKV1QiLCJhbGciOiJIUzI1NiJ9.eyJpc3MiOiJWaWJlTWFya2V0IiwiaWF0IjoxNzYzODk0MjgwLCJleHAiOjE3NjQ0OTkwODAsInN1YiI6MTMsIm5hbWUiOiJkYXQgdm8iLCJlbWFpbCI6ImRhdHY4OTI0MkBnbWFpbC5jb20iLCJyb2xlIjoidXNlciJ9.JZIE_lMtT4T_FYu-LCZp30LaO5aVaB5M9hwJtYgjXOw
DECODED = Array
(
    [iss] => VibeMarket
    [iat] => 1763894280
    [exp] => 1764499080
    [sub] => 13
    [name] => dat vo
    [email] => datv89242@gmail.com
    [role] => user
)

RAW TOKEN = 
RAW TOKEN = 
RAW TOKEN = 
RAW TOKEN = 
RAW TOKEN = 
RAW TOKEN = 
RAW TOKEN = 
RAW TOKEN = 
RAW TOKEN = 
RAW TOKEN = 
RAW TOKEN = eyJ0eXAiOiJKV1QiLCJhbGciOiJIUzI1NiJ9.eyJpc3MiOiJWaWJlTWFya2V0IiwiaWF0IjoxNzYzODk0MjgwLCJleHAiOjE3NjQ0OTkwODAsInN1YiI6MTMsIm5hbWUiOiJkYXQgdm8iLCJlbWFpbCI6ImRhdHY4OTI0MkBnbWFpbC5jb20iLCJyb2xlIjoidXNlciJ9.JZIE_lMtT4T_FYu-LCZp30LaO5aVaB5M9hwJtYgjXOw
DECODED = Array
(
    [iss] => VibeMarket
    [iat] => 1763894280
    [exp] => 1764499080
    [sub] => 13
    [name] => dat vo
    [email] => datv89242@gmail.com
    [role] => user
)

RAW TOKEN = eyJ0eXAiOiJKV1QiLCJhbGciOiJIUzI1NiJ9.eyJpc3MiOiJWaWJlTWFya2V0IiwiaWF0IjoxNzYzODk0MjgwLCJleHAiOjE3NjQ0OTkwODAsInN1YiI6MTMsIm5hbWUiOiJkYXQgdm8iLCJlbWFpbCI6ImRhdHY4OTI0MkBnbWFpbC5jb20iLCJyb2xlIjoidXNlciJ9.JZIE_lMtT4T_FYu-LCZp30LaO5aVaB5M9hwJtYgjXOw
DECODED = Array
(
    [iss] => VibeMarket
    [iat] => 1763894280
    [exp] => 1764499080
    [sub] => 13
    [name] => dat vo
    [email] => datv89242@gmail.com
    [role] => user
)

RAW TOKEN = eyJ0eXAiOiJKV1QiLCJhbGciOiJIUzI1NiJ9.eyJpc3MiOiJWaWJlTWFya2V0IiwiaWF0IjoxNzYzODk0MjgwLCJleHAiOjE3NjQ0OTkwODAsInN1YiI6MTMsIm5hbWUiOiJkYXQgdm8iLCJlbWFpbCI6ImRhdHY4OTI0MkBnbWFpbC5jb20iLCJyb2xlIjoidXNlciJ9.JZIE_lMtT4T_FYu-LCZp30LaO5aVaB5M9hwJtYgjXOw
DECODED = Array
(
    [iss] => VibeMarket
    [iat] => 1763894280
    [exp] => 1764499080
    [sub] => 13
    [name] => dat vo
    [email] => datv89242@gmail.com
    [role] => user
)

RAW TOKEN = eyJ0eXAiOiJKV1QiLCJhbGciOiJIUzI1NiJ9.eyJpc3MiOiJWaWJlTWFya2V0IiwiaWF0IjoxNzYzODk0MjgwLCJleHAiOjE3NjQ0OTkwODAsInN1YiI6MTMsIm5hbWUiOiJkYXQgdm8iLCJlbWFpbCI6ImRhdHY4OTI0MkBnbWFpbC5jb20iLCJyb2xlIjoidXNlciJ9.JZIE_lMtT4T_FYu-LCZp30LaO5aVaB5M9hwJtYgjXOw
DECODED = Array
(
    [iss] => VibeMarket
    [iat] => 1763894280
    [exp] => 1764499080
    [sub] => 13
    [name] => dat vo
    [email] => datv89242@gmail.com
    [role] => user
)

RAW TOKEN = eyJ0eXAiOiJKV1QiLCJhbGciOiJIUzI1NiJ9.eyJpc3MiOiJWaWJlTWFya2V0IiwiaWF0IjoxNzYzODk0MjgwLCJleHAiOjE3NjQ0OTkwODAsInN1YiI6MTMsIm5hbWUiOiJkYXQgdm8iLCJlbWFpbCI6ImRhdHY4OTI0MkBnbWFpbC5jb20iLCJyb2xlIjoidXNlciJ9.JZIE_lMtT4T_FYu-LCZp30LaO5aVaB5M9hwJtYgjXOw
DECODED = Array
(
    [iss] => VibeMarket
    [iat] => 1763894280
    [exp] => 1764499080
    [sub] => 13
    [name] => dat vo
    [email] => datv89242@gmail.com
    [role] => user
)

RAW TOKEN = eyJ0eXAiOiJKV1QiLCJhbGciOiJIUzI1NiJ9.eyJpc3MiOiJWaWJlTWFya2V0IiwiaWF0IjoxNzYzODk0MjgwLCJleHAiOjE3NjQ0OTkwODAsInN1YiI6MTMsIm5hbWUiOiJkYXQgdm8iLCJlbWFpbCI6ImRhdHY4OTI0MkBnbWFpbC5jb20iLCJyb2xlIjoidXNlciJ9.JZIE_lMtT4T_FYu-LCZp30LaO5aVaB5M9hwJtYgjXOw
DECODED = Array
(
    [iss] => VibeMarket
    [iat] => 1763894280
    [exp] => 1764499080
    [sub] => 13
    [name] => dat vo
    [email] => datv89242@gmail.com
    [role] => user
)

RAW TOKEN = eyJ0eXAiOiJKV1QiLCJhbGciOiJIUzI1NiJ9.eyJpc3MiOiJWaWJlTWFya2V0IiwiaWF0IjoxNzYzODk0MjgwLCJleHAiOjE3NjQ0OTkwODAsInN1YiI6MTMsIm5hbWUiOiJkYXQgdm8iLCJlbWFpbCI6ImRhdHY4OTI0MkBnbWFpbC5jb20iLCJyb2xlIjoidXNlciJ9.JZIE_lMtT4T_FYu-LCZp30LaO5aVaB5M9hwJtYgjXOw
DECODED = Array
(
    [iss] => VibeMarket
    [iat] => 1763894280
    [exp] => 1764499080
    [sub] => 13
    [name] => dat vo
    [email] => datv89242@gmail.com
    [role] => user
)

RAW TOKEN = eyJ0eXAiOiJKV1QiLCJhbGciOiJIUzI1NiJ9.eyJpc3MiOiJWaWJlTWFya2V0IiwiaWF0IjoxNzYzODk0MjgwLCJleHAiOjE3NjQ0OTkwODAsInN1YiI6MTMsIm5hbWUiOiJkYXQgdm8iLCJlbWFpbCI6ImRhdHY4OTI0MkBnbWFpbC5jb20iLCJyb2xlIjoidXNlciJ9.JZIE_lMtT4T_FYu-LCZp30LaO5aVaB5M9hwJtYgjXOw
DECODED = Array
(
    [iss] => VibeMarket
    [iat] => 1763894280
    [exp] => 1764499080
    [sub] => 13
    [name] => dat vo
    [email] => datv89242@gmail.com
    [role] => user
)

RAW TOKEN = eyJ0eXAiOiJKV1QiLCJhbGciOiJIUzI1NiJ9.eyJpc3MiOiJWaWJlTWFya2V0IiwiaWF0IjoxNzYzODk0MjgwLCJleHAiOjE3NjQ0OTkwODAsInN1YiI6MTMsIm5hbWUiOiJkYXQgdm8iLCJlbWFpbCI6ImRhdHY4OTI0MkBnbWFpbC5jb20iLCJyb2xlIjoidXNlciJ9.JZIE_lMtT4T_FYu-LCZp30LaO5aVaB5M9hwJtYgjXOw
DECODED = Array
(
    [iss] => VibeMarket
    [iat] => 1763894280
    [exp] => 1764499080
    [sub] => 13
    [name] => dat vo
    [email] => datv89242@gmail.com
    [role] => user
)

RAW TOKEN = eyJ0eXAiOiJKV1QiLCJhbGciOiJIUzI1NiJ9.eyJpc3MiOiJWaWJlTWFya2V0IiwiaWF0IjoxNzYzODk0MjgwLCJleHAiOjE3NjQ0OTkwODAsInN1YiI6MTMsIm5hbWUiOiJkYXQgdm8iLCJlbWFpbCI6ImRhdHY4OTI0MkBnbWFpbC5jb20iLCJyb2xlIjoidXNlciJ9.JZIE_lMtT4T_FYu-LCZp30LaO5aVaB5M9hwJtYgjXOw
DECODED = Array
(
    [iss] => VibeMarket
    [iat] => 1763894280
    [exp] => 1764499080
    [sub] => 13
    [name] => dat vo
    [email] => datv89242@gmail.com
    [role] => user
)

RAW TOKEN = eyJ0eXAiOiJKV1QiLCJhbGciOiJIUzI1NiJ9.eyJpc3MiOiJWaWJlTWFya2V0IiwiaWF0IjoxNzYzODk0MjgwLCJleHAiOjE3NjQ0OTkwODAsInN1YiI6MTMsIm5hbWUiOiJkYXQgdm8iLCJlbWFpbCI6ImRhdHY4OTI0MkBnbWFpbC5jb20iLCJyb2xlIjoidXNlciJ9.JZIE_lMtT4T_FYu-LCZp30LaO5aVaB5M9hwJtYgjXOw
DECODED = Array
(
    [iss] => VibeMarket
    [iat] => 1763894280
    [exp] => 1764499080
    [sub] => 13
    [name] => dat vo
    [email] => datv89242@gmail.com
    [role] => user
)

RAW TOKEN = eyJ0eXAiOiJKV1QiLCJhbGciOiJIUzI1NiJ9.eyJpc3MiOiJWaWJlTWFya2V0IiwiaWF0IjoxNzYzODk0MjgwLCJleHAiOjE3NjQ0OTkwODAsInN1YiI6MTMsIm5hbWUiOiJkYXQgdm8iLCJlbWFpbCI6ImRhdHY4OTI0MkBnbWFpbC5jb20iLCJyb2xlIjoidXNlciJ9.JZIE_lMtT4T_FYu-LCZp30LaO5aVaB5M9hwJtYgjXOw
DECODED = Array
(
    [iss] => VibeMarket
    [iat] => 1763894280
    [exp] => 1764499080
    [sub] => 13
    [name] => dat vo
    [email] => datv89242@gmail.com
    [role] => user
)

RAW TOKEN = eyJ0eXAiOiJKV1QiLCJhbGciOiJIUzI1NiJ9.eyJpc3MiOiJWaWJlTWFya2V0IiwiaWF0IjoxNzYzODk0MjgwLCJleHAiOjE3NjQ0OTkwODAsInN1YiI6MTMsIm5hbWUiOiJkYXQgdm8iLCJlbWFpbCI6ImRhdHY4OTI0MkBnbWFpbC5jb20iLCJyb2xlIjoidXNlciJ9.JZIE_lMtT4T_FYu-LCZp30LaO5aVaB5M9hwJtYgjXOw
DECODED = Array
(
    [iss] => VibeMarket
    [iat] => 1763894280
    [exp] => 1764499080
    [sub] => 13
    [name] => dat vo
    [email] => datv89242@gmail.com
    [role] => user
)

RAW TOKEN = eyJ0eXAiOiJKV1QiLCJhbGciOiJIUzI1NiJ9.eyJpc3MiOiJWaWJlTWFya2V0IiwiaWF0IjoxNzYzODk0MjgwLCJleHAiOjE3NjQ0OTkwODAsInN1YiI6MTMsIm5hbWUiOiJkYXQgdm8iLCJlbWFpbCI6ImRhdHY4OTI0MkBnbWFpbC5jb20iLCJyb2xlIjoidXNlciJ9.JZIE_lMtT4T_FYu-LCZp30LaO5aVaB5M9hwJtYgjXOw
DECODED = Array
(
    [iss] => VibeMarket
    [iat] => 1763894280
    [exp] => 1764499080
    [sub] => 13
    [name] => dat vo
    [email] => datv89242@gmail.com
    [role] => user
)

RAW TOKEN = eyJ0eXAiOiJKV1QiLCJhbGciOiJIUzI1NiJ9.eyJpc3MiOiJWaWJlTWFya2V0IiwiaWF0IjoxNzYzODk0MjgwLCJleHAiOjE3NjQ0OTkwODAsInN1YiI6MTMsIm5hbWUiOiJkYXQgdm8iLCJlbWFpbCI6ImRhdHY4OTI0MkBnbWFpbC5jb20iLCJyb2xlIjoidXNlciJ9.JZIE_lMtT4T_FYu-LCZp30LaO5aVaB5M9hwJtYgjXOw
DECODED = Array
(
    [iss] => VibeMarket
    [iat] => 1763894280
    [exp] => 1764499080
    [sub] => 13
    [name] => dat vo
    [email] => datv89242@gmail.com
    [role] => user
)

RAW TOKEN = eyJ0eXAiOiJKV1QiLCJhbGciOiJIUzI1NiJ9.eyJpc3MiOiJWaWJlTWFya2V0IiwiaWF0IjoxNzYzODk0MjgwLCJleHAiOjE3NjQ0OTkwODAsInN1YiI6MTMsIm5hbWUiOiJkYXQgdm8iLCJlbWFpbCI6ImRhdHY4OTI0MkBnbWFpbC5jb20iLCJyb2xlIjoidXNlciJ9.JZIE_lMtT4T_FYu-LCZp30LaO5aVaB5M9hwJtYgjXOw
DECODED = Array
(
    [iss] => VibeMarket
    [iat] => 1763894280
    [exp] => 1764499080
    [sub] => 13
    [name] => dat vo
    [email] => datv89242@gmail.com
    [role] => user
)

RAW TOKEN = eyJ0eXAiOiJKV1QiLCJhbGciOiJIUzI1NiJ9.eyJpc3MiOiJWaWJlTWFya2V0IiwiaWF0IjoxNzYzODk0MjgwLCJleHAiOjE3NjQ0OTkwODAsInN1YiI6MTMsIm5hbWUiOiJkYXQgdm8iLCJlbWFpbCI6ImRhdHY4OTI0MkBnbWFpbC5jb20iLCJyb2xlIjoidXNlciJ9.JZIE_lMtT4T_FYu-LCZp30LaO5aVaB5M9hwJtYgjXOw
DECODED = Array
(
    [iss] => VibeMarket
    [iat] => 1763894280
    [exp] => 1764499080
    [sub] => 13
    [name] => dat vo
    [email] => datv89242@gmail.com
    [role] => user
)

RAW TOKEN = eyJ0eXAiOiJKV1QiLCJhbGciOiJIUzI1NiJ9.eyJpc3MiOiJWaWJlTWFya2V0IiwiaWF0IjoxNzYzODk0MjgwLCJleHAiOjE3NjQ0OTkwODAsInN1YiI6MTMsIm5hbWUiOiJkYXQgdm8iLCJlbWFpbCI6ImRhdHY4OTI0MkBnbWFpbC5jb20iLCJyb2xlIjoidXNlciJ9.JZIE_lMtT4T_FYu-LCZp30LaO5aVaB5M9hwJtYgjXOw
DECODED = Array
(
    [iss] => VibeMarket
    [iat] => 1763894280
    [exp] => 1764499080
    [sub] => 13
    [name] => dat vo
    [email] => datv89242@gmail.com
    [role] => user
)

RAW TOKEN = eyJ0eXAiOiJKV1QiLCJhbGciOiJIUzI1NiJ9.eyJpc3MiOiJWaWJlTWFya2V0IiwiaWF0IjoxNzYzODk0MjgwLCJleHAiOjE3NjQ0OTkwODAsInN1YiI6MTMsIm5hbWUiOiJkYXQgdm8iLCJlbWFpbCI6ImRhdHY4OTI0MkBnbWFpbC5jb20iLCJyb2xlIjoidXNlciJ9.JZIE_lMtT4T_FYu-LCZp30LaO5aVaB5M9hwJtYgjXOw
DECODED = Array
(
    [iss] => VibeMarket
    [iat] => 1763894280
    [exp] => 1764499080
    [sub] => 13
    [name] => dat vo
    [email] => datv89242@gmail.com
    [role] => user
)

RAW TOKEN = eyJ0eXAiOiJKV1QiLCJhbGciOiJIUzI1NiJ9.eyJpc3MiOiJWaWJlTWFya2V0IiwiaWF0IjoxNzYzODk0MjgwLCJleHAiOjE3NjQ0OTkwODAsInN1YiI6MTMsIm5hbWUiOiJkYXQgdm8iLCJlbWFpbCI6ImRhdHY4OTI0MkBnbWFpbC5jb20iLCJyb2xlIjoidXNlciJ9.JZIE_lMtT4T_FYu-LCZp30LaO5aVaB5M9hwJtYgjXOw
DECODED = Array
(
    [iss] => VibeMarket
    [iat] => 1763894280
    [exp] => 1764499080
    [sub] => 13
    [name] => dat vo
    [email] => datv89242@gmail.com
    [role] => user
)

RAW TOKEN = eyJ0eXAiOiJKV1QiLCJhbGciOiJIUzI1NiJ9.eyJpc3MiOiJWaWJlTWFya2V0IiwiaWF0IjoxNzYzODk0MjgwLCJleHAiOjE3NjQ0OTkwODAsInN1YiI6MTMsIm5hbWUiOiJkYXQgdm8iLCJlbWFpbCI6ImRhdHY4OTI0MkBnbWFpbC5jb20iLCJyb2xlIjoidXNlciJ9.JZIE_lMtT4T_FYu-LCZp30LaO5aVaB5M9hwJtYgjXOw
DECODED = Array
(
    [iss] => VibeMarket
    [iat] => 1763894280
    [exp] => 1764499080
    [sub] => 13
    [name] => dat vo
    [email] => datv89242@gmail.com
    [role] => user
)

RAW TOKEN = eyJ0eXAiOiJKV1QiLCJhbGciOiJIUzI1NiJ9.eyJpc3MiOiJWaWJlTWFya2V0IiwiaWF0IjoxNzYzODk0MjgwLCJleHAiOjE3NjQ0OTkwODAsInN1YiI6MTMsIm5hbWUiOiJkYXQgdm8iLCJlbWFpbCI6ImRhdHY4OTI0MkBnbWFpbC5jb20iLCJyb2xlIjoidXNlciJ9.JZIE_lMtT4T_FYu-LCZp30LaO5aVaB5M9hwJtYgjXOw
DECODED = Array
(
    [iss] => VibeMarket
    [iat] => 1763894280
    [exp] => 1764499080
    [sub] => 13
    [name] => dat vo
    [email] => datv89242@gmail.com
    [role] => user
)

RAW TOKEN = eyJ0eXAiOiJKV1QiLCJhbGciOiJIUzI1NiJ9.eyJpc3MiOiJWaWJlTWFya2V0IiwiaWF0IjoxNzYzODk0MjgwLCJleHAiOjE3NjQ0OTkwODAsInN1YiI6MTMsIm5hbWUiOiJkYXQgdm8iLCJlbWFpbCI6ImRhdHY4OTI0MkBnbWFpbC5jb20iLCJyb2xlIjoidXNlciJ9.JZIE_lMtT4T_FYu-LCZp30LaO5aVaB5M9hwJtYgjXOw
DECODED = Array
(
    [iss] => VibeMarket
    [iat] => 1763894280
    [exp] => 1764499080
    [sub] => 13
    [name] => dat vo
    [email] => datv89242@gmail.com
    [role] => user
)

RAW TOKEN = eyJ0eXAiOiJKV1QiLCJhbGciOiJIUzI1NiJ9.eyJpc3MiOiJWaWJlTWFya2V0IiwiaWF0IjoxNzYzODk0MjgwLCJleHAiOjE3NjQ0OTkwODAsInN1YiI6MTMsIm5hbWUiOiJkYXQgdm8iLCJlbWFpbCI6ImRhdHY4OTI0MkBnbWFpbC5jb20iLCJyb2xlIjoidXNlciJ9.JZIE_lMtT4T_FYu-LCZp30LaO5aVaB5M9hwJtYgjXOw
DECODED = Array
(
    [iss] => VibeMarket
    [iat] => 1763894280
    [exp] => 1764499080
    [sub] => 13
    [name] => dat vo
    [email] => datv89242@gmail.com
    [role] => user
)

RAW TOKEN = eyJ0eXAiOiJKV1QiLCJhbGciOiJIUzI1NiJ9.eyJpc3MiOiJWaWJlTWFya2V0IiwiaWF0IjoxNzYzODk0MjgwLCJleHAiOjE3NjQ0OTkwODAsInN1YiI6MTMsIm5hbWUiOiJkYXQgdm8iLCJlbWFpbCI6ImRhdHY4OTI0MkBnbWFpbC5jb20iLCJyb2xlIjoidXNlciJ9.JZIE_lMtT4T_FYu-LCZp30LaO5aVaB5M9hwJtYgjXOw
DECODED = Array
(
    [iss] => VibeMarket
    [iat] => 1763894280
    [exp] => 1764499080
    [sub] => 13
    [name] => dat vo
    [email] => datv89242@gmail.com
    [role] => user
)

RAW TOKEN = eyJ0eXAiOiJKV1QiLCJhbGciOiJIUzI1NiJ9.eyJpc3MiOiJWaWJlTWFya2V0IiwiaWF0IjoxNzYzODk0MjgwLCJleHAiOjE3NjQ0OTkwODAsInN1YiI6MTMsIm5hbWUiOiJkYXQgdm8iLCJlbWFpbCI6ImRhdHY4OTI0MkBnbWFpbC5jb20iLCJyb2xlIjoidXNlciJ9.JZIE_lMtT4T_FYu-LCZp30LaO5aVaB5M9hwJtYgjXOw
DECODED = Array
(
    [iss] => VibeMarket
    [iat] => 1763894280
    [exp] => 1764499080
    [sub] => 13
    [name] => dat vo
    [email] => datv89242@gmail.com
    [role] => user
)

RAW TOKEN = eyJ0eXAiOiJKV1QiLCJhbGciOiJIUzI1NiJ9.eyJpc3MiOiJWaWJlTWFya2V0IiwiaWF0IjoxNzYzODk0MjgwLCJleHAiOjE3NjQ0OTkwODAsInN1YiI6MTMsIm5hbWUiOiJkYXQgdm8iLCJlbWFpbCI6ImRhdHY4OTI0MkBnbWFpbC5jb20iLCJyb2xlIjoidXNlciJ9.JZIE_lMtT4T_FYu-LCZp30LaO5aVaB5M9hwJtYgjXOw
DECODED = Array
(
    [iss] => VibeMarket
    [iat] => 1763894280
    [exp] => 1764499080
    [sub] => 13
    [name] => dat vo
    [email] => datv89242@gmail.com
    [role] => user
)

RAW TOKEN = eyJ0eXAiOiJKV1QiLCJhbGciOiJIUzI1NiJ9.eyJpc3MiOiJWaWJlTWFya2V0IiwiaWF0IjoxNzYzODk0MjgwLCJleHAiOjE3NjQ0OTkwODAsInN1YiI6MTMsIm5hbWUiOiJkYXQgdm8iLCJlbWFpbCI6ImRhdHY4OTI0MkBnbWFpbC5jb20iLCJyb2xlIjoidXNlciJ9.JZIE_lMtT4T_FYu-LCZp30LaO5aVaB5M9hwJtYgjXOw
DECODED = Array
(
    [iss] => VibeMarket
    [iat] => 1763894280
    [exp] => 1764499080
    [sub] => 13
    [name] => dat vo
    [email] => datv89242@gmail.com
    [role] => user
)

RAW TOKEN = eyJ0eXAiOiJKV1QiLCJhbGciOiJIUzI1NiJ9.eyJpc3MiOiJWaWJlTWFya2V0IiwiaWF0IjoxNzYzODk0MjgwLCJleHAiOjE3NjQ0OTkwODAsInN1YiI6MTMsIm5hbWUiOiJkYXQgdm8iLCJlbWFpbCI6ImRhdHY4OTI0MkBnbWFpbC5jb20iLCJyb2xlIjoidXNlciJ9.JZIE_lMtT4T_FYu-LCZp30LaO5aVaB5M9hwJtYgjXOw
DECODED = Array
(
    [iss] => VibeMarket
    [iat] => 1763894280
    [exp] => 1764499080
    [sub] => 13
    [name] => dat vo
    [email] => datv89242@gmail.com
    [role] => user
)

RAW TOKEN = eyJ0eXAiOiJKV1QiLCJhbGciOiJIUzI1NiJ9.eyJpc3MiOiJWaWJlTWFya2V0IiwiaWF0IjoxNzYzODk0MjgwLCJleHAiOjE3NjQ0OTkwODAsInN1YiI6MTMsIm5hbWUiOiJkYXQgdm8iLCJlbWFpbCI6ImRhdHY4OTI0MkBnbWFpbC5jb20iLCJyb2xlIjoidXNlciJ9.JZIE_lMtT4T_FYu-LCZp30LaO5aVaB5M9hwJtYgjXOw
DECODED = Array
(
    [iss] => VibeMarket
    [iat] => 1763894280
    [exp] => 1764499080
    [sub] => 13
    [name] => dat vo
    [email] => datv89242@gmail.com
    [role] => user
)

RAW TOKEN = eyJ0eXAiOiJKV1QiLCJhbGciOiJIUzI1NiJ9.eyJpc3MiOiJWaWJlTWFya2V0IiwiaWF0IjoxNzYzODk0MjgwLCJleHAiOjE3NjQ0OTkwODAsInN1YiI6MTMsIm5hbWUiOiJkYXQgdm8iLCJlbWFpbCI6ImRhdHY4OTI0MkBnbWFpbC5jb20iLCJyb2xlIjoidXNlciJ9.JZIE_lMtT4T_FYu-LCZp30LaO5aVaB5M9hwJtYgjXOw
DECODED = Array
(
    [iss] => VibeMarket
    [iat] => 1763894280
    [exp] => 1764499080
    [sub] => 13
    [name] => dat vo
    [email] => datv89242@gmail.com
    [role] => user
)

RAW TOKEN = eyJ0eXAiOiJKV1QiLCJhbGciOiJIUzI1NiJ9.eyJpc3MiOiJWaWJlTWFya2V0IiwiaWF0IjoxNzYzODk0MjgwLCJleHAiOjE3NjQ0OTkwODAsInN1YiI6MTMsIm5hbWUiOiJkYXQgdm8iLCJlbWFpbCI6ImRhdHY4OTI0MkBnbWFpbC5jb20iLCJyb2xlIjoidXNlciJ9.JZIE_lMtT4T_FYu-LCZp30LaO5aVaB5M9hwJtYgjXOw
DECODED = Array
(
    [iss] => VibeMarket
    [iat] => 1763894280
    [exp] => 1764499080
    [sub] => 13
    [name] => dat vo
    [email] => datv89242@gmail.com
    [role] => user
)

RAW TOKEN = eyJ0eXAiOiJKV1QiLCJhbGciOiJIUzI1NiJ9.eyJpc3MiOiJWaWJlTWFya2V0IiwiaWF0IjoxNzYzODk0MjgwLCJleHAiOjE3NjQ0OTkwODAsInN1YiI6MTMsIm5hbWUiOiJkYXQgdm8iLCJlbWFpbCI6ImRhdHY4OTI0MkBnbWFpbC5jb20iLCJyb2xlIjoidXNlciJ9.JZIE_lMtT4T_FYu-LCZp30LaO5aVaB5M9hwJtYgjXOw
DECODED = Array
(
    [iss] => VibeMarket
    [iat] => 1763894280
    [exp] => 1764499080
    [sub] => 13
    [name] => dat vo
    [email] => datv89242@gmail.com
    [role] => user
)

RAW TOKEN = eyJ0eXAiOiJKV1QiLCJhbGciOiJIUzI1NiJ9.eyJpc3MiOiJWaWJlTWFya2V0IiwiaWF0IjoxNzYzODk0MjgwLCJleHAiOjE3NjQ0OTkwODAsInN1YiI6MTMsIm5hbWUiOiJkYXQgdm8iLCJlbWFpbCI6ImRhdHY4OTI0MkBnbWFpbC5jb20iLCJyb2xlIjoidXNlciJ9.JZIE_lMtT4T_FYu-LCZp30LaO5aVaB5M9hwJtYgjXOw
DECODED = Array
(
    [iss] => VibeMarket
    [iat] => 1763894280
    [exp] => 1764499080
    [sub] => 13
    [name] => dat vo
    [email] => datv89242@gmail.com
    [role] => user
)

RAW TOKEN = eyJ0eXAiOiJKV1QiLCJhbGciOiJIUzI1NiJ9.eyJpc3MiOiJWaWJlTWFya2V0IiwiaWF0IjoxNzYzODk0MjgwLCJleHAiOjE3NjQ0OTkwODAsInN1YiI6MTMsIm5hbWUiOiJkYXQgdm8iLCJlbWFpbCI6ImRhdHY4OTI0MkBnbWFpbC5jb20iLCJyb2xlIjoidXNlciJ9.JZIE_lMtT4T_FYu-LCZp30LaO5aVaB5M9hwJtYgjXOw
DECODED = Array
(
    [iss] => VibeMarket
    [iat] => 1763894280
    [exp] => 1764499080
    [sub] => 13
    [name] => dat vo
    [email] => datv89242@gmail.com
    [role] => user
)

RAW TOKEN = eyJ0eXAiOiJKV1QiLCJhbGciOiJIUzI1NiJ9.eyJpc3MiOiJWaWJlTWFya2V0IiwiaWF0IjoxNzYzODk0MjgwLCJleHAiOjE3NjQ0OTkwODAsInN1YiI6MTMsIm5hbWUiOiJkYXQgdm8iLCJlbWFpbCI6ImRhdHY4OTI0MkBnbWFpbC5jb20iLCJyb2xlIjoidXNlciJ9.JZIE_lMtT4T_FYu-LCZp30LaO5aVaB5M9hwJtYgjXOw
DECODED = Array
(
    [iss] => VibeMarket
    [iat] => 1763894280
    [exp] => 1764499080
    [sub] => 13
    [name] => dat vo
    [email] => datv89242@gmail.com
    [role] => user
)

RAW TOKEN = eyJ0eXAiOiJKV1QiLCJhbGciOiJIUzI1NiJ9.eyJpc3MiOiJWaWJlTWFya2V0IiwiaWF0IjoxNzYzODk0MjgwLCJleHAiOjE3NjQ0OTkwODAsInN1YiI6MTMsIm5hbWUiOiJkYXQgdm8iLCJlbWFpbCI6ImRhdHY4OTI0MkBnbWFpbC5jb20iLCJyb2xlIjoidXNlciJ9.JZIE_lMtT4T_FYu-LCZp30LaO5aVaB5M9hwJtYgjXOw
DECODED = Array
(
    [iss] => VibeMarket
    [iat] => 1763894280
    [exp] => 1764499080
    [sub] => 13
    [name] => dat vo
    [email] => datv89242@gmail.com
    [role] => user
)

RAW TOKEN = eyJ0eXAiOiJKV1QiLCJhbGciOiJIUzI1NiJ9.eyJpc3MiOiJWaWJlTWFya2V0IiwiaWF0IjoxNzYzODk0MjgwLCJleHAiOjE3NjQ0OTkwODAsInN1YiI6MTMsIm5hbWUiOiJkYXQgdm8iLCJlbWFpbCI6ImRhdHY4OTI0MkBnbWFpbC5jb20iLCJyb2xlIjoidXNlciJ9.JZIE_lMtT4T_FYu-LCZp30LaO5aVaB5M9hwJtYgjXOw
DECODED = Array
(
    [iss] => VibeMarket
    [iat] => 1763894280
    [exp] => 1764499080
    [sub] => 13
    [name] => dat vo
    [email] => datv89242@gmail.com
    [role] => user
)

RAW TOKEN = eyJ0eXAiOiJKV1QiLCJhbGciOiJIUzI1NiJ9.eyJpc3MiOiJWaWJlTWFya2V0IiwiaWF0IjoxNzYzODk0MjgwLCJleHAiOjE3NjQ0OTkwODAsInN1YiI6MTMsIm5hbWUiOiJkYXQgdm8iLCJlbWFpbCI6ImRhdHY4OTI0MkBnbWFpbC5jb20iLCJyb2xlIjoidXNlciJ9.JZIE_lMtT4T_FYu-LCZp30LaO5aVaB5M9hwJtYgjXOw
DECODED = Array
(
    [iss] => VibeMarket
    [iat] => 1763894280
    [exp] => 1764499080
    [sub] => 13
    [name] => dat vo
    [email] => datv89242@gmail.com
    [role] => user
)

RAW TOKEN = eyJ0eXAiOiJKV1QiLCJhbGciOiJIUzI1NiJ9.eyJpc3MiOiJWaWJlTWFya2V0IiwiaWF0IjoxNzYzODk0MjgwLCJleHAiOjE3NjQ0OTkwODAsInN1YiI6MTMsIm5hbWUiOiJkYXQgdm8iLCJlbWFpbCI6ImRhdHY4OTI0MkBnbWFpbC5jb20iLCJyb2xlIjoidXNlciJ9.JZIE_lMtT4T_FYu-LCZp30LaO5aVaB5M9hwJtYgjXOw
DECODED = Array
(
    [iss] => VibeMarket
    [iat] => 1763894280
    [exp] => 1764499080
    [sub] => 13
    [name] => dat vo
    [email] => datv89242@gmail.com
    [role] => user
)

RAW TOKEN = eyJ0eXAiOiJKV1QiLCJhbGciOiJIUzI1NiJ9.eyJpc3MiOiJWaWJlTWFya2V0IiwiaWF0IjoxNzYzODk0MjgwLCJleHAiOjE3NjQ0OTkwODAsInN1YiI6MTMsIm5hbWUiOiJkYXQgdm8iLCJlbWFpbCI6ImRhdHY4OTI0MkBnbWFpbC5jb20iLCJyb2xlIjoidXNlciJ9.JZIE_lMtT4T_FYu-LCZp30LaO5aVaB5M9hwJtYgjXOw
DECODED = Array
(
    [iss] => VibeMarket
    [iat] => 1763894280
    [exp] => 1764499080
    [sub] => 13
    [name] => dat vo
    [email] => datv89242@gmail.com
    [role] => user
)

RAW TOKEN = eyJ0eXAiOiJKV1QiLCJhbGciOiJIUzI1NiJ9.eyJpc3MiOiJWaWJlTWFya2V0IiwiaWF0IjoxNzYzODk0MjgwLCJleHAiOjE3NjQ0OTkwODAsInN1YiI6MTMsIm5hbWUiOiJkYXQgdm8iLCJlbWFpbCI6ImRhdHY4OTI0MkBnbWFpbC5jb20iLCJyb2xlIjoidXNlciJ9.JZIE_lMtT4T_FYu-LCZp30LaO5aVaB5M9hwJtYgjXOw
DECODED = Array
(
    [iss] => VibeMarket
    [iat] => 1763894280
    [exp] => 1764499080
    [sub] => 13
    [name] => dat vo
    [email] => datv89242@gmail.com
    [role] => user
)

RAW TOKEN = eyJ0eXAiOiJKV1QiLCJhbGciOiJIUzI1NiJ9.eyJpc3MiOiJWaWJlTWFya2V0IiwiaWF0IjoxNzYzODk0MjgwLCJleHAiOjE3NjQ0OTkwODAsInN1YiI6MTMsIm5hbWUiOiJkYXQgdm8iLCJlbWFpbCI6ImRhdHY4OTI0MkBnbWFpbC5jb20iLCJyb2xlIjoidXNlciJ9.JZIE_lMtT4T_FYu-LCZp30LaO5aVaB5M9hwJtYgjXOw
DECODED = Array
(
    [iss] => VibeMarket
    [iat] => 1763894280
    [exp] => 1764499080
    [sub] => 13
    [name] => dat vo
    [email] => datv89242@gmail.com
    [role] => user
)

RAW TOKEN = eyJ0eXAiOiJKV1QiLCJhbGciOiJIUzI1NiJ9.eyJpc3MiOiJWaWJlTWFya2V0IiwiaWF0IjoxNzYzODk0MjgwLCJleHAiOjE3NjQ0OTkwODAsInN1YiI6MTMsIm5hbWUiOiJkYXQgdm8iLCJlbWFpbCI6ImRhdHY4OTI0MkBnbWFpbC5jb20iLCJyb2xlIjoidXNlciJ9.JZIE_lMtT4T_FYu-LCZp30LaO5aVaB5M9hwJtYgjXOw
DECODED = Array
(
    [iss] => VibeMarket
    [iat] => 1763894280
    [exp] => 1764499080
    [sub] => 13
    [name] => dat vo
    [email] => datv89242@gmail.com
    [role] => user
)

RAW TOKEN = eyJ0eXAiOiJKV1QiLCJhbGciOiJIUzI1NiJ9.eyJpc3MiOiJWaWJlTWFya2V0IiwiaWF0IjoxNzYzODk0MjgwLCJleHAiOjE3NjQ0OTkwODAsInN1YiI6MTMsIm5hbWUiOiJkYXQgdm8iLCJlbWFpbCI6ImRhdHY4OTI0MkBnbWFpbC5jb20iLCJyb2xlIjoidXNlciJ9.JZIE_lMtT4T_FYu-LCZp30LaO5aVaB5M9hwJtYgjXOw
DECODED = Array
(
    [iss] => VibeMarket
    [iat] => 1763894280
    [exp] => 1764499080
    [sub] => 13
    [name] => dat vo
    [email] => datv89242@gmail.com
    [role] => user
)

RAW TOKEN = eyJ0eXAiOiJKV1QiLCJhbGciOiJIUzI1NiJ9.eyJpc3MiOiJWaWJlTWFya2V0IiwiaWF0IjoxNzYzODk0MjgwLCJleHAiOjE3NjQ0OTkwODAsInN1YiI6MTMsIm5hbWUiOiJkYXQgdm8iLCJlbWFpbCI6ImRhdHY4OTI0MkBnbWFpbC5jb20iLCJyb2xlIjoidXNlciJ9.JZIE_lMtT4T_FYu-LCZp30LaO5aVaB5M9hwJtYgjXOw
DECODED = Array
(
    [iss] => VibeMarket
    [iat] => 1763894280
    [exp] => 1764499080
    [sub] => 13
    [name] => dat vo
    [email] => datv89242@gmail.com
    [role] => user
)

RAW TOKEN = eyJ0eXAiOiJKV1QiLCJhbGciOiJIUzI1NiJ9.eyJpc3MiOiJWaWJlTWFya2V0IiwiaWF0IjoxNzYzODk0MjgwLCJleHAiOjE3NjQ0OTkwODAsInN1YiI6MTMsIm5hbWUiOiJkYXQgdm8iLCJlbWFpbCI6ImRhdHY4OTI0MkBnbWFpbC5jb20iLCJyb2xlIjoidXNlciJ9.JZIE_lMtT4T_FYu-LCZp30LaO5aVaB5M9hwJtYgjXOw
DECODED = Array
(
    [iss] => VibeMarket
    [iat] => 1763894280
    [exp] => 1764499080
    [sub] => 13
    [name] => dat vo
    [email] => datv89242@gmail.com
    [role] => user
)

RAW TOKEN = eyJ0eXAiOiJKV1QiLCJhbGciOiJIUzI1NiJ9.eyJpc3MiOiJWaWJlTWFya2V0IiwiaWF0IjoxNzYzODk0MjgwLCJleHAiOjE3NjQ0OTkwODAsInN1YiI6MTMsIm5hbWUiOiJkYXQgdm8iLCJlbWFpbCI6ImRhdHY4OTI0MkBnbWFpbC5jb20iLCJyb2xlIjoidXNlciJ9.JZIE_lMtT4T_FYu-LCZp30LaO5aVaB5M9hwJtYgjXOw
DECODED = Array
(
    [iss] => VibeMarket
    [iat] => 1763894280
    [exp] => 1764499080
    [sub] => 13
    [name] => dat vo
    [email] => datv89242@gmail.com
    [role] => user
)

RAW TOKEN = eyJ0eXAiOiJKV1QiLCJhbGciOiJIUzI1NiJ9.eyJpc3MiOiJWaWJlTWFya2V0IiwiaWF0IjoxNzYzODk0MjgwLCJleHAiOjE3NjQ0OTkwODAsInN1YiI6MTMsIm5hbWUiOiJkYXQgdm8iLCJlbWFpbCI6ImRhdHY4OTI0MkBnbWFpbC5jb20iLCJyb2xlIjoidXNlciJ9.JZIE_lMtT4T_FYu-LCZp30LaO5aVaB5M9hwJtYgjXOw
DECODED = Array
(
    [iss] => VibeMarket
    [iat] => 1763894280
    [exp] => 1764499080
    [sub] => 13
    [name] => dat vo
    [email] => datv89242@gmail.com
    [role] => user
)

RAW TOKEN = eyJ0eXAiOiJKV1QiLCJhbGciOiJIUzI1NiJ9.eyJpc3MiOiJWaWJlTWFya2V0IiwiaWF0IjoxNzYzODk0MjgwLCJleHAiOjE3NjQ0OTkwODAsInN1YiI6MTMsIm5hbWUiOiJkYXQgdm8iLCJlbWFpbCI6ImRhdHY4OTI0MkBnbWFpbC5jb20iLCJyb2xlIjoidXNlciJ9.JZIE_lMtT4T_FYu-LCZp30LaO5aVaB5M9hwJtYgjXOw
DECODED = Array
(
    [iss] => VibeMarket
    [iat] => 1763894280
    [exp] => 1764499080
    [sub] => 13
    [name] => dat vo
    [email] => datv89242@gmail.com
    [role] => user
)

RAW TOKEN = eyJ0eXAiOiJKV1QiLCJhbGciOiJIUzI1NiJ9.eyJpc3MiOiJWaWJlTWFya2V0IiwiaWF0IjoxNzYzODk0MjgwLCJleHAiOjE3NjQ0OTkwODAsInN1YiI6MTMsIm5hbWUiOiJkYXQgdm8iLCJlbWFpbCI6ImRhdHY4OTI0MkBnbWFpbC5jb20iLCJyb2xlIjoidXNlciJ9.JZIE_lMtT4T_FYu-LCZp30LaO5aVaB5M9hwJtYgjXOw
DECODED = Array
(
    [iss] => VibeMarket
    [iat] => 1763894280
    [exp] => 1764499080
    [sub] => 13
    [name] => dat vo
    [email] => datv89242@gmail.com
    [role] => user
)

RAW TOKEN = eyJ0eXAiOiJKV1QiLCJhbGciOiJIUzI1NiJ9.eyJzdWIiOjEsIm5hbWUiOiJOZ3V5XHUxZWM1biBLXHUxZWYzIFZcdTFlZjkiLCJlbWFpbCI6InZ5bmd1eWVuMTJAZ21haWwuY29tIiwicm9sZSI6InVzZXIiLCJpYXQiOjE3NjQyOTY5NTksImV4cCI6MTc2NDkwMTc1OSwiaXNzIjoiVmliZU1hcmtldCJ9.Y3WgcYcG28AQ-dMf_3N3uqorMeszEl4vYuXbZCJDHos
DECODED = Array
(
    [sub] => 1
    [name] => Nguyễn Kỳ Vỹ
    [email] => vynguyen12@gmail.com
    [role] => user
    [iat] => 1764296959
    [exp] => 1764901759
    [iss] => VibeMarket
)

RAW TOKEN = eyJ0eXAiOiJKV1QiLCJhbGciOiJIUzI1NiJ9.eyJzdWIiOjEsIm5hbWUiOiJOZ3V5XHUxZWM1biBLXHUxZWYzIFZcdTFlZjkiLCJlbWFpbCI6InZ5bmd1eWVuMTJAZ21haWwuY29tIiwicm9sZSI6InVzZXIiLCJpYXQiOjE3NjQyOTY5NTksImV4cCI6MTc2NDkwMTc1OSwiaXNzIjoiVmliZU1hcmtldCJ9.Y3WgcYcG28AQ-dMf_3N3uqorMeszEl4vYuXbZCJDHos
DECODED = Array
(
    [sub] => 1
    [name] => Nguyễn Kỳ Vỹ
    [email] => vynguyen12@gmail.com
    [role] => user
    [iat] => 1764296959
    [exp] => 1764901759
    [iss] => VibeMarket
)

RAW TOKEN = eyJ0eXAiOiJKV1QiLCJhbGciOiJIUzI1NiJ9.eyJzdWIiOjEsIm5hbWUiOiJOZ3V5XHUxZWM1biBLXHUxZWYzIFZcdTFlZjkiLCJlbWFpbCI6InZ5bmd1eWVuMTJAZ21haWwuY29tIiwicm9sZSI6InVzZXIiLCJpYXQiOjE3NjQyOTY5NTksImV4cCI6MTc2NDkwMTc1OSwiaXNzIjoiVmliZU1hcmtldCJ9.Y3WgcYcG28AQ-dMf_3N3uqorMeszEl4vYuXbZCJDHos
DECODED = Array
(
    [sub] => 1
    [name] => Nguyễn Kỳ Vỹ
    [email] => vynguyen12@gmail.com
    [role] => user
    [iat] => 1764296959
    [exp] => 1764901759
    [iss] => VibeMarket
)

RAW TOKEN = eyJ0eXAiOiJKV1QiLCJhbGciOiJIUzI1NiJ9.eyJzdWIiOjEsIm5hbWUiOiJOZ3V5XHUxZWM1biBLXHUxZWYzIFZcdTFlZjkiLCJlbWFpbCI6InZ5bmd1eWVuMTJAZ21haWwuY29tIiwicm9sZSI6InVzZXIiLCJpYXQiOjE3NjQyOTY5NTksImV4cCI6MTc2NDkwMTc1OSwiaXNzIjoiVmliZU1hcmtldCJ9.Y3WgcYcG28AQ-dMf_3N3uqorMeszEl4vYuXbZCJDHos
DECODED = Array
(
    [sub] => 1
    [name] => Nguyễn Kỳ Vỹ
    [email] => vynguyen12@gmail.com
    [role] => user
    [iat] => 1764296959
    [exp] => 1764901759
    [iss] => VibeMarket
)

RAW TOKEN = eyJ0eXAiOiJKV1QiLCJhbGciOiJIUzI1NiJ9.eyJzdWIiOjEsIm5hbWUiOiJOZ3V5XHUxZWM1biBLXHUxZWYzIFZcdTFlZjkiLCJlbWFpbCI6InZ5bmd1eWVuMTJAZ21haWwuY29tIiwicm9sZSI6InVzZXIiLCJpYXQiOjE3NjQyOTY5NTksImV4cCI6MTc2NDkwMTc1OSwiaXNzIjoiVmliZU1hcmtldCJ9.Y3WgcYcG28AQ-dMf_3N3uqorMeszEl4vYuXbZCJDHos
DECODED = Array
(
    [sub] => 1
    [name] => Nguyễn Kỳ Vỹ
    [email] => vynguyen12@gmail.com
    [role] => user
    [iat] => 1764296959
    [exp] => 1764901759
    [iss] => VibeMarket
)

RAW TOKEN = eyJ0eXAiOiJKV1QiLCJhbGciOiJIUzI1NiJ9.eyJzdWIiOjEsIm5hbWUiOiJOZ3V5XHUxZWM1biBLXHUxZWYzIFZcdTFlZjkiLCJlbWFpbCI6InZ5bmd1eWVuMTJAZ21haWwuY29tIiwicm9sZSI6InVzZXIiLCJpYXQiOjE3NjQyOTY5NTksImV4cCI6MTc2NDkwMTc1OSwiaXNzIjoiVmliZU1hcmtldCJ9.Y3WgcYcG28AQ-dMf_3N3uqorMeszEl4vYuXbZCJDHos
DECODED = Array
(
    [sub] => 1
    [name] => Nguyễn Kỳ Vỹ
    [email] => vynguyen12@gmail.com
    [role] => user
    [iat] => 1764296959
    [exp] => 1764901759
    [iss] => VibeMarket
)

RAW TOKEN = eyJ0eXAiOiJKV1QiLCJhbGciOiJIUzI1NiJ9.eyJzdWIiOjEsIm5hbWUiOiJOZ3V5XHUxZWM1biBLXHUxZWYzIFZcdTFlZjkiLCJlbWFpbCI6InZ5bmd1eWVuMTJAZ21haWwuY29tIiwicm9sZSI6InVzZXIiLCJpYXQiOjE3NjQyOTY5NTksImV4cCI6MTc2NDkwMTc1OSwiaXNzIjoiVmliZU1hcmtldCJ9.Y3WgcYcG28AQ-dMf_3N3uqorMeszEl4vYuXbZCJDHos
DECODED = Array
(
    [sub] => 1
    [name] => Nguyễn Kỳ Vỹ
    [email] => vynguyen12@gmail.com
    [role] => user
    [iat] => 1764296959
    [exp] => 1764901759
    [iss] => VibeMarket
)

RAW TOKEN = eyJ0eXAiOiJKV1QiLCJhbGciOiJIUzI1NiJ9.eyJzdWIiOjEsIm5hbWUiOiJOZ3V5XHUxZWM1biBLXHUxZWYzIFZcdTFlZjkiLCJlbWFpbCI6InZ5bmd1eWVuMTJAZ21haWwuY29tIiwicm9sZSI6InVzZXIiLCJpYXQiOjE3NjQyOTY5NTksImV4cCI6MTc2NDkwMTc1OSwiaXNzIjoiVmliZU1hcmtldCJ9.Y3WgcYcG28AQ-dMf_3N3uqorMeszEl4vYuXbZCJDHos
DECODED = Array
(
    [sub] => 1
    [name] => Nguyễn Kỳ Vỹ
    [email] => vynguyen12@gmail.com
    [role] => user
    [iat] => 1764296959
    [exp] => 1764901759
    [iss] => VibeMarket
)

RAW TOKEN = eyJ0eXAiOiJKV1QiLCJhbGciOiJIUzI1NiJ9.eyJzdWIiOjEsIm5hbWUiOiJOZ3V5XHUxZWM1biBLXHUxZWYzIFZcdTFlZjkiLCJlbWFpbCI6InZ5bmd1eWVuMTJAZ21haWwuY29tIiwicm9sZSI6InVzZXIiLCJpYXQiOjE3NjQyOTY5NTksImV4cCI6MTc2NDkwMTc1OSwiaXNzIjoiVmliZU1hcmtldCJ9.Y3WgcYcG28AQ-dMf_3N3uqorMeszEl4vYuXbZCJDHos
DECODED = Array
(
    [sub] => 1
    [name] => Nguyễn Kỳ Vỹ
    [email] => vynguyen12@gmail.com
    [role] => user
    [iat] => 1764296959
    [exp] => 1764901759
    [iss] => VibeMarket
)

RAW TOKEN = eyJ0eXAiOiJKV1QiLCJhbGciOiJIUzI1NiJ9.eyJzdWIiOjEsIm5hbWUiOiJOZ3V5XHUxZWM1biBLXHUxZWYzIFZcdTFlZjkiLCJlbWFpbCI6InZ5bmd1eWVuMTJAZ21haWwuY29tIiwicm9sZSI6InVzZXIiLCJpYXQiOjE3NjQyOTY5NTksImV4cCI6MTc2NDkwMTc1OSwiaXNzIjoiVmliZU1hcmtldCJ9.Y3WgcYcG28AQ-dMf_3N3uqorMeszEl4vYuXbZCJDHos
DECODED = Array
(
    [sub] => 1
    [name] => Nguyễn Kỳ Vỹ
    [email] => vynguyen12@gmail.com
    [role] => user
    [iat] => 1764296959
    [exp] => 1764901759
    [iss] => VibeMarket
)

RAW TOKEN = eyJ0eXAiOiJKV1QiLCJhbGciOiJIUzI1NiJ9.eyJzdWIiOjEsIm5hbWUiOiJOZ3V5XHUxZWM1biBLXHUxZWYzIFZcdTFlZjkiLCJlbWFpbCI6InZ5bmd1eWVuMTJAZ21haWwuY29tIiwicm9sZSI6InVzZXIiLCJpYXQiOjE3NjQyOTY5NTksImV4cCI6MTc2NDkwMTc1OSwiaXNzIjoiVmliZU1hcmtldCJ9.Y3WgcYcG28AQ-dMf_3N3uqorMeszEl4vYuXbZCJDHos
DECODED = Array
(
    [sub] => 1
    [name] => Nguyễn Kỳ Vỹ
    [email] => vynguyen12@gmail.com
    [role] => user
    [iat] => 1764296959
    [exp] => 1764901759
    [iss] => VibeMarket
)

RAW TOKEN = eyJ0eXAiOiJKV1QiLCJhbGciOiJIUzI1NiJ9.eyJzdWIiOjEsIm5hbWUiOiJOZ3V5XHUxZWM1biBLXHUxZWYzIFZcdTFlZjkiLCJlbWFpbCI6InZ5bmd1eWVuMTJAZ21haWwuY29tIiwicm9sZSI6InVzZXIiLCJpYXQiOjE3NjQyOTY5NTksImV4cCI6MTc2NDkwMTc1OSwiaXNzIjoiVmliZU1hcmtldCJ9.Y3WgcYcG28AQ-dMf_3N3uqorMeszEl4vYuXbZCJDHos
DECODED = Array
(
    [sub] => 1
    [name] => Nguyễn Kỳ Vỹ
    [email] => vynguyen12@gmail.com
    [role] => user
    [iat] => 1764296959
    [exp] => 1764901759
    [iss] => VibeMarket
)

RAW TOKEN = eyJ0eXAiOiJKV1QiLCJhbGciOiJIUzI1NiJ9.eyJzdWIiOjEsIm5hbWUiOiJOZ3V5XHUxZWM1biBLXHUxZWYzIFZcdTFlZjkiLCJlbWFpbCI6InZ5bmd1eWVuMTJAZ21haWwuY29tIiwicm9sZSI6InVzZXIiLCJpYXQiOjE3NjQyOTY5NTksImV4cCI6MTc2NDkwMTc1OSwiaXNzIjoiVmliZU1hcmtldCJ9.Y3WgcYcG28AQ-dMf_3N3uqorMeszEl4vYuXbZCJDHos
DECODED = Array
(
    [sub] => 1
    [name] => Nguyễn Kỳ Vỹ
    [email] => vynguyen12@gmail.com
    [role] => user
    [iat] => 1764296959
    [exp] => 1764901759
    [iss] => VibeMarket
)

RAW TOKEN = eyJ0eXAiOiJKV1QiLCJhbGciOiJIUzI1NiJ9.eyJzdWIiOjEsIm5hbWUiOiJOZ3V5XHUxZWM1biBLXHUxZWYzIFZcdTFlZjkiLCJlbWFpbCI6InZ5bmd1eWVuMTJAZ21haWwuY29tIiwicm9sZSI6InVzZXIiLCJpYXQiOjE3NjQyOTY5NTksImV4cCI6MTc2NDkwMTc1OSwiaXNzIjoiVmliZU1hcmtldCJ9.Y3WgcYcG28AQ-dMf_3N3uqorMeszEl4vYuXbZCJDHos
DECODED = Array
(
    [sub] => 1
    [name] => Nguyễn Kỳ Vỹ
    [email] => vynguyen12@gmail.com
    [role] => user
    [iat] => 1764296959
    [exp] => 1764901759
    [iss] => VibeMarket
)

RAW TOKEN = eyJ0eXAiOiJKV1QiLCJhbGciOiJIUzI1NiJ9.eyJzdWIiOjEsIm5hbWUiOiJOZ3V5XHUxZWM1biBLXHUxZWYzIFZcdTFlZjkiLCJlbWFpbCI6InZ5bmd1eWVuMTJAZ21haWwuY29tIiwicm9sZSI6InVzZXIiLCJpYXQiOjE3NjQyOTY5NTksImV4cCI6MTc2NDkwMTc1OSwiaXNzIjoiVmliZU1hcmtldCJ9.Y3WgcYcG28AQ-dMf_3N3uqorMeszEl4vYuXbZCJDHos
DECODED = Array
(
    [sub] => 1
    [name] => Nguyễn Kỳ Vỹ
    [email] => vynguyen12@gmail.com
    [role] => user
    [iat] => 1764296959
    [exp] => 1764901759
    [iss] => VibeMarket
)

RAW TOKEN = eyJ0eXAiOiJKV1QiLCJhbGciOiJIUzI1NiJ9.eyJzdWIiOjEsIm5hbWUiOiJOZ3V5XHUxZWM1biBLXHUxZWYzIFZcdTFlZjkiLCJlbWFpbCI6InZ5bmd1eWVuMTJAZ21haWwuY29tIiwicm9sZSI6InVzZXIiLCJpYXQiOjE3NjQyOTY5NTksImV4cCI6MTc2NDkwMTc1OSwiaXNzIjoiVmliZU1hcmtldCJ9.Y3WgcYcG28AQ-dMf_3N3uqorMeszEl4vYuXbZCJDHos
DECODED = Array
(
    [sub] => 1
    [name] => Nguyễn Kỳ Vỹ
    [email] => vynguyen12@gmail.com
    [role] => user
    [iat] => 1764296959
    [exp] => 1764901759
    [iss] => VibeMarket
)

RAW TOKEN = eyJ0eXAiOiJKV1QiLCJhbGciOiJIUzI1NiJ9.eyJzdWIiOjEsIm5hbWUiOiJOZ3V5XHUxZWM1biBLXHUxZWYzIFZcdTFlZjkiLCJlbWFpbCI6InZ5bmd1eWVuMTJAZ21haWwuY29tIiwicm9sZSI6InVzZXIiLCJpYXQiOjE3NjQyOTY5NTksImV4cCI6MTc2NDkwMTc1OSwiaXNzIjoiVmliZU1hcmtldCJ9.Y3WgcYcG28AQ-dMf_3N3uqorMeszEl4vYuXbZCJDHos
DECODED = Array
(
    [sub] => 1
    [name] => Nguyễn Kỳ Vỹ
    [email] => vynguyen12@gmail.com
    [role] => user
    [iat] => 1764296959
    [exp] => 1764901759
    [iss] => VibeMarket
)

RAW TOKEN = eyJ0eXAiOiJKV1QiLCJhbGciOiJIUzI1NiJ9.eyJzdWIiOjEsIm5hbWUiOiJOZ3V5XHUxZWM1biBLXHUxZWYzIFZcdTFlZjkiLCJlbWFpbCI6InZ5bmd1eWVuMTJAZ21haWwuY29tIiwicm9sZSI6InVzZXIiLCJpYXQiOjE3NjQyOTY5NTksImV4cCI6MTc2NDkwMTc1OSwiaXNzIjoiVmliZU1hcmtldCJ9.Y3WgcYcG28AQ-dMf_3N3uqorMeszEl4vYuXbZCJDHos
DECODED = Array
(
    [sub] => 1
    [name] => Nguyễn Kỳ Vỹ
    [email] => vynguyen12@gmail.com
    [role] => user
    [iat] => 1764296959
    [exp] => 1764901759
    [iss] => VibeMarket
)

RAW TOKEN = eyJ0eXAiOiJKV1QiLCJhbGciOiJIUzI1NiJ9.eyJzdWIiOjEsIm5hbWUiOiJOZ3V5XHUxZWM1biBLXHUxZWYzIFZcdTFlZjkiLCJlbWFpbCI6InZ5bmd1eWVuMTJAZ21haWwuY29tIiwicm9sZSI6InVzZXIiLCJpYXQiOjE3NjQyOTY5NTksImV4cCI6MTc2NDkwMTc1OSwiaXNzIjoiVmliZU1hcmtldCJ9.Y3WgcYcG28AQ-dMf_3N3uqorMeszEl4vYuXbZCJDHos
DECODED = Array
(
    [sub] => 1
    [name] => Nguyễn Kỳ Vỹ
    [email] => vynguyen12@gmail.com
    [role] => user
    [iat] => 1764296959
    [exp] => 1764901759
    [iss] => VibeMarket
)

RAW TOKEN = eyJ0eXAiOiJKV1QiLCJhbGciOiJIUzI1NiJ9.eyJzdWIiOjEsIm5hbWUiOiJOZ3V5XHUxZWM1biBLXHUxZWYzIFZcdTFlZjkiLCJlbWFpbCI6InZ5bmd1eWVuMTJAZ21haWwuY29tIiwicm9sZSI6InVzZXIiLCJpYXQiOjE3NjQyOTY5NTksImV4cCI6MTc2NDkwMTc1OSwiaXNzIjoiVmliZU1hcmtldCJ9.Y3WgcYcG28AQ-dMf_3N3uqorMeszEl4vYuXbZCJDHos
DECODED = Array
(
    [sub] => 1
    [name] => Nguyễn Kỳ Vỹ
    [email] => vynguyen12@gmail.com
    [role] => user
    [iat] => 1764296959
    [exp] => 1764901759
    [iss] => VibeMarket
)

RAW TOKEN = eyJ0eXAiOiJKV1QiLCJhbGciOiJIUzI1NiJ9.eyJzdWIiOjEsIm5hbWUiOiJOZ3V5XHUxZWM1biBLXHUxZWYzIFZcdTFlZjkiLCJlbWFpbCI6InZ5bmd1eWVuMTJAZ21haWwuY29tIiwicm9sZSI6InVzZXIiLCJpYXQiOjE3NjQyOTY5NTksImV4cCI6MTc2NDkwMTc1OSwiaXNzIjoiVmliZU1hcmtldCJ9.Y3WgcYcG28AQ-dMf_3N3uqorMeszEl4vYuXbZCJDHos
DECODED = Array
(
    [sub] => 1
    [name] => Nguyễn Kỳ Vỹ
    [email] => vynguyen12@gmail.com
    [role] => user
    [iat] => 1764296959
    [exp] => 1764901759
    [iss] => VibeMarket
)

RAW TOKEN = eyJ0eXAiOiJKV1QiLCJhbGciOiJIUzI1NiJ9.eyJzdWIiOjEsIm5hbWUiOiJOZ3V5XHUxZWM1biBLXHUxZWYzIFZcdTFlZjkiLCJlbWFpbCI6InZ5bmd1eWVuMTJAZ21haWwuY29tIiwicm9sZSI6InVzZXIiLCJpYXQiOjE3NjQyOTY5NTksImV4cCI6MTc2NDkwMTc1OSwiaXNzIjoiVmliZU1hcmtldCJ9.Y3WgcYcG28AQ-dMf_3N3uqorMeszEl4vYuXbZCJDHos
DECODED = Array
(
    [sub] => 1
    [name] => Nguyễn Kỳ Vỹ
    [email] => vynguyen12@gmail.com
    [role] => user
    [iat] => 1764296959
    [exp] => 1764901759
    [iss] => VibeMarket
)

RAW TOKEN = eyJ0eXAiOiJKV1QiLCJhbGciOiJIUzI1NiJ9.eyJzdWIiOjEsIm5hbWUiOiJOZ3V5XHUxZWM1biBLXHUxZWYzIFZcdTFlZjkiLCJlbWFpbCI6InZ5bmd1eWVuMTJAZ21haWwuY29tIiwicm9sZSI6InVzZXIiLCJpYXQiOjE3NjQyOTY5NTksImV4cCI6MTc2NDkwMTc1OSwiaXNzIjoiVmliZU1hcmtldCJ9.Y3WgcYcG28AQ-dMf_3N3uqorMeszEl4vYuXbZCJDHos
DECODED = Array
(
    [sub] => 1
    [name] => Nguyễn Kỳ Vỹ
    [email] => vynguyen12@gmail.com
    [role] => user
    [iat] => 1764296959
    [exp] => 1764901759
    [iss] => VibeMarket
)

RAW TOKEN = eyJ0eXAiOiJKV1QiLCJhbGciOiJIUzI1NiJ9.eyJzdWIiOjEsIm5hbWUiOiJOZ3V5XHUxZWM1biBLXHUxZWYzIFZcdTFlZjkiLCJlbWFpbCI6InZ5bmd1eWVuMTJAZ21haWwuY29tIiwicm9sZSI6InVzZXIiLCJpYXQiOjE3NjQyOTY5NTksImV4cCI6MTc2NDkwMTc1OSwiaXNzIjoiVmliZU1hcmtldCJ9.Y3WgcYcG28AQ-dMf_3N3uqorMeszEl4vYuXbZCJDHos
DECODED = Array
(
    [sub] => 1
    [name] => Nguyễn Kỳ Vỹ
    [email] => vynguyen12@gmail.com
    [role] => user
    [iat] => 1764296959
    [exp] => 1764901759
    [iss] => VibeMarket
)

RAW TOKEN = eyJ0eXAiOiJKV1QiLCJhbGciOiJIUzI1NiJ9.eyJzdWIiOjEsIm5hbWUiOiJOZ3V5XHUxZWM1biBLXHUxZWYzIFZcdTFlZjkiLCJlbWFpbCI6InZ5bmd1eWVuMTJAZ21haWwuY29tIiwicm9sZSI6InVzZXIiLCJpYXQiOjE3NjQyOTY5NTksImV4cCI6MTc2NDkwMTc1OSwiaXNzIjoiVmliZU1hcmtldCJ9.Y3WgcYcG28AQ-dMf_3N3uqorMeszEl4vYuXbZCJDHos
DECODED = Array
(
    [sub] => 1
    [name] => Nguyễn Kỳ Vỹ
    [email] => vynguyen12@gmail.com
    [role] => user
    [iat] => 1764296959
    [exp] => 1764901759
    [iss] => VibeMarket
)

RAW TOKEN = eyJ0eXAiOiJKV1QiLCJhbGciOiJIUzI1NiJ9.eyJzdWIiOjEsIm5hbWUiOiJOZ3V5XHUxZWM1biBLXHUxZWYzIFZcdTFlZjkiLCJlbWFpbCI6InZ5bmd1eWVuMTJAZ21haWwuY29tIiwicm9sZSI6InVzZXIiLCJpYXQiOjE3NjQyOTY5NTksImV4cCI6MTc2NDkwMTc1OSwiaXNzIjoiVmliZU1hcmtldCJ9.Y3WgcYcG28AQ-dMf_3N3uqorMeszEl4vYuXbZCJDHos
DECODED = Array
(
    [sub] => 1
    [name] => Nguyễn Kỳ Vỹ
    [email] => vynguyen12@gmail.com
    [role] => user
    [iat] => 1764296959
    [exp] => 1764901759
    [iss] => VibeMarket
)

RAW TOKEN = eyJ0eXAiOiJKV1QiLCJhbGciOiJIUzI1NiJ9.eyJzdWIiOjEsIm5hbWUiOiJOZ3V5XHUxZWM1biBLXHUxZWYzIFZcdTFlZjkiLCJlbWFpbCI6InZ5bmd1eWVuMTJAZ21haWwuY29tIiwicm9sZSI6InVzZXIiLCJpYXQiOjE3NjQyOTY5NTksImV4cCI6MTc2NDkwMTc1OSwiaXNzIjoiVmliZU1hcmtldCJ9.Y3WgcYcG28AQ-dMf_3N3uqorMeszEl4vYuXbZCJDHos
DECODED = Array
(
    [sub] => 1
    [name] => Nguyễn Kỳ Vỹ
    [email] => vynguyen12@gmail.com
    [role] => user
    [iat] => 1764296959
    [exp] => 1764901759
    [iss] => VibeMarket
)

RAW TOKEN = eyJ0eXAiOiJKV1QiLCJhbGciOiJIUzI1NiJ9.eyJzdWIiOjEsIm5hbWUiOiJOZ3V5XHUxZWM1biBLXHUxZWYzIFZcdTFlZjkiLCJlbWFpbCI6InZ5bmd1eWVuMTJAZ21haWwuY29tIiwicm9sZSI6InVzZXIiLCJpYXQiOjE3NjQyOTY5NTksImV4cCI6MTc2NDkwMTc1OSwiaXNzIjoiVmliZU1hcmtldCJ9.Y3WgcYcG28AQ-dMf_3N3uqorMeszEl4vYuXbZCJDHos
DECODED = Array
(
    [sub] => 1
    [name] => Nguyễn Kỳ Vỹ
    [email] => vynguyen12@gmail.com
    [role] => user
    [iat] => 1764296959
    [exp] => 1764901759
    [iss] => VibeMarket
)

RAW TOKEN = eyJ0eXAiOiJKV1QiLCJhbGciOiJIUzI1NiJ9.eyJzdWIiOjEsIm5hbWUiOiJOZ3V5XHUxZWM1biBLXHUxZWYzIFZcdTFlZjkiLCJlbWFpbCI6InZ5bmd1eWVuMTJAZ21haWwuY29tIiwicm9sZSI6InVzZXIiLCJpYXQiOjE3NjQyOTY5NTksImV4cCI6MTc2NDkwMTc1OSwiaXNzIjoiVmliZU1hcmtldCJ9.Y3WgcYcG28AQ-dMf_3N3uqorMeszEl4vYuXbZCJDHos
DECODED = Array
(
    [sub] => 1
    [name] => Nguyễn Kỳ Vỹ
    [email] => vynguyen12@gmail.com
    [role] => user
    [iat] => 1764296959
    [exp] => 1764901759
    [iss] => VibeMarket
)

RAW TOKEN = eyJ0eXAiOiJKV1QiLCJhbGciOiJIUzI1NiJ9.eyJzdWIiOjEsIm5hbWUiOiJOZ3V5XHUxZWM1biBLXHUxZWYzIFZcdTFlZjkiLCJlbWFpbCI6InZ5bmd1eWVuMTJAZ21haWwuY29tIiwicm9sZSI6InVzZXIiLCJpYXQiOjE3NjQyOTY5NTksImV4cCI6MTc2NDkwMTc1OSwiaXNzIjoiVmliZU1hcmtldCJ9.Y3WgcYcG28AQ-dMf_3N3uqorMeszEl4vYuXbZCJDHos
DECODED = Array
(
    [sub] => 1
    [name] => Nguyễn Kỳ Vỹ
    [email] => vynguyen12@gmail.com
    [role] => user
    [iat] => 1764296959
    [exp] => 1764901759
    [iss] => VibeMarket
)

RAW TOKEN = eyJ0eXAiOiJKV1QiLCJhbGciOiJIUzI1NiJ9.eyJzdWIiOjEsIm5hbWUiOiJOZ3V5XHUxZWM1biBLXHUxZWYzIFZcdTFlZjkiLCJlbWFpbCI6InZ5bmd1eWVuMTJAZ21haWwuY29tIiwicm9sZSI6InVzZXIiLCJpYXQiOjE3NjQyOTY5NTksImV4cCI6MTc2NDkwMTc1OSwiaXNzIjoiVmliZU1hcmtldCJ9.Y3WgcYcG28AQ-dMf_3N3uqorMeszEl4vYuXbZCJDHos
DECODED = Array
(
    [sub] => 1
    [name] => Nguyễn Kỳ Vỹ
    [email] => vynguyen12@gmail.com
    [role] => user
    [iat] => 1764296959
    [exp] => 1764901759
    [iss] => VibeMarket
)

RAW TOKEN = eyJ0eXAiOiJKV1QiLCJhbGciOiJIUzI1NiJ9.eyJzdWIiOjEsIm5hbWUiOiJOZ3V5XHUxZWM1biBLXHUxZWYzIFZcdTFlZjkiLCJlbWFpbCI6InZ5bmd1eWVuMTJAZ21haWwuY29tIiwicm9sZSI6InVzZXIiLCJpYXQiOjE3NjQyOTY5NTksImV4cCI6MTc2NDkwMTc1OSwiaXNzIjoiVmliZU1hcmtldCJ9.Y3WgcYcG28AQ-dMf_3N3uqorMeszEl4vYuXbZCJDHos
DECODED = Array
(
    [sub] => 1
    [name] => Nguyễn Kỳ Vỹ
    [email] => vynguyen12@gmail.com
    [role] => user
    [iat] => 1764296959
    [exp] => 1764901759
    [iss] => VibeMarket
)

RAW TOKEN = eyJ0eXAiOiJKV1QiLCJhbGciOiJIUzI1NiJ9.eyJzdWIiOjEsIm5hbWUiOiJOZ3V5XHUxZWM1biBLXHUxZWYzIFZcdTFlZjkiLCJlbWFpbCI6InZ5bmd1eWVuMTJAZ21haWwuY29tIiwicm9sZSI6InVzZXIiLCJpYXQiOjE3NjQyOTY5NTksImV4cCI6MTc2NDkwMTc1OSwiaXNzIjoiVmliZU1hcmtldCJ9.Y3WgcYcG28AQ-dMf_3N3uqorMeszEl4vYuXbZCJDHos
DECODED = Array
(
    [sub] => 1
    [name] => Nguyễn Kỳ Vỹ
    [email] => vynguyen12@gmail.com
    [role] => user
    [iat] => 1764296959
    [exp] => 1764901759
    [iss] => VibeMarket
)

RAW TOKEN = eyJ0eXAiOiJKV1QiLCJhbGciOiJIUzI1NiJ9.eyJzdWIiOjEsIm5hbWUiOiJOZ3V5XHUxZWM1biBLXHUxZWYzIFZcdTFlZjkiLCJlbWFpbCI6InZ5bmd1eWVuMTJAZ21haWwuY29tIiwicm9sZSI6InVzZXIiLCJpYXQiOjE3NjQyOTY5NTksImV4cCI6MTc2NDkwMTc1OSwiaXNzIjoiVmliZU1hcmtldCJ9.Y3WgcYcG28AQ-dMf_3N3uqorMeszEl4vYuXbZCJDHos
DECODED = Array
(
    [sub] => 1
    [name] => Nguyễn Kỳ Vỹ
    [email] => vynguyen12@gmail.com
    [role] => user
    [iat] => 1764296959
    [exp] => 1764901759
    [iss] => VibeMarket
)

RAW TOKEN = eyJ0eXAiOiJKV1QiLCJhbGciOiJIUzI1NiJ9.eyJzdWIiOjQsIm5hbWUiOiJOZ3V5XHUxZWM1biBLXHUxZWYzIFZcdTFlZjkiLCJlbWFpbCI6IjQ1ODg2QHZpYmVtYXJrZXQudm4iLCJ6YWxvX2lkIjoiNjkwMTQzMTIyNzc3NTU3MjYwNSIsInJvbGUiOiJzZWxsZXIiLCJpYXQiOjE3NjQzOTQ2ODksImV4cCI6MTc2NDk5OTQ4OSwiaXNzIjoiVmliZU1hcmtldCJ9.JtjDmWa7f_yYvB5G5ef2XaNMzacrrAcfonTQ8PUOu_4
DECODED = Array
(
    [sub] => 4
    [name] => Nguyễn Kỳ Vỹ
    [email] => 45886@vibemarket.vn
    [zalo_id] => 6901431227775572605
    [role] => seller
    [iat] => 1764394689
    [exp] => 1764999489
    [iss] => VibeMarket
)

RAW TOKEN = eyJ0eXAiOiJKV1QiLCJhbGciOiJIUzI1NiJ9.eyJzdWIiOjQsIm5hbWUiOiJOZ3V5XHUxZWM1biBLXHUxZWYzIFZcdTFlZjkiLCJlbWFpbCI6IjQ1ODg2QHZpYmVtYXJrZXQudm4iLCJ6YWxvX2lkIjoiNjkwMTQzMTIyNzc3NTU3MjYwNSIsInJvbGUiOiJzZWxsZXIiLCJpYXQiOjE3NjQzOTQ2ODksImV4cCI6MTc2NDk5OTQ4OSwiaXNzIjoiVmliZU1hcmtldCJ9.JtjDmWa7f_yYvB5G5ef2XaNMzacrrAcfonTQ8PUOu_4
DECODED = Array
(
    [sub] => 4
    [name] => Nguyễn Kỳ Vỹ
    [email] => 45886@vibemarket.vn
    [zalo_id] => 6901431227775572605
    [role] => seller
    [iat] => 1764394689
    [exp] => 1764999489
    [iss] => VibeMarket
)

RAW TOKEN = eyJ0eXAiOiJKV1QiLCJhbGciOiJIUzI1NiJ9.eyJzdWIiOjQsIm5hbWUiOiJOZ3V5XHUxZWM1biBLXHUxZWYzIFZcdTFlZjkiLCJlbWFpbCI6IjQ1ODg2QHZpYmVtYXJrZXQudm4iLCJ6YWxvX2lkIjoiNjkwMTQzMTIyNzc3NTU3MjYwNSIsInJvbGUiOiJzZWxsZXIiLCJpYXQiOjE3NjQzOTQ2ODksImV4cCI6MTc2NDk5OTQ4OSwiaXNzIjoiVmliZU1hcmtldCJ9.JtjDmWa7f_yYvB5G5ef2XaNMzacrrAcfonTQ8PUOu_4
DECODED = Array
(
    [sub] => 4
    [name] => Nguyễn Kỳ Vỹ
    [email] => 45886@vibemarket.vn
    [zalo_id] => 6901431227775572605
    [role] => seller
    [iat] => 1764394689
    [exp] => 1764999489
    [iss] => VibeMarket
)

RAW TOKEN = eyJ0eXAiOiJKV1QiLCJhbGciOiJIUzI1NiJ9.eyJzdWIiOjQsIm5hbWUiOiJOZ3V5XHUxZWM1biBLXHUxZWYzIFZcdTFlZjkiLCJlbWFpbCI6IjQ1ODg2QHZpYmVtYXJrZXQudm4iLCJ6YWxvX2lkIjoiNjkwMTQzMTIyNzc3NTU3MjYwNSIsInJvbGUiOiJzZWxsZXIiLCJpYXQiOjE3NjQ0MDgzNTksImV4cCI6MTc2NTAxMzE1OSwiaXNzIjoiVmliZU1hcmtldCJ9.D4j4QqT1mtE_cY_2XA33MejdlFEAbFCbjoHlGTjPKAA
DECODED = Array
(
    [sub] => 4
    [name] => Nguyễn Kỳ Vỹ
    [email] => 45886@vibemarket.vn
    [zalo_id] => 6901431227775572605
    [role] => seller
    [iat] => 1764408359
    [exp] => 1765013159
    [iss] => VibeMarket
)

RAW TOKEN = eyJ0eXAiOiJKV1QiLCJhbGciOiJIUzI1NiJ9.eyJzdWIiOjQsIm5hbWUiOiJOZ3V5XHUxZWM1biBLXHUxZWYzIFZcdTFlZjkiLCJlbWFpbCI6IjQ1ODg2QHZpYmVtYXJrZXQudm4iLCJ6YWxvX2lkIjoiNjkwMTQzMTIyNzc3NTU3MjYwNSIsInJvbGUiOiJzZWxsZXIiLCJpYXQiOjE3NjQ0MDgzNTksImV4cCI6MTc2NTAxMzE1OSwiaXNzIjoiVmliZU1hcmtldCJ9.D4j4QqT1mtE_cY_2XA33MejdlFEAbFCbjoHlGTjPKAA
DECODED = Array
(
    [sub] => 4
    [name] => Nguyễn Kỳ Vỹ
    [email] => 45886@vibemarket.vn
    [zalo_id] => 6901431227775572605
    [role] => seller
    [iat] => 1764408359
    [exp] => 1765013159
    [iss] => VibeMarket
)

RAW TOKEN = eyJ0eXAiOiJKV1QiLCJhbGciOiJIUzI1NiJ9.eyJzdWIiOjQsIm5hbWUiOiJLXHUxZWYzIFZcdTFlZjkgREVWIiwiZW1haWwiOiI0NTg4NkB2aWJlbWFya2V0LnZuIiwiemFsb19pZCI6IjY5MDE0MzEyMjc3NzU1NzI2MDUiLCJyb2xlIjoic2VsbGVyIiwiaWF0IjoxNzY0NTU4OTc1LCJleHAiOjE3NjUxNjM3NzUsImlzcyI6IlZpYmVNYXJrZXQifQ.v1h0M_Sk9iwGvbZhWdurmzXpqSbN0Q5wPbG3mw69FhE
DECODED = Array
(
    [sub] => 4
    [name] => Kỳ Vỹ DEV
    [email] => 45886@vibemarket.vn
    [zalo_id] => 6901431227775572605
    [role] => seller
    [iat] => 1764558975
    [exp] => 1765163775
    [iss] => VibeMarket
)

RAW TOKEN = eyJ0eXAiOiJKV1QiLCJhbGciOiJIUzI1NiJ9.eyJzdWIiOjQsIm5hbWUiOiJLXHUxZWYzIFZcdTFlZjkgREVWIiwiZW1haWwiOiI0NTg4NkB2aWJlbWFya2V0LnZuIiwiemFsb19pZCI6IjY5MDE0MzEyMjc3NzU1NzI2MDUiLCJyb2xlIjoic2VsbGVyIiwiaWF0IjoxNzY0NTU4OTc1LCJleHAiOjE3NjUxNjM3NzUsImlzcyI6IlZpYmVNYXJrZXQifQ.v1h0M_Sk9iwGvbZhWdurmzXpqSbN0Q5wPbG3mw69FhE
DECODED = Array
(
    [sub] => 4
    [name] => Kỳ Vỹ DEV
    [email] => 45886@vibemarket.vn
    [zalo_id] => 6901431227775572605
    [role] => seller
    [iat] => 1764558975
    [exp] => 1765163775
    [iss] => VibeMarket
)

RAW TOKEN = eyJ0eXAiOiJKV1QiLCJhbGciOiJIUzI1NiJ9.eyJzdWIiOjQsIm5hbWUiOiJLXHUxZWYzIFZcdTFlZjkgREVWIiwiZW1haWwiOiI0NTg4NkB2aWJlbWFya2V0LnZuIiwiemFsb19pZCI6IjY5MDE0MzEyMjc3NzU1NzI2MDUiLCJyb2xlIjoic2VsbGVyIiwiaWF0IjoxNzY0NTU4OTc1LCJleHAiOjE3NjUxNjM3NzUsImlzcyI6IlZpYmVNYXJrZXQifQ.v1h0M_Sk9iwGvbZhWdurmzXpqSbN0Q5wPbG3mw69FhE
DECODED = Array
(
    [sub] => 4
    [name] => Kỳ Vỹ DEV
    [email] => 45886@vibemarket.vn
    [zalo_id] => 6901431227775572605
    [role] => seller
    [iat] => 1764558975
    [exp] => 1765163775
    [iss] => VibeMarket
)

