null
null
{"order_id":"OD1759555961664","status":"processing"}
{"order_id":"OD1759555961664","status":"processing"}
{"order_id":"OD1759555961664","status":"processing"}
{"order_id":"OD1759518209677","status":"processing"}
{"order_id":"OD1759555961664","status":"processing"}
{"order_id":"42","status":"processing"}
{"order_id":"42","status":"shipped"}
{"order_id":"42","status":"delivered"}
{"order_id":"42","status":"processing"}
{"order_id":"42","status":"shipped"}
{"order_id":"42","status":"delivered"}
{"order_id":"20","status":"processing"}
{"order_id":"20","status":"shipped"}
{"order_id":"20","status":"delivered"}
{"order_id":"42","status":"processing"}
{"order_id":"42","status":"shipped"}
{"order_id":"42","status":"delivered"}
{"order_id":"27","status":"cancelled"}
{"order_id":"26","status":"processing"}
{"order_id":"26","status":"shipped"}
{"order_id":"20","status":"cancelled"}
{"order_id":"27","status":"processing"}
{"order_id":"27","status":"shipped"}
{"order_id":"27","status":"delivered"}
{"order_id":"20","status":"processing"}
{"order_id":"16","status":"cancelled"}
{"order_id":"59","status":"processing"}
{"order_id":"59","status":"processing"}
{"order_id":"59","status":"shipped"}
{"order_id":"59","status":"delivered"}
{"order_id":"59","status":"processing"}
{"order_id":"59","status":"processing"}
{"order_id":"59","status":"shipped"}
{"order_id":"59","status":"delivered"}
{"order_id":"42","status":"processing"}
{"order_id":"42","status":"shipped"}
{"order_id":"42","status":"delivered"}
{"order_id":"26","status":"processing"}
{"order_id":"26","status":"shipped"}
{"order_id":"26","status":"delivered"}
{"order_id":"27","status":"processing"}
{"order_id":"27","status":"shipped"}
{"order_id":"27","status":"delivered"}
{"order_id":"20","status":"cancelled"}
{"order_id":"59","status":"processing"}
{"order_id":"59","status":"shipped"}
{"order_id":"59","status":"delivered"}
{"order_id":"60","status":"processing"}
{"order_id":"60","status":"shipped"}
{"order_id":"60","status":"delivered"}
{"order_id":"61","status":"processing"}
{"order_id":"61","status":"shipped"}
