RAW TOKEN = eyJ0eXAiOiJKV1QiLCJhbGciOiJIUzI1NiJ9.eyJpc3MiOiJWaWJlTWFya2V0IiwiaWF0IjoxNzYzODk0MjgwLCJleHAiOjE3NjQ0OTkwODAsInN1YiI6MTMsIm5hbWUiOiJkYXQgdm8iLCJlbWFpbCI6ImRhdHY4OTI0MkBnbWFpbC5jb20iLCJyb2xlIjoidXNlciJ9.JZIE_lMtT4T_FYu-LCZp30LaO5aVaB5M9hwJtYgjXOw
DECODED = Array
(
    [iss] => VibeMarket
    [iat] => 1763894280
    [exp] => 1764499080
    [sub] => 13
    [name] => dat vo
    [email] => datv89242@gmail.com
    [role] => user
)

RAW TOKEN = eyJ0eXAiOiJKV1QiLCJhbGciOiJIUzI1NiJ9.eyJpc3MiOiJWaWJlTWFya2V0IiwiaWF0IjoxNzYzODk0MjgwLCJleHAiOjE3NjQ0OTkwODAsInN1YiI6MTMsIm5hbWUiOiJkYXQgdm8iLCJlbWFpbCI6ImRhdHY4OTI0MkBnbWFpbC5jb20iLCJyb2xlIjoidXNlciJ9.JZIE_lMtT4T_FYu-LCZp30LaO5aVaB5M9hwJtYgjXOw
DECODED = Array
(
    [iss] => VibeMarket
    [iat] => 1763894280
    [exp] => 1764499080
    [sub] => 13
    [name] => dat vo
    [email] => datv89242@gmail.com
    [role] => user
)

RAW TOKEN = eyJ0eXAiOiJKV1QiLCJhbGciOiJIUzI1NiJ9.eyJpc3MiOiJWaWJlTWFya2V0IiwiaWF0IjoxNzYzODk0MjgwLCJleHAiOjE3NjQ0OTkwODAsInN1YiI6MTMsIm5hbWUiOiJkYXQgdm8iLCJlbWFpbCI6ImRhdHY4OTI0MkBnbWFpbC5jb20iLCJyb2xlIjoidXNlciJ9.JZIE_lMtT4T_FYu-LCZp30LaO5aVaB5M9hwJtYgjXOw
DECODED = Array
(
    [iss] => VibeMarket
    [iat] => 1763894280
    [exp] => 1764499080
    [sub] => 13
    [name] => dat vo
    [email] => datv89242@gmail.com
    [role] => user
)

RAW TOKEN = eyJ0eXAiOiJKV1QiLCJhbGciOiJIUzI1NiJ9.eyJpc3MiOiJWaWJlTWFya2V0IiwiaWF0IjoxNzYzODk0MjgwLCJleHAiOjE3NjQ0OTkwODAsInN1YiI6MTMsIm5hbWUiOiJkYXQgdm8iLCJlbWFpbCI6ImRhdHY4OTI0MkBnbWFpbC5jb20iLCJyb2xlIjoidXNlciJ9.JZIE_lMtT4T_FYu-LCZp30LaO5aVaB5M9hwJtYgjXOw
DECODED = Array
(
    [iss] => VibeMarket
    [iat] => 1763894280
    [exp] => 1764499080
    [sub] => 13
    [name] => dat vo
    [email] => datv89242@gmail.com
    [role] => user
)

RAW TOKEN = eyJ0eXAiOiJKV1QiLCJhbGciOiJIUzI1NiJ9.eyJpc3MiOiJWaWJlTWFya2V0IiwiaWF0IjoxNzYzODk0MjgwLCJleHAiOjE3NjQ0OTkwODAsInN1YiI6MTMsIm5hbWUiOiJkYXQgdm8iLCJlbWFpbCI6ImRhdHY4OTI0MkBnbWFpbC5jb20iLCJyb2xlIjoidXNlciJ9.JZIE_lMtT4T_FYu-LCZp30LaO5aVaB5M9hwJtYgjXOw
DECODED = Array
(
    [iss] => VibeMarket
    [iat] => 1763894280
    [exp] => 1764499080
    [sub] => 13
    [name] => dat vo
    [email] => datv89242@gmail.com
    [role] => user
)

RAW TOKEN = eyJ0eXAiOiJKV1QiLCJhbGciOiJIUzI1NiJ9.eyJpc3MiOiJWaWJlTWFya2V0IiwiaWF0IjoxNzYzODk0MjgwLCJleHAiOjE3NjQ0OTkwODAsInN1YiI6MTMsIm5hbWUiOiJkYXQgdm8iLCJlbWFpbCI6ImRhdHY4OTI0MkBnbWFpbC5jb20iLCJyb2xlIjoidXNlciJ9.JZIE_lMtT4T_FYu-LCZp30LaO5aVaB5M9hwJtYgjXOw
DECODED = Array
(
    [iss] => VibeMarket
    [iat] => 1763894280
    [exp] => 1764499080
    [sub] => 13
    [name] => dat vo
    [email] => datv89242@gmail.com
    [role] => user
)

RAW TOKEN = eyJ0eXAiOiJKV1QiLCJhbGciOiJIUzI1NiJ9.eyJpc3MiOiJWaWJlTWFya2V0IiwiaWF0IjoxNzYzODk0MjgwLCJleHAiOjE3NjQ0OTkwODAsInN1YiI6MTMsIm5hbWUiOiJkYXQgdm8iLCJlbWFpbCI6ImRhdHY4OTI0MkBnbWFpbC5jb20iLCJyb2xlIjoidXNlciJ9.JZIE_lMtT4T_FYu-LCZp30LaO5aVaB5M9hwJtYgjXOw
DECODED = Array
(
    [iss] => VibeMarket
    [iat] => 1763894280
    [exp] => 1764499080
    [sub] => 13
    [name] => dat vo
    [email] => datv89242@gmail.com
    [role] => user
)

RAW TOKEN = eyJ0eXAiOiJKV1QiLCJhbGciOiJIUzI1NiJ9.eyJpc3MiOiJWaWJlTWFya2V0IiwiaWF0IjoxNzYzODk0MjgwLCJleHAiOjE3NjQ0OTkwODAsInN1YiI6MTMsIm5hbWUiOiJkYXQgdm8iLCJlbWFpbCI6ImRhdHY4OTI0MkBnbWFpbC5jb20iLCJyb2xlIjoidXNlciJ9.JZIE_lMtT4T_FYu-LCZp30LaO5aVaB5M9hwJtYgjXOw
DECODED = Array
(
    [iss] => VibeMarket
    [iat] => 1763894280
    [exp] => 1764499080
    [sub] => 13
    [name] => dat vo
    [email] => datv89242@gmail.com
    [role] => user
)

RAW TOKEN = eyJ0eXAiOiJKV1QiLCJhbGciOiJIUzI1NiJ9.eyJpc3MiOiJWaWJlTWFya2V0IiwiaWF0IjoxNzYzODk0MjgwLCJleHAiOjE3NjQ0OTkwODAsInN1YiI6MTMsIm5hbWUiOiJkYXQgdm8iLCJlbWFpbCI6ImRhdHY4OTI0MkBnbWFpbC5jb20iLCJyb2xlIjoidXNlciJ9.JZIE_lMtT4T_FYu-LCZp30LaO5aVaB5M9hwJtYgjXOw
DECODED = Array
(
    [iss] => VibeMarket
    [iat] => 1763894280
    [exp] => 1764499080
    [sub] => 13
    [name] => dat vo
    [email] => datv89242@gmail.com
    [role] => user
)

RAW TOKEN = eyJ0eXAiOiJKV1QiLCJhbGciOiJIUzI1NiJ9.eyJpc3MiOiJWaWJlTWFya2V0IiwiaWF0IjoxNzYzODk0MjgwLCJleHAiOjE3NjQ0OTkwODAsInN1YiI6MTMsIm5hbWUiOiJkYXQgdm8iLCJlbWFpbCI6ImRhdHY4OTI0MkBnbWFpbC5jb20iLCJyb2xlIjoidXNlciJ9.JZIE_lMtT4T_FYu-LCZp30LaO5aVaB5M9hwJtYgjXOw
DECODED = Array
(
    [iss] => VibeMarket
    [iat] => 1763894280
    [exp] => 1764499080
    [sub] => 13
    [name] => dat vo
    [email] => datv89242@gmail.com
    [role] => user
)

RAW TOKEN = eyJ0eXAiOiJKV1QiLCJhbGciOiJIUzI1NiJ9.eyJzdWIiOjEsIm5hbWUiOiJOZ3V5XHUxZWM1biBLXHUxZWYzIFZcdTFlZjkiLCJlbWFpbCI6InZ5bmd1eWVuMTJAZ21haWwuY29tIiwicm9sZSI6InVzZXIiLCJpYXQiOjE3NjQyOTY5NTksImV4cCI6MTc2NDkwMTc1OSwiaXNzIjoiVmliZU1hcmtldCJ9.Y3WgcYcG28AQ-dMf_3N3uqorMeszEl4vYuXbZCJDHos
DECODED = Array
(
    [sub] => 1
    [name] => Nguyễn Kỳ Vỹ
    [email] => vynguyen12@gmail.com
    [role] => user
    [iat] => 1764296959
    [exp] => 1764901759
    [iss] => VibeMarket
)

RAW TOKEN = eyJ0eXAiOiJKV1QiLCJhbGciOiJIUzI1NiJ9.eyJzdWIiOjEsIm5hbWUiOiJOZ3V5XHUxZWM1biBLXHUxZWYzIFZcdTFlZjkiLCJlbWFpbCI6InZ5bmd1eWVuMTJAZ21haWwuY29tIiwicm9sZSI6InVzZXIiLCJpYXQiOjE3NjQyOTY5NTksImV4cCI6MTc2NDkwMTc1OSwiaXNzIjoiVmliZU1hcmtldCJ9.Y3WgcYcG28AQ-dMf_3N3uqorMeszEl4vYuXbZCJDHos
DECODED = Array
(
    [sub] => 1
    [name] => Nguyễn Kỳ Vỹ
    [email] => vynguyen12@gmail.com
    [role] => user
    [iat] => 1764296959
    [exp] => 1764901759
    [iss] => VibeMarket
)

RAW TOKEN = eyJ0eXAiOiJKV1QiLCJhbGciOiJIUzI1NiJ9.eyJzdWIiOjEsIm5hbWUiOiJOZ3V5XHUxZWM1biBLXHUxZWYzIFZcdTFlZjkiLCJlbWFpbCI6InZ5bmd1eWVuMTJAZ21haWwuY29tIiwicm9sZSI6InVzZXIiLCJpYXQiOjE3NjQyOTY5NTksImV4cCI6MTc2NDkwMTc1OSwiaXNzIjoiVmliZU1hcmtldCJ9.Y3WgcYcG28AQ-dMf_3N3uqorMeszEl4vYuXbZCJDHos
DECODED = Array
(
    [sub] => 1
    [name] => Nguyễn Kỳ Vỹ
    [email] => vynguyen12@gmail.com
    [role] => user
    [iat] => 1764296959
    [exp] => 1764901759
    [iss] => VibeMarket
)

RAW TOKEN = eyJ0eXAiOiJKV1QiLCJhbGciOiJIUzI1NiJ9.eyJzdWIiOjEsIm5hbWUiOiJOZ3V5XHUxZWM1biBLXHUxZWYzIFZcdTFlZjkiLCJlbWFpbCI6InZ5bmd1eWVuMTJAZ21haWwuY29tIiwicm9sZSI6InVzZXIiLCJpYXQiOjE3NjQyOTY5NTksImV4cCI6MTc2NDkwMTc1OSwiaXNzIjoiVmliZU1hcmtldCJ9.Y3WgcYcG28AQ-dMf_3N3uqorMeszEl4vYuXbZCJDHos
DECODED = Array
(
    [sub] => 1
    [name] => Nguyễn Kỳ Vỹ
    [email] => vynguyen12@gmail.com
    [role] => user
    [iat] => 1764296959
    [exp] => 1764901759
    [iss] => VibeMarket
)

RAW TOKEN = eyJ0eXAiOiJKV1QiLCJhbGciOiJIUzI1NiJ9.eyJzdWIiOjEsIm5hbWUiOiJOZ3V5XHUxZWM1biBLXHUxZWYzIFZcdTFlZjkiLCJlbWFpbCI6InZ5bmd1eWVuMTJAZ21haWwuY29tIiwicm9sZSI6InVzZXIiLCJpYXQiOjE3NjQyOTY5NTksImV4cCI6MTc2NDkwMTc1OSwiaXNzIjoiVmliZU1hcmtldCJ9.Y3WgcYcG28AQ-dMf_3N3uqorMeszEl4vYuXbZCJDHos
DECODED = Array
(
    [sub] => 1
    [name] => Nguyễn Kỳ Vỹ
    [email] => vynguyen12@gmail.com
    [role] => user
    [iat] => 1764296959
    [exp] => 1764901759
    [iss] => VibeMarket
)

