RAW TOKEN = 
RAW TOKEN = 
RAW TOKEN = 
RAW TOKEN = 
RAW TOKEN = 
RAW TOKEN = 
RAW TOKEN = 
RAW TOKEN = 
RAW TOKEN = 
RAW TOKEN = 
RAW TOKEN = 
RAW TOKEN = 
RAW TOKEN = 
RAW TOKEN = 
RAW TOKEN = 
RAW TOKEN = 
RAW TOKEN = 
RAW TOKEN = 
RAW TOKEN = 
RAW TOKEN = 
RAW TOKEN = 
RAW TOKEN = 
RAW TOKEN = 
RAW TOKEN = 
RAW TOKEN = 
RAW TOKEN = eyJ0eXAiOiJKV1QiLCJhbGciOiJIUzI1NiJ9.eyJzdWIiOjEsIm5hbWUiOiJOZ3V5XHUxZWM1biBLXHUxZWYzIFZcdTFlZjkiLCJlbWFpbCI6InZ5bmd1eWVuMTJAZ21haWwuY29tIiwicm9sZSI6InVzZXIiLCJpYXQiOjE3NjQzOTQ3MTksImV4cCI6MTc2NDk5OTUxOSwiaXNzIjoiVmliZU1hcmtldCJ9.SJqUajBB7veRcbmA9oz4g7cVytiAjSjJ_d_XHDw6Wks
DECODED = Array
(
    [sub] => 1
    [name] => Nguyễn Kỳ Vỹ
    [email] => vynguyen12@gmail.com
    [role] => user
    [iat] => 1764394719
    [exp] => 1764999519
    [iss] => VibeMarket
)

RAW TOKEN = eyJ0eXAiOiJKV1QiLCJhbGciOiJIUzI1NiJ9.eyJzdWIiOjQsIm5hbWUiOiJOZ3V5XHUxZWM1biBLXHUxZWYzIFZcdTFlZjkiLCJlbWFpbCI6IjQ1ODg2QHZpYmVtYXJrZXQudm4iLCJ6YWxvX2lkIjoiNjkwMTQzMTIyNzc3NTU3MjYwNSIsInJvbGUiOiJzZWxsZXIiLCJpYXQiOjE3NjQzOTQ2ODksImV4cCI6MTc2NDk5OTQ4OSwiaXNzIjoiVmliZU1hcmtldCJ9.JtjDmWa7f_yYvB5G5ef2XaNMzacrrAcfonTQ8PUOu_4
DECODED = Array
(
    [sub] => 4
    [name] => Nguyễn Kỳ Vỹ
    [email] => 45886@vibemarket.vn
    [zalo_id] => 6901431227775572605
    [role] => seller
    [iat] => 1764394689
    [exp] => 1764999489
    [iss] => VibeMarket
)

RAW TOKEN = eyJ0eXAiOiJKV1QiLCJhbGciOiJIUzI1NiJ9.eyJzdWIiOjEsIm5hbWUiOiJOZ3V5XHUxZWM1biBLXHUxZWYzIFZcdTFlZjkiLCJlbWFpbCI6InZ5bmd1eWVuMTJAZ21haWwuY29tIiwicm9sZSI6InVzZXIiLCJpYXQiOjE3NjQzOTQ3MTksImV4cCI6MTc2NDk5OTUxOSwiaXNzIjoiVmliZU1hcmtldCJ9.SJqUajBB7veRcbmA9oz4g7cVytiAjSjJ_d_XHDw6Wks
DECODED = Array
(
    [sub] => 1
    [name] => Nguyễn Kỳ Vỹ
    [email] => vynguyen12@gmail.com
    [role] => user
    [iat] => 1764394719
    [exp] => 1764999519
    [iss] => VibeMarket
)

RAW TOKEN = eyJ0eXAiOiJKV1QiLCJhbGciOiJIUzI1NiJ9.eyJzdWIiOjQsIm5hbWUiOiJOZ3V5XHUxZWM1biBLXHUxZWYzIFZcdTFlZjkiLCJlbWFpbCI6IjQ1ODg2QHZpYmVtYXJrZXQudm4iLCJ6YWxvX2lkIjoiNjkwMTQzMTIyNzc3NTU3MjYwNSIsInJvbGUiOiJzZWxsZXIiLCJpYXQiOjE3NjQzOTQ2ODksImV4cCI6MTc2NDk5OTQ4OSwiaXNzIjoiVmliZU1hcmtldCJ9.JtjDmWa7f_yYvB5G5ef2XaNMzacrrAcfonTQ8PUOu_4
DECODED = Array
(
    [sub] => 4
    [name] => Nguyễn Kỳ Vỹ
    [email] => 45886@vibemarket.vn
    [zalo_id] => 6901431227775572605
    [role] => seller
    [iat] => 1764394689
    [exp] => 1764999489
    [iss] => VibeMarket
)

RAW TOKEN = 
RAW TOKEN = eyJ0eXAiOiJKV1QiLCJhbGciOiJIUzI1NiJ9.eyJzdWIiOjEsIm5hbWUiOiJOZ3V5XHUxZWM1biBLXHUxZWYzIFZcdTFlZjkiLCJlbWFpbCI6InZ5bmd1eWVuMTJAZ21haWwuY29tIiwicm9sZSI6InVzZXIiLCJpYXQiOjE3NjQzOTQ3MTksImV4cCI6MTc2NDk5OTUxOSwiaXNzIjoiVmliZU1hcmtldCJ9.SJqUajBB7veRcbmA9oz4g7cVytiAjSjJ_d_XHDw6Wks
DECODED = Array
(
    [sub] => 1
    [name] => Nguyễn Kỳ Vỹ
    [email] => vynguyen12@gmail.com
    [role] => user
    [iat] => 1764394719
    [exp] => 1764999519
    [iss] => VibeMarket
)

RAW TOKEN = eyJ0eXAiOiJKV1QiLCJhbGciOiJIUzI1NiJ9.eyJzdWIiOjEsIm5hbWUiOiJOZ3V5XHUxZWM1biBLXHUxZWYzIFZcdTFlZjkiLCJlbWFpbCI6InZ5bmd1eWVuMTJAZ21haWwuY29tIiwicm9sZSI6InVzZXIiLCJpYXQiOjE3NjQzOTQ3MTksImV4cCI6MTc2NDk5OTUxOSwiaXNzIjoiVmliZU1hcmtldCJ9.SJqUajBB7veRcbmA9oz4g7cVytiAjSjJ_d_XHDw6Wks
DECODED = Array
(
    [sub] => 1
    [name] => Nguyễn Kỳ Vỹ
    [email] => vynguyen12@gmail.com
    [role] => user
    [iat] => 1764394719
    [exp] => 1764999519
    [iss] => VibeMarket
)

RAW TOKEN = eyJ0eXAiOiJKV1QiLCJhbGciOiJIUzI1NiJ9.eyJzdWIiOjQsIm5hbWUiOiJOZ3V5XHUxZWM1biBLXHUxZWYzIFZcdTFlZjkiLCJlbWFpbCI6IjQ1ODg2QHZpYmVtYXJrZXQudm4iLCJ6YWxvX2lkIjoiNjkwMTQzMTIyNzc3NTU3MjYwNSIsInJvbGUiOiJzZWxsZXIiLCJpYXQiOjE3NjQzOTQ2ODksImV4cCI6MTc2NDk5OTQ4OSwiaXNzIjoiVmliZU1hcmtldCJ9.JtjDmWa7f_yYvB5G5ef2XaNMzacrrAcfonTQ8PUOu_4
RAW TOKEN = eyJ0eXAiOiJKV1QiLCJhbGciOiJIUzI1NiJ9.eyJzdWIiOjQsIm5hbWUiOiJOZ3V5XHUxZWM1biBLXHUxZWYzIFZcdTFlZjkiLCJlbWFpbCI6IjQ1ODg2QHZpYmVtYXJrZXQudm4iLCJ6YWxvX2lkIjoiNjkwMTQzMTIyNzc3NTU3MjYwNSIsInJvbGUiOiJzZWxsZXIiLCJpYXQiOjE3NjQzOTQ2ODksImV4cCI6MTc2NDk5OTQ4OSwiaXNzIjoiVmliZU1hcmtldCJ9.JtjDmWa7f_yYvB5G5ef2XaNMzacrrAcfonTQ8PUOu_4
DECODED = Array
(
    [sub] => 4
    [name] => Nguyễn Kỳ Vỹ
    [email] => 45886@vibemarket.vn
    [zalo_id] => 6901431227775572605
    [role] => seller
    [iat] => 1764394689
    [exp] => 1764999489
    [iss] => VibeMarket
)

DECODED = Array
(
    [sub] => 4
    [name] => Nguyễn Kỳ Vỹ
    [email] => 45886@vibemarket.vn
    [zalo_id] => 6901431227775572605
    [role] => seller
    [iat] => 1764394689
    [exp] => 1764999489
    [iss] => VibeMarket
)

RAW TOKEN = 
RAW TOKEN = eyJ0eXAiOiJKV1QiLCJhbGciOiJIUzI1NiJ9.eyJzdWIiOjEsIm5hbWUiOiJOZ3V5XHUxZWM1biBLXHUxZWYzIFZcdTFlZjkiLCJlbWFpbCI6InZ5bmd1eWVuMTJAZ21haWwuY29tIiwicm9sZSI6InVzZXIiLCJpYXQiOjE3NjQzOTQ3MTksImV4cCI6MTc2NDk5OTUxOSwiaXNzIjoiVmliZU1hcmtldCJ9.SJqUajBB7veRcbmA9oz4g7cVytiAjSjJ_d_XHDw6Wks
DECODED = Array
(
    [sub] => 1
    [name] => Nguyễn Kỳ Vỹ
    [email] => vynguyen12@gmail.com
    [role] => user
    [iat] => 1764394719
    [exp] => 1764999519
    [iss] => VibeMarket
)

RAW TOKEN = eyJ0eXAiOiJKV1QiLCJhbGciOiJIUzI1NiJ9.eyJzdWIiOjQsIm5hbWUiOiJOZ3V5XHUxZWM1biBLXHUxZWYzIFZcdTFlZjkiLCJlbWFpbCI6IjQ1ODg2QHZpYmVtYXJrZXQudm4iLCJ6YWxvX2lkIjoiNjkwMTQzMTIyNzc3NTU3MjYwNSIsInJvbGUiOiJzZWxsZXIiLCJpYXQiOjE3NjQzOTQ2ODksImV4cCI6MTc2NDk5OTQ4OSwiaXNzIjoiVmliZU1hcmtldCJ9.JtjDmWa7f_yYvB5G5ef2XaNMzacrrAcfonTQ8PUOu_4
DECODED = Array
(
    [sub] => 4
    [name] => Nguyễn Kỳ Vỹ
    [email] => 45886@vibemarket.vn
    [zalo_id] => 6901431227775572605
    [role] => seller
    [iat] => 1764394689
    [exp] => 1764999489
    [iss] => VibeMarket
)

RAW TOKEN = 
RAW TOKEN = eyJ0eXAiOiJKV1QiLCJhbGciOiJIUzI1NiJ9.eyJzdWIiOjQsIm5hbWUiOiJOZ3V5XHUxZWM1biBLXHUxZWYzIFZcdTFlZjkiLCJlbWFpbCI6IjQ1ODg2QHZpYmVtYXJrZXQudm4iLCJ6YWxvX2lkIjoiNjkwMTQzMTIyNzc3NTU3MjYwNSIsInJvbGUiOiJzZWxsZXIiLCJpYXQiOjE3NjQzOTQ2ODksImV4cCI6MTc2NDk5OTQ4OSwiaXNzIjoiVmliZU1hcmtldCJ9.JtjDmWa7f_yYvB5G5ef2XaNMzacrrAcfonTQ8PUOu_4
DECODED = Array
(
    [sub] => 4
    [name] => Nguyễn Kỳ Vỹ
    [email] => 45886@vibemarket.vn
    [zalo_id] => 6901431227775572605
    [role] => seller
    [iat] => 1764394689
    [exp] => 1764999489
    [iss] => VibeMarket
)

RAW TOKEN = eyJ0eXAiOiJKV1QiLCJhbGciOiJIUzI1NiJ9.eyJzdWIiOjQsIm5hbWUiOiJOZ3V5XHUxZWM1biBLXHUxZWYzIFZcdTFlZjkiLCJlbWFpbCI6IjQ1ODg2QHZpYmVtYXJrZXQudm4iLCJ6YWxvX2lkIjoiNjkwMTQzMTIyNzc3NTU3MjYwNSIsInJvbGUiOiJzZWxsZXIiLCJpYXQiOjE3NjQzOTQ2ODksImV4cCI6MTc2NDk5OTQ4OSwiaXNzIjoiVmliZU1hcmtldCJ9.JtjDmWa7f_yYvB5G5ef2XaNMzacrrAcfonTQ8PUOu_4
DECODED = Array
(
    [sub] => 4
    [name] => Nguyễn Kỳ Vỹ
    [email] => 45886@vibemarket.vn
    [zalo_id] => 6901431227775572605
    [role] => seller
    [iat] => 1764394689
    [exp] => 1764999489
    [iss] => VibeMarket
)

RAW TOKEN = 
RAW TOKEN = eyJ0eXAiOiJKV1QiLCJhbGciOiJIUzI1NiJ9.eyJzdWIiOjEsIm5hbWUiOiJOZ3V5XHUxZWM1biBLXHUxZWYzIFZcdTFlZjkiLCJlbWFpbCI6InZ5bmd1eWVuMTJAZ21haWwuY29tIiwicm9sZSI6InVzZXIiLCJpYXQiOjE3NjQzOTQ3MTksImV4cCI6MTc2NDk5OTUxOSwiaXNzIjoiVmliZU1hcmtldCJ9.SJqUajBB7veRcbmA9oz4g7cVytiAjSjJ_d_XHDw6Wks
DECODED = Array
(
    [sub] => 1
    [name] => Nguyễn Kỳ Vỹ
    [email] => vynguyen12@gmail.com
    [role] => user
    [iat] => 1764394719
    [exp] => 1764999519
    [iss] => VibeMarket
)

RAW TOKEN = 
RAW TOKEN = eyJ0eXAiOiJKV1QiLCJhbGciOiJIUzI1NiJ9.eyJzdWIiOjEsIm5hbWUiOiJOZ3V5XHUxZWM1biBLXHUxZWYzIFZcdTFlZjkiLCJlbWFpbCI6InZ5bmd1eWVuMTJAZ21haWwuY29tIiwicm9sZSI6InVzZXIiLCJpYXQiOjE3NjQzOTQ3MTksImV4cCI6MTc2NDk5OTUxOSwiaXNzIjoiVmliZU1hcmtldCJ9.SJqUajBB7veRcbmA9oz4g7cVytiAjSjJ_d_XHDw6Wks
DECODED = Array
(
    [sub] => 1
    [name] => Nguyễn Kỳ Vỹ
    [email] => vynguyen12@gmail.com
    [role] => user
    [iat] => 1764394719
    [exp] => 1764999519
    [iss] => VibeMarket
)

RAW TOKEN = 
RAW TOKEN = eyJ0eXAiOiJKV1QiLCJhbGciOiJIUzI1NiJ9.eyJzdWIiOjQsIm5hbWUiOiJOZ3V5XHUxZWM1biBLXHUxZWYzIFZcdTFlZjkiLCJlbWFpbCI6IjQ1ODg2QHZpYmVtYXJrZXQudm4iLCJ6YWxvX2lkIjoiNjkwMTQzMTIyNzc3NTU3MjYwNSIsInJvbGUiOiJzZWxsZXIiLCJpYXQiOjE3NjQzOTQ2ODksImV4cCI6MTc2NDk5OTQ4OSwiaXNzIjoiVmliZU1hcmtldCJ9.JtjDmWa7f_yYvB5G5ef2XaNMzacrrAcfonTQ8PUOu_4
DECODED = Array
(
    [sub] => 4
    [name] => Nguyễn Kỳ Vỹ
    [email] => 45886@vibemarket.vn
    [zalo_id] => 6901431227775572605
    [role] => seller
    [iat] => 1764394689
    [exp] => 1764999489
    [iss] => VibeMarket
)

RAW TOKEN = eyJ0eXAiOiJKV1QiLCJhbGciOiJIUzI1NiJ9.eyJzdWIiOjEsIm5hbWUiOiJOZ3V5XHUxZWM1biBLXHUxZWYzIFZcdTFlZjkiLCJlbWFpbCI6InZ5bmd1eWVuMTJAZ21haWwuY29tIiwicm9sZSI6InVzZXIiLCJpYXQiOjE3NjQzOTQ3MTksImV4cCI6MTc2NDk5OTUxOSwiaXNzIjoiVmliZU1hcmtldCJ9.SJqUajBB7veRcbmA9oz4g7cVytiAjSjJ_d_XHDw6Wks
DECODED = Array
(
    [sub] => 1
    [name] => Nguyễn Kỳ Vỹ
    [email] => vynguyen12@gmail.com
    [role] => user
    [iat] => 1764394719
    [exp] => 1764999519
    [iss] => VibeMarket
)

RAW TOKEN = 
RAW TOKEN = eyJ0eXAiOiJKV1QiLCJhbGciOiJIUzI1NiJ9.eyJzdWIiOjQsIm5hbWUiOiJOZ3V5XHUxZWM1biBLXHUxZWYzIFZcdTFlZjkiLCJlbWFpbCI6IjQ1ODg2QHZpYmVtYXJrZXQudm4iLCJ6YWxvX2lkIjoiNjkwMTQzMTIyNzc3NTU3MjYwNSIsInJvbGUiOiJzZWxsZXIiLCJpYXQiOjE3NjQzOTQ2ODksImV4cCI6MTc2NDk5OTQ4OSwiaXNzIjoiVmliZU1hcmtldCJ9.JtjDmWa7f_yYvB5G5ef2XaNMzacrrAcfonTQ8PUOu_4
DECODED = Array
(
    [sub] => 4
    [name] => Nguyễn Kỳ Vỹ
    [email] => 45886@vibemarket.vn
    [zalo_id] => 6901431227775572605
    [role] => seller
    [iat] => 1764394689
    [exp] => 1764999489
    [iss] => VibeMarket
)

RAW TOKEN = eyJ0eXAiOiJKV1QiLCJhbGciOiJIUzI1NiJ9.eyJzdWIiOjQsIm5hbWUiOiJOZ3V5XHUxZWM1biBLXHUxZWYzIFZcdTFlZjkiLCJlbWFpbCI6IjQ1ODg2QHZpYmVtYXJrZXQudm4iLCJ6YWxvX2lkIjoiNjkwMTQzMTIyNzc3NTU3MjYwNSIsInJvbGUiOiJzZWxsZXIiLCJpYXQiOjE3NjQzOTQ2ODksImV4cCI6MTc2NDk5OTQ4OSwiaXNzIjoiVmliZU1hcmtldCJ9.JtjDmWa7f_yYvB5G5ef2XaNMzacrrAcfonTQ8PUOu_4
DECODED = Array
(
    [sub] => 4
    [name] => Nguyễn Kỳ Vỹ
    [email] => 45886@vibemarket.vn
    [zalo_id] => 6901431227775572605
    [role] => seller
    [iat] => 1764394689
    [exp] => 1764999489
    [iss] => VibeMarket
)

RAW TOKEN = 
RAW TOKEN = 
RAW TOKEN = eyJ0eXAiOiJKV1QiLCJhbGciOiJIUzI1NiJ9.eyJzdWIiOjQsIm5hbWUiOiJOZ3V5XHUxZWM1biBLXHUxZWYzIFZcdTFlZjkiLCJlbWFpbCI6IjQ1ODg2QHZpYmVtYXJrZXQudm4iLCJ6YWxvX2lkIjoiNjkwMTQzMTIyNzc3NTU3MjYwNSIsInJvbGUiOiJzZWxsZXIiLCJpYXQiOjE3NjQzOTQ2ODksImV4cCI6MTc2NDk5OTQ4OSwiaXNzIjoiVmliZU1hcmtldCJ9.JtjDmWa7f_yYvB5G5ef2XaNMzacrrAcfonTQ8PUOu_4
DECODED = Array
(
    [sub] => 4
    [name] => Nguyễn Kỳ Vỹ
    [email] => 45886@vibemarket.vn
    [zalo_id] => 6901431227775572605
    [role] => seller
    [iat] => 1764394689
    [exp] => 1764999489
    [iss] => VibeMarket
)

RAW TOKEN = eyJ0eXAiOiJKV1QiLCJhbGciOiJIUzI1NiJ9.eyJzdWIiOjEsIm5hbWUiOiJOZ3V5XHUxZWM1biBLXHUxZWYzIFZcdTFlZjkiLCJlbWFpbCI6InZ5bmd1eWVuMTJAZ21haWwuY29tIiwicm9sZSI6InVzZXIiLCJpYXQiOjE3NjQzOTUwNjgsImV4cCI6MTc2NDk5OTg2OCwiaXNzIjoiVmliZU1hcmtldCJ9.MWTrLPr7jYqDMIBLmO8KXDafHgv4kBPFx2UtFRW26Oo
DECODED = Array
(
    [sub] => 1
    [name] => Nguyễn Kỳ Vỹ
    [email] => vynguyen12@gmail.com
    [role] => user
    [iat] => 1764395068
    [exp] => 1764999868
    [iss] => VibeMarket
)

RAW TOKEN = eyJ0eXAiOiJKV1QiLCJhbGciOiJIUzI1NiJ9.eyJzdWIiOjEsIm5hbWUiOiJOZ3V5XHUxZWM1biBLXHUxZWYzIFZcdTFlZjkiLCJlbWFpbCI6InZ5bmd1eWVuMTJAZ21haWwuY29tIiwicm9sZSI6InVzZXIiLCJpYXQiOjE3NjQzOTUwNjgsImV4cCI6MTc2NDk5OTg2OCwiaXNzIjoiVmliZU1hcmtldCJ9.MWTrLPr7jYqDMIBLmO8KXDafHgv4kBPFx2UtFRW26Oo
DECODED = Array
(
    [sub] => 1
    [name] => Nguyễn Kỳ Vỹ
    [email] => vynguyen12@gmail.com
    [role] => user
    [iat] => 1764395068
    [exp] => 1764999868
    [iss] => VibeMarket
)

RAW TOKEN = 
RAW TOKEN = 
RAW TOKEN = eyJ0eXAiOiJKV1QiLCJhbGciOiJIUzI1NiJ9.eyJzdWIiOjQsIm5hbWUiOiJOZ3V5XHUxZWM1biBLXHUxZWYzIFZcdTFlZjkiLCJlbWFpbCI6IjQ1ODg2QHZpYmVtYXJrZXQudm4iLCJ6YWxvX2lkIjoiNjkwMTQzMTIyNzc3NTU3MjYwNSIsInJvbGUiOiJzZWxsZXIiLCJpYXQiOjE3NjQzOTQ2ODksImV4cCI6MTc2NDk5OTQ4OSwiaXNzIjoiVmliZU1hcmtldCJ9.JtjDmWa7f_yYvB5G5ef2XaNMzacrrAcfonTQ8PUOu_4
DECODED = Array
(
    [sub] => 4
    [name] => Nguyễn Kỳ Vỹ
    [email] => 45886@vibemarket.vn
    [zalo_id] => 6901431227775572605
    [role] => seller
    [iat] => 1764394689
    [exp] => 1764999489
    [iss] => VibeMarket
)

RAW TOKEN = 
RAW TOKEN = eyJ0eXAiOiJKV1QiLCJhbGciOiJIUzI1NiJ9.eyJzdWIiOjEsIm5hbWUiOiJOZ3V5XHUxZWM1biBLXHUxZWYzIFZcdTFlZjkiLCJlbWFpbCI6InZ5bmd1eWVuMTJAZ21haWwuY29tIiwicm9sZSI6InVzZXIiLCJpYXQiOjE3NjQzOTUwNjgsImV4cCI6MTc2NDk5OTg2OCwiaXNzIjoiVmliZU1hcmtldCJ9.MWTrLPr7jYqDMIBLmO8KXDafHgv4kBPFx2UtFRW26Oo
DECODED = Array
(
    [sub] => 1
    [name] => Nguyễn Kỳ Vỹ
    [email] => vynguyen12@gmail.com
    [role] => user
    [iat] => 1764395068
    [exp] => 1764999868
    [iss] => VibeMarket
)

RAW TOKEN = 
RAW TOKEN = eyJ0eXAiOiJKV1QiLCJhbGciOiJIUzI1NiJ9.eyJzdWIiOjQsIm5hbWUiOiJOZ3V5XHUxZWM1biBLXHUxZWYzIFZcdTFlZjkiLCJlbWFpbCI6IjQ1ODg2QHZpYmVtYXJrZXQudm4iLCJ6YWxvX2lkIjoiNjkwMTQzMTIyNzc3NTU3MjYwNSIsInJvbGUiOiJzZWxsZXIiLCJpYXQiOjE3NjQzOTQ2ODksImV4cCI6MTc2NDk5OTQ4OSwiaXNzIjoiVmliZU1hcmtldCJ9.JtjDmWa7f_yYvB5G5ef2XaNMzacrrAcfonTQ8PUOu_4
DECODED = Array
(
    [sub] => 4
    [name] => Nguyễn Kỳ Vỹ
    [email] => 45886@vibemarket.vn
    [zalo_id] => 6901431227775572605
    [role] => seller
    [iat] => 1764394689
    [exp] => 1764999489
    [iss] => VibeMarket
)

RAW TOKEN = eyJ0eXAiOiJKV1QiLCJhbGciOiJIUzI1NiJ9.eyJzdWIiOjEsIm5hbWUiOiJOZ3V5XHUxZWM1biBLXHUxZWYzIFZcdTFlZjkiLCJlbWFpbCI6InZ5bmd1eWVuMTJAZ21haWwuY29tIiwicm9sZSI6InVzZXIiLCJpYXQiOjE3NjQzOTUwNjgsImV4cCI6MTc2NDk5OTg2OCwiaXNzIjoiVmliZU1hcmtldCJ9.MWTrLPr7jYqDMIBLmO8KXDafHgv4kBPFx2UtFRW26Oo
DECODED = Array
(
    [sub] => 1
    [name] => Nguyễn Kỳ Vỹ
    [email] => vynguyen12@gmail.com
    [role] => user
    [iat] => 1764395068
    [exp] => 1764999868
    [iss] => VibeMarket
)

RAW TOKEN = 
RAW TOKEN = 
RAW TOKEN = eyJ0eXAiOiJKV1QiLCJhbGciOiJIUzI1NiJ9.eyJzdWIiOjQsIm5hbWUiOiJOZ3V5XHUxZWM1biBLXHUxZWYzIFZcdTFlZjkiLCJlbWFpbCI6IjQ1ODg2QHZpYmVtYXJrZXQudm4iLCJ6YWxvX2lkIjoiNjkwMTQzMTIyNzc3NTU3MjYwNSIsInJvbGUiOiJzZWxsZXIiLCJpYXQiOjE3NjQzOTQ2ODksImV4cCI6MTc2NDk5OTQ4OSwiaXNzIjoiVmliZU1hcmtldCJ9.JtjDmWa7f_yYvB5G5ef2XaNMzacrrAcfonTQ8PUOu_4
DECODED = Array
(
    [sub] => 4
    [name] => Nguyễn Kỳ Vỹ
    [email] => 45886@vibemarket.vn
    [zalo_id] => 6901431227775572605
    [role] => seller
    [iat] => 1764394689
    [exp] => 1764999489
    [iss] => VibeMarket
)

RAW TOKEN = eyJ0eXAiOiJKV1QiLCJhbGciOiJIUzI1NiJ9.eyJzdWIiOjEsIm5hbWUiOiJOZ3V5XHUxZWM1biBLXHUxZWYzIFZcdTFlZjkiLCJlbWFpbCI6InZ5bmd1eWVuMTJAZ21haWwuY29tIiwicm9sZSI6InVzZXIiLCJpYXQiOjE3NjQzOTUwNjgsImV4cCI6MTc2NDk5OTg2OCwiaXNzIjoiVmliZU1hcmtldCJ9.MWTrLPr7jYqDMIBLmO8KXDafHgv4kBPFx2UtFRW26Oo
DECODED = Array
(
    [sub] => 1
    [name] => Nguyễn Kỳ Vỹ
    [email] => vynguyen12@gmail.com
    [role] => user
    [iat] => 1764395068
    [exp] => 1764999868
    [iss] => VibeMarket
)

RAW TOKEN = 
RAW TOKEN = 
RAW TOKEN = eyJ0eXAiOiJKV1QiLCJhbGciOiJIUzI1NiJ9.eyJzdWIiOjQsIm5hbWUiOiJOZ3V5XHUxZWM1biBLXHUxZWYzIFZcdTFlZjkiLCJlbWFpbCI6IjQ1ODg2QHZpYmVtYXJrZXQudm4iLCJ6YWxvX2lkIjoiNjkwMTQzMTIyNzc3NTU3MjYwNSIsInJvbGUiOiJzZWxsZXIiLCJpYXQiOjE3NjQzOTQ2ODksImV4cCI6MTc2NDk5OTQ4OSwiaXNzIjoiVmliZU1hcmtldCJ9.JtjDmWa7f_yYvB5G5ef2XaNMzacrrAcfonTQ8PUOu_4
DECODED = Array
(
    [sub] => 4
    [name] => Nguyễn Kỳ Vỹ
    [email] => 45886@vibemarket.vn
    [zalo_id] => 6901431227775572605
    [role] => seller
    [iat] => 1764394689
    [exp] => 1764999489
    [iss] => VibeMarket
)

RAW TOKEN = eyJ0eXAiOiJKV1QiLCJhbGciOiJIUzI1NiJ9.eyJzdWIiOjEsIm5hbWUiOiJOZ3V5XHUxZWM1biBLXHUxZWYzIFZcdTFlZjkiLCJlbWFpbCI6InZ5bmd1eWVuMTJAZ21haWwuY29tIiwicm9sZSI6InVzZXIiLCJpYXQiOjE3NjQzOTUwNjgsImV4cCI6MTc2NDk5OTg2OCwiaXNzIjoiVmliZU1hcmtldCJ9.MWTrLPr7jYqDMIBLmO8KXDafHgv4kBPFx2UtFRW26Oo
DECODED = Array
(
    [sub] => 1
    [name] => Nguyễn Kỳ Vỹ
    [email] => vynguyen12@gmail.com
    [role] => user
    [iat] => 1764395068
    [exp] => 1764999868
    [iss] => VibeMarket
)

RAW TOKEN = 
RAW TOKEN = 
RAW TOKEN = eyJ0eXAiOiJKV1QiLCJhbGciOiJIUzI1NiJ9.eyJzdWIiOjQsIm5hbWUiOiJOZ3V5XHUxZWM1biBLXHUxZWYzIFZcdTFlZjkiLCJlbWFpbCI6IjQ1ODg2QHZpYmVtYXJrZXQudm4iLCJ6YWxvX2lkIjoiNjkwMTQzMTIyNzc3NTU3MjYwNSIsInJvbGUiOiJzZWxsZXIiLCJpYXQiOjE3NjQzOTQ2ODksImV4cCI6MTc2NDk5OTQ4OSwiaXNzIjoiVmliZU1hcmtldCJ9.JtjDmWa7f_yYvB5G5ef2XaNMzacrrAcfonTQ8PUOu_4
DECODED = Array
(
    [sub] => 4
    [name] => Nguyễn Kỳ Vỹ
    [email] => 45886@vibemarket.vn
    [zalo_id] => 6901431227775572605
    [role] => seller
    [iat] => 1764394689
    [exp] => 1764999489
    [iss] => VibeMarket
)

RAW TOKEN = eyJ0eXAiOiJKV1QiLCJhbGciOiJIUzI1NiJ9.eyJzdWIiOjEsIm5hbWUiOiJOZ3V5XHUxZWM1biBLXHUxZWYzIFZcdTFlZjkiLCJlbWFpbCI6InZ5bmd1eWVuMTJAZ21haWwuY29tIiwicm9sZSI6InVzZXIiLCJpYXQiOjE3NjQzOTUwNjgsImV4cCI6MTc2NDk5OTg2OCwiaXNzIjoiVmliZU1hcmtldCJ9.MWTrLPr7jYqDMIBLmO8KXDafHgv4kBPFx2UtFRW26Oo
DECODED = Array
(
    [sub] => 1
    [name] => Nguyễn Kỳ Vỹ
    [email] => vynguyen12@gmail.com
    [role] => user
    [iat] => 1764395068
    [exp] => 1764999868
    [iss] => VibeMarket
)

RAW TOKEN = 
RAW TOKEN = 
RAW TOKEN = 
RAW TOKEN = eyJ0eXAiOiJKV1QiLCJhbGciOiJIUzI1NiJ9.eyJzdWIiOjQsIm5hbWUiOiJOZ3V5XHUxZWM1biBLXHUxZWYzIFZcdTFlZjkiLCJlbWFpbCI6IjQ1ODg2QHZpYmVtYXJrZXQudm4iLCJ6YWxvX2lkIjoiNjkwMTQzMTIyNzc3NTU3MjYwNSIsInJvbGUiOiJzZWxsZXIiLCJpYXQiOjE3NjQzOTQ2ODksImV4cCI6MTc2NDk5OTQ4OSwiaXNzIjoiVmliZU1hcmtldCJ9.JtjDmWa7f_yYvB5G5ef2XaNMzacrrAcfonTQ8PUOu_4
DECODED = Array
(
    [sub] => 4
    [name] => Nguyễn Kỳ Vỹ
    [email] => 45886@vibemarket.vn
    [zalo_id] => 6901431227775572605
    [role] => seller
    [iat] => 1764394689
    [exp] => 1764999489
    [iss] => VibeMarket
)

RAW TOKEN = eyJ0eXAiOiJKV1QiLCJhbGciOiJIUzI1NiJ9.eyJzdWIiOjQsIm5hbWUiOiJOZ3V5XHUxZWM1biBLXHUxZWYzIFZcdTFlZjkiLCJlbWFpbCI6IjQ1ODg2QHZpYmVtYXJrZXQudm4iLCJ6YWxvX2lkIjoiNjkwMTQzMTIyNzc3NTU3MjYwNSIsInJvbGUiOiJzZWxsZXIiLCJpYXQiOjE3NjQzOTQ2ODksImV4cCI6MTc2NDk5OTQ4OSwiaXNzIjoiVmliZU1hcmtldCJ9.JtjDmWa7f_yYvB5G5ef2XaNMzacrrAcfonTQ8PUOu_4
DECODED = Array
(
    [sub] => 4
    [name] => Nguyễn Kỳ Vỹ
    [email] => 45886@vibemarket.vn
    [zalo_id] => 6901431227775572605
    [role] => seller
    [iat] => 1764394689
    [exp] => 1764999489
    [iss] => VibeMarket
)

RAW TOKEN = eyJ0eXAiOiJKV1QiLCJhbGciOiJIUzI1NiJ9.eyJzdWIiOjEsIm5hbWUiOiJOZ3V5XHUxZWM1biBLXHUxZWYzIFZcdTFlZjkiLCJlbWFpbCI6InZ5bmd1eWVuMTJAZ21haWwuY29tIiwicm9sZSI6InVzZXIiLCJpYXQiOjE3NjQzOTUwNjgsImV4cCI6MTc2NDk5OTg2OCwiaXNzIjoiVmliZU1hcmtldCJ9.MWTrLPr7jYqDMIBLmO8KXDafHgv4kBPFx2UtFRW26Oo
DECODED = Array
(
    [sub] => 1
    [name] => Nguyễn Kỳ Vỹ
    [email] => vynguyen12@gmail.com
    [role] => user
    [iat] => 1764395068
    [exp] => 1764999868
    [iss] => VibeMarket
)

RAW TOKEN = 
RAW TOKEN = 
RAW TOKEN = eyJ0eXAiOiJKV1QiLCJhbGciOiJIUzI1NiJ9.eyJzdWIiOjQsIm5hbWUiOiJOZ3V5XHUxZWM1biBLXHUxZWYzIFZcdTFlZjkiLCJlbWFpbCI6IjQ1ODg2QHZpYmVtYXJrZXQudm4iLCJ6YWxvX2lkIjoiNjkwMTQzMTIyNzc3NTU3MjYwNSIsInJvbGUiOiJzZWxsZXIiLCJpYXQiOjE3NjQzOTQ2ODksImV4cCI6MTc2NDk5OTQ4OSwiaXNzIjoiVmliZU1hcmtldCJ9.JtjDmWa7f_yYvB5G5ef2XaNMzacrrAcfonTQ8PUOu_4
DECODED = Array
(
    [sub] => 4
    [name] => Nguyễn Kỳ Vỹ
    [email] => 45886@vibemarket.vn
    [zalo_id] => 6901431227775572605
    [role] => seller
    [iat] => 1764394689
    [exp] => 1764999489
    [iss] => VibeMarket
)

RAW TOKEN = 
RAW TOKEN = eyJ0eXAiOiJKV1QiLCJhbGciOiJIUzI1NiJ9.eyJzdWIiOjQsIm5hbWUiOiJOZ3V5XHUxZWM1biBLXHUxZWYzIFZcdTFlZjkiLCJlbWFpbCI6IjQ1ODg2QHZpYmVtYXJrZXQudm4iLCJ6YWxvX2lkIjoiNjkwMTQzMTIyNzc3NTU3MjYwNSIsInJvbGUiOiJzZWxsZXIiLCJpYXQiOjE3NjQzOTQ2ODksImV4cCI6MTc2NDk5OTQ4OSwiaXNzIjoiVmliZU1hcmtldCJ9.JtjDmWa7f_yYvB5G5ef2XaNMzacrrAcfonTQ8PUOu_4
DECODED = Array
(
    [sub] => 4
    [name] => Nguyễn Kỳ Vỹ
    [email] => 45886@vibemarket.vn
    [zalo_id] => 6901431227775572605
    [role] => seller
    [iat] => 1764394689
    [exp] => 1764999489
    [iss] => VibeMarket
)

RAW TOKEN = 
RAW TOKEN = eyJ0eXAiOiJKV1QiLCJhbGciOiJIUzI1NiJ9.eyJzdWIiOjEsIm5hbWUiOiJOZ3V5XHUxZWM1biBLXHUxZWYzIFZcdTFlZjkiLCJlbWFpbCI6InZ5bmd1eWVuMTJAZ21haWwuY29tIiwicm9sZSI6InVzZXIiLCJpYXQiOjE3NjQzOTUyNzUsImV4cCI6MTc2NTAwMDA3NSwiaXNzIjoiVmliZU1hcmtldCJ9.aASaLo12ZDzvEG2MfDGAjVo3BBOzqQdnqdwgDMYVegY
DECODED = Array
(
    [sub] => 1
    [name] => Nguyễn Kỳ Vỹ
    [email] => vynguyen12@gmail.com
    [role] => user
    [iat] => 1764395275
    [exp] => 1765000075
    [iss] => VibeMarket
)

RAW TOKEN = eyJ0eXAiOiJKV1QiLCJhbGciOiJIUzI1NiJ9.eyJzdWIiOjEsIm5hbWUiOiJOZ3V5XHUxZWM1biBLXHUxZWYzIFZcdTFlZjkiLCJlbWFpbCI6InZ5bmd1eWVuMTJAZ21haWwuY29tIiwicm9sZSI6InVzZXIiLCJpYXQiOjE3NjQzOTUyNzUsImV4cCI6MTc2NTAwMDA3NSwiaXNzIjoiVmliZU1hcmtldCJ9.aASaLo12ZDzvEG2MfDGAjVo3BBOzqQdnqdwgDMYVegY
DECODED = Array
(
    [sub] => 1
    [name] => Nguyễn Kỳ Vỹ
    [email] => vynguyen12@gmail.com
    [role] => user
    [iat] => 1764395275
    [exp] => 1765000075
    [iss] => VibeMarket
)

RAW TOKEN = 
RAW TOKEN = 
RAW TOKEN = eyJ0eXAiOiJKV1QiLCJhbGciOiJIUzI1NiJ9.eyJzdWIiOjQsIm5hbWUiOiJOZ3V5XHUxZWM1biBLXHUxZWYzIFZcdTFlZjkiLCJlbWFpbCI6IjQ1ODg2QHZpYmVtYXJrZXQudm4iLCJ6YWxvX2lkIjoiNjkwMTQzMTIyNzc3NTU3MjYwNSIsInJvbGUiOiJzZWxsZXIiLCJpYXQiOjE3NjQzOTQ2ODksImV4cCI6MTc2NDk5OTQ4OSwiaXNzIjoiVmliZU1hcmtldCJ9.JtjDmWa7f_yYvB5G5ef2XaNMzacrrAcfonTQ8PUOu_4
DECODED = Array
(
    [sub] => 4
    [name] => Nguyễn Kỳ Vỹ
    [email] => 45886@vibemarket.vn
    [zalo_id] => 6901431227775572605
    [role] => seller
    [iat] => 1764394689
    [exp] => 1764999489
    [iss] => VibeMarket
)

RAW TOKEN = eyJ0eXAiOiJKV1QiLCJhbGciOiJIUzI1NiJ9.eyJzdWIiOjEsIm5hbWUiOiJOZ3V5XHUxZWM1biBLXHUxZWYzIFZcdTFlZjkiLCJlbWFpbCI6InZ5bmd1eWVuMTJAZ21haWwuY29tIiwicm9sZSI6InVzZXIiLCJpYXQiOjE3NjQzOTUyNzUsImV4cCI6MTc2NTAwMDA3NSwiaXNzIjoiVmliZU1hcmtldCJ9.aASaLo12ZDzvEG2MfDGAjVo3BBOzqQdnqdwgDMYVegY
DECODED = Array
(
    [sub] => 1
    [name] => Nguyễn Kỳ Vỹ
    [email] => vynguyen12@gmail.com
    [role] => user
    [iat] => 1764395275
    [exp] => 1765000075
    [iss] => VibeMarket
)

RAW TOKEN = 
RAW TOKEN = 
RAW TOKEN = eyJ0eXAiOiJKV1QiLCJhbGciOiJIUzI1NiJ9.eyJzdWIiOjQsIm5hbWUiOiJOZ3V5XHUxZWM1biBLXHUxZWYzIFZcdTFlZjkiLCJlbWFpbCI6IjQ1ODg2QHZpYmVtYXJrZXQudm4iLCJ6YWxvX2lkIjoiNjkwMTQzMTIyNzc3NTU3MjYwNSIsInJvbGUiOiJzZWxsZXIiLCJpYXQiOjE3NjQzOTQ2ODksImV4cCI6MTc2NDk5OTQ4OSwiaXNzIjoiVmliZU1hcmtldCJ9.JtjDmWa7f_yYvB5G5ef2XaNMzacrrAcfonTQ8PUOu_4
DECODED = Array
(
    [sub] => 4
    [name] => Nguyễn Kỳ Vỹ
    [email] => 45886@vibemarket.vn
    [zalo_id] => 6901431227775572605
    [role] => seller
    [iat] => 1764394689
    [exp] => 1764999489
    [iss] => VibeMarket
)

RAW TOKEN = 
RAW TOKEN = eyJ0eXAiOiJKV1QiLCJhbGciOiJIUzI1NiJ9.eyJzdWIiOjQsIm5hbWUiOiJOZ3V5XHUxZWM1biBLXHUxZWYzIFZcdTFlZjkiLCJlbWFpbCI6IjQ1ODg2QHZpYmVtYXJrZXQudm4iLCJ6YWxvX2lkIjoiNjkwMTQzMTIyNzc3NTU3MjYwNSIsInJvbGUiOiJzZWxsZXIiLCJpYXQiOjE3NjQzOTQ2ODksImV4cCI6MTc2NDk5OTQ4OSwiaXNzIjoiVmliZU1hcmtldCJ9.JtjDmWa7f_yYvB5G5ef2XaNMzacrrAcfonTQ8PUOu_4
DECODED = Array
(
    [sub] => 4
    [name] => Nguyễn Kỳ Vỹ
    [email] => 45886@vibemarket.vn
    [zalo_id] => 6901431227775572605
    [role] => seller
    [iat] => 1764394689
    [exp] => 1764999489
    [iss] => VibeMarket
)

RAW TOKEN = 
RAW TOKEN = eyJ0eXAiOiJKV1QiLCJhbGciOiJIUzI1NiJ9.eyJzdWIiOjQsIm5hbWUiOiJOZ3V5XHUxZWM1biBLXHUxZWYzIFZcdTFlZjkiLCJlbWFpbCI6IjQ1ODg2QHZpYmVtYXJrZXQudm4iLCJ6YWxvX2lkIjoiNjkwMTQzMTIyNzc3NTU3MjYwNSIsInJvbGUiOiJzZWxsZXIiLCJpYXQiOjE3NjQzOTUzMzgsImV4cCI6MTc2NTAwMDEzOCwiaXNzIjoiVmliZU1hcmtldCJ9.ZmyAJpG3jiidRIK2AC0Fa36zouSOiXFk-yesyb-iFw0
DECODED = Array
(
    [sub] => 4
    [name] => Nguyễn Kỳ Vỹ
    [email] => 45886@vibemarket.vn
    [zalo_id] => 6901431227775572605
    [role] => seller
    [iat] => 1764395338
    [exp] => 1765000138
    [iss] => VibeMarket
)

RAW TOKEN = 
RAW TOKEN = 
RAW TOKEN = eyJ0eXAiOiJKV1QiLCJhbGciOiJIUzI1NiJ9.eyJzdWIiOjQsIm5hbWUiOiJOZ3V5XHUxZWM1biBLXHUxZWYzIFZcdTFlZjkiLCJlbWFpbCI6IjQ1ODg2QHZpYmVtYXJrZXQudm4iLCJ6YWxvX2lkIjoiNjkwMTQzMTIyNzc3NTU3MjYwNSIsInJvbGUiOiJzZWxsZXIiLCJpYXQiOjE3NjQzOTUzMzgsImV4cCI6MTc2NTAwMDEzOCwiaXNzIjoiVmliZU1hcmtldCJ9.ZmyAJpG3jiidRIK2AC0Fa36zouSOiXFk-yesyb-iFw0
DECODED = Array
(
    [sub] => 4
    [name] => Nguyễn Kỳ Vỹ
    [email] => 45886@vibemarket.vn
    [zalo_id] => 6901431227775572605
    [role] => seller
    [iat] => 1764395338
    [exp] => 1765000138
    [iss] => VibeMarket
)

RAW TOKEN = 
RAW TOKEN = 
RAW TOKEN = eyJ0eXAiOiJKV1QiLCJhbGciOiJIUzI1NiJ9.eyJzdWIiOjQsIm5hbWUiOiJOZ3V5XHUxZWM1biBLXHUxZWYzIFZcdTFlZjkiLCJlbWFpbCI6IjQ1ODg2QHZpYmVtYXJrZXQudm4iLCJ6YWxvX2lkIjoiNjkwMTQzMTIyNzc3NTU3MjYwNSIsInJvbGUiOiJzZWxsZXIiLCJpYXQiOjE3NjQzOTUzMzgsImV4cCI6MTc2NTAwMDEzOCwiaXNzIjoiVmliZU1hcmtldCJ9.ZmyAJpG3jiidRIK2AC0Fa36zouSOiXFk-yesyb-iFw0
DECODED = Array
(
    [sub] => 4
    [name] => Nguyễn Kỳ Vỹ
    [email] => 45886@vibemarket.vn
    [zalo_id] => 6901431227775572605
    [role] => seller
    [iat] => 1764395338
    [exp] => 1765000138
    [iss] => VibeMarket
)

RAW TOKEN = 
RAW TOKEN = 
RAW TOKEN = eyJ0eXAiOiJKV1QiLCJhbGciOiJIUzI1NiJ9.eyJzdWIiOjQsIm5hbWUiOiJOZ3V5XHUxZWM1biBLXHUxZWYzIFZcdTFlZjkiLCJlbWFpbCI6IjQ1ODg2QHZpYmVtYXJrZXQudm4iLCJ6YWxvX2lkIjoiNjkwMTQzMTIyNzc3NTU3MjYwNSIsInJvbGUiOiJzZWxsZXIiLCJpYXQiOjE3NjQzOTUzMzgsImV4cCI6MTc2NTAwMDEzOCwiaXNzIjoiVmliZU1hcmtldCJ9.ZmyAJpG3jiidRIK2AC0Fa36zouSOiXFk-yesyb-iFw0
DECODED = Array
(
    [sub] => 4
    [name] => Nguyễn Kỳ Vỹ
    [email] => 45886@vibemarket.vn
    [zalo_id] => 6901431227775572605
    [role] => seller
    [iat] => 1764395338
    [exp] => 1765000138
    [iss] => VibeMarket
)

RAW TOKEN = 
RAW TOKEN = 
RAW TOKEN = 
RAW TOKEN = eyJ0eXAiOiJKV1QiLCJhbGciOiJIUzI1NiJ9.eyJzdWIiOjQsIm5hbWUiOiJOZ3V5XHUxZWM1biBLXHUxZWYzIFZcdTFlZjkiLCJlbWFpbCI6IjQ1ODg2QHZpYmVtYXJrZXQudm4iLCJ6YWxvX2lkIjoiNjkwMTQzMTIyNzc3NTU3MjYwNSIsInJvbGUiOiJzZWxsZXIiLCJpYXQiOjE3NjQzOTUzMzgsImV4cCI6MTc2NTAwMDEzOCwiaXNzIjoiVmliZU1hcmtldCJ9.ZmyAJpG3jiidRIK2AC0Fa36zouSOiXFk-yesyb-iFw0
DECODED = Array
(
    [sub] => 4
    [name] => Nguyễn Kỳ Vỹ
    [email] => 45886@vibemarket.vn
    [zalo_id] => 6901431227775572605
    [role] => seller
    [iat] => 1764395338
    [exp] => 1765000138
    [iss] => VibeMarket
)

RAW TOKEN = 
RAW TOKEN = 
RAW TOKEN = eyJ0eXAiOiJKV1QiLCJhbGciOiJIUzI1NiJ9.eyJzdWIiOjEsIm5hbWUiOiJOZ3V5XHUxZWM1biBLXHUxZWYzIFZcdTFlZjkiLCJlbWFpbCI6InZ5bmd1eWVuMTJAZ21haWwuY29tIiwicm9sZSI6InVzZXIiLCJpYXQiOjE3NjQzOTU0NzEsImV4cCI6MTc2NTAwMDI3MSwiaXNzIjoiVmliZU1hcmtldCJ9.Je4OBi8z5xWf3cHVrk7Oen8F6tU7rFr8SZiy-fQbdlU
DECODED = Array
(
    [sub] => 1
    [name] => Nguyễn Kỳ Vỹ
    [email] => vynguyen12@gmail.com
    [role] => user
    [iat] => 1764395471
    [exp] => 1765000271
    [iss] => VibeMarket
)

RAW TOKEN = eyJ0eXAiOiJKV1QiLCJhbGciOiJIUzI1NiJ9.eyJzdWIiOjEsIm5hbWUiOiJOZ3V5XHUxZWM1biBLXHUxZWYzIFZcdTFlZjkiLCJlbWFpbCI6InZ5bmd1eWVuMTJAZ21haWwuY29tIiwicm9sZSI6InVzZXIiLCJpYXQiOjE3NjQzOTU0NzEsImV4cCI6MTc2NTAwMDI3MSwiaXNzIjoiVmliZU1hcmtldCJ9.Je4OBi8z5xWf3cHVrk7Oen8F6tU7rFr8SZiy-fQbdlU
DECODED = Array
(
    [sub] => 1
    [name] => Nguyễn Kỳ Vỹ
    [email] => vynguyen12@gmail.com
    [role] => user
    [iat] => 1764395471
    [exp] => 1765000271
    [iss] => VibeMarket
)

RAW TOKEN = 
RAW TOKEN = eyJ0eXAiOiJKV1QiLCJhbGciOiJIUzI1NiJ9.eyJzdWIiOjEsIm5hbWUiOiJOZ3V5XHUxZWM1biBLXHUxZWYzIFZcdTFlZjkiLCJlbWFpbCI6InZ5bmd1eWVuMTJAZ21haWwuY29tIiwicm9sZSI6InVzZXIiLCJpYXQiOjE3NjQzOTU0NzEsImV4cCI6MTc2NTAwMDI3MSwiaXNzIjoiVmliZU1hcmtldCJ9.Je4OBi8z5xWf3cHVrk7Oen8F6tU7rFr8SZiy-fQbdlU
DECODED = Array
(
    [sub] => 1
    [name] => Nguyễn Kỳ Vỹ
    [email] => vynguyen12@gmail.com
    [role] => user
    [iat] => 1764395471
    [exp] => 1765000271
    [iss] => VibeMarket
)

RAW TOKEN = 
RAW TOKEN = 
RAW TOKEN = eyJ0eXAiOiJKV1QiLCJhbGciOiJIUzI1NiJ9.eyJzdWIiOjQsIm5hbWUiOiJOZ3V5XHUxZWM1biBLXHUxZWYzIFZcdTFlZjkiLCJlbWFpbCI6IjQ1ODg2QHZpYmVtYXJrZXQudm4iLCJ6YWxvX2lkIjoiNjkwMTQzMTIyNzc3NTU3MjYwNSIsInJvbGUiOiJzZWxsZXIiLCJpYXQiOjE3NjQzOTUzMzgsImV4cCI6MTc2NTAwMDEzOCwiaXNzIjoiVmliZU1hcmtldCJ9.ZmyAJpG3jiidRIK2AC0Fa36zouSOiXFk-yesyb-iFw0
DECODED = Array
(
    [sub] => 4
    [name] => Nguyễn Kỳ Vỹ
    [email] => 45886@vibemarket.vn
    [zalo_id] => 6901431227775572605
    [role] => seller
    [iat] => 1764395338
    [exp] => 1765000138
    [iss] => VibeMarket
)

RAW TOKEN = 
RAW TOKEN = 
RAW TOKEN = eyJ0eXAiOiJKV1QiLCJhbGciOiJIUzI1NiJ9.eyJzdWIiOjQsIm5hbWUiOiJOZ3V5XHUxZWM1biBLXHUxZWYzIFZcdTFlZjkiLCJlbWFpbCI6IjQ1ODg2QHZpYmVtYXJrZXQudm4iLCJ6YWxvX2lkIjoiNjkwMTQzMTIyNzc3NTU3MjYwNSIsInJvbGUiOiJzZWxsZXIiLCJpYXQiOjE3NjQzOTUzMzgsImV4cCI6MTc2NTAwMDEzOCwiaXNzIjoiVmliZU1hcmtldCJ9.ZmyAJpG3jiidRIK2AC0Fa36zouSOiXFk-yesyb-iFw0
DECODED = Array
(
    [sub] => 4
    [name] => Nguyễn Kỳ Vỹ
    [email] => 45886@vibemarket.vn
    [zalo_id] => 6901431227775572605
    [role] => seller
    [iat] => 1764395338
    [exp] => 1765000138
    [iss] => VibeMarket
)

RAW TOKEN = 
RAW TOKEN = eyJ0eXAiOiJKV1QiLCJhbGciOiJIUzI1NiJ9.eyJzdWIiOjQsIm5hbWUiOiJOZ3V5XHUxZWM1biBLXHUxZWYzIFZcdTFlZjkiLCJlbWFpbCI6IjQ1ODg2QHZpYmVtYXJrZXQudm4iLCJ6YWxvX2lkIjoiNjkwMTQzMTIyNzc3NTU3MjYwNSIsInJvbGUiOiJzZWxsZXIiLCJpYXQiOjE3NjQzOTUzMzgsImV4cCI6MTc2NTAwMDEzOCwiaXNzIjoiVmliZU1hcmtldCJ9.ZmyAJpG3jiidRIK2AC0Fa36zouSOiXFk-yesyb-iFw0
DECODED = Array
(
    [sub] => 4
    [name] => Nguyễn Kỳ Vỹ
    [email] => 45886@vibemarket.vn
    [zalo_id] => 6901431227775572605
    [role] => seller
    [iat] => 1764395338
    [exp] => 1765000138
    [iss] => VibeMarket
)

RAW TOKEN = 
RAW TOKEN = eyJ0eXAiOiJKV1QiLCJhbGciOiJIUzI1NiJ9.eyJzdWIiOjQsIm5hbWUiOiJOZ3V5XHUxZWM1biBLXHUxZWYzIFZcdTFlZjkiLCJlbWFpbCI6IjQ1ODg2QHZpYmVtYXJrZXQudm4iLCJ6YWxvX2lkIjoiNjkwMTQzMTIyNzc3NTU3MjYwNSIsInJvbGUiOiJzZWxsZXIiLCJpYXQiOjE3NjQzOTUzMzgsImV4cCI6MTc2NTAwMDEzOCwiaXNzIjoiVmliZU1hcmtldCJ9.ZmyAJpG3jiidRIK2AC0Fa36zouSOiXFk-yesyb-iFw0
DECODED = Array
(
    [sub] => 4
    [name] => Nguyễn Kỳ Vỹ
    [email] => 45886@vibemarket.vn
    [zalo_id] => 6901431227775572605
    [role] => seller
    [iat] => 1764395338
    [exp] => 1765000138
    [iss] => VibeMarket
)

RAW TOKEN = eyJ0eXAiOiJKV1QiLCJhbGciOiJIUzI1NiJ9.eyJzdWIiOjQsIm5hbWUiOiJOZ3V5XHUxZWM1biBLXHUxZWYzIFZcdTFlZjkiLCJlbWFpbCI6IjQ1ODg2QHZpYmVtYXJrZXQudm4iLCJ6YWxvX2lkIjoiNjkwMTQzMTIyNzc3NTU3MjYwNSIsInJvbGUiOiJzZWxsZXIiLCJpYXQiOjE3NjQzOTUzMzgsImV4cCI6MTc2NTAwMDEzOCwiaXNzIjoiVmliZU1hcmtldCJ9.ZmyAJpG3jiidRIK2AC0Fa36zouSOiXFk-yesyb-iFw0
DECODED = Array
(
    [sub] => 4
    [name] => Nguyễn Kỳ Vỹ
    [email] => 45886@vibemarket.vn
    [zalo_id] => 6901431227775572605
    [role] => seller
    [iat] => 1764395338
    [exp] => 1765000138
    [iss] => VibeMarket
)

RAW TOKEN = 
RAW TOKEN = 
RAW TOKEN = eyJ0eXAiOiJKV1QiLCJhbGciOiJIUzI1NiJ9.eyJzdWIiOjQsIm5hbWUiOiJOZ3V5XHUxZWM1biBLXHUxZWYzIFZcdTFlZjkiLCJlbWFpbCI6IjQ1ODg2QHZpYmVtYXJrZXQudm4iLCJ6YWxvX2lkIjoiNjkwMTQzMTIyNzc3NTU3MjYwNSIsInJvbGUiOiJzZWxsZXIiLCJpYXQiOjE3NjQzOTUzMzgsImV4cCI6MTc2NTAwMDEzOCwiaXNzIjoiVmliZU1hcmtldCJ9.ZmyAJpG3jiidRIK2AC0Fa36zouSOiXFk-yesyb-iFw0
DECODED = Array
(
    [sub] => 4
    [name] => Nguyễn Kỳ Vỹ
    [email] => 45886@vibemarket.vn
    [zalo_id] => 6901431227775572605
    [role] => seller
    [iat] => 1764395338
    [exp] => 1765000138
    [iss] => VibeMarket
)

RAW TOKEN = eyJ0eXAiOiJKV1QiLCJhbGciOiJIUzI1NiJ9.eyJzdWIiOjQsIm5hbWUiOiJOZ3V5XHUxZWM1biBLXHUxZWYzIFZcdTFlZjkiLCJlbWFpbCI6IjQ1ODg2QHZpYmVtYXJrZXQudm4iLCJ6YWxvX2lkIjoiNjkwMTQzMTIyNzc3NTU3MjYwNSIsInJvbGUiOiJzZWxsZXIiLCJpYXQiOjE3NjQzOTUzMzgsImV4cCI6MTc2NTAwMDEzOCwiaXNzIjoiVmliZU1hcmtldCJ9.ZmyAJpG3jiidRIK2AC0Fa36zouSOiXFk-yesyb-iFw0
DECODED = Array
(
    [sub] => 4
    [name] => Nguyễn Kỳ Vỹ
    [email] => 45886@vibemarket.vn
    [zalo_id] => 6901431227775572605
    [role] => seller
    [iat] => 1764395338
    [exp] => 1765000138
    [iss] => VibeMarket
)

RAW TOKEN = eyJ0eXAiOiJKV1QiLCJhbGciOiJIUzI1NiJ9.eyJzdWIiOjQsIm5hbWUiOiJOZ3V5XHUxZWM1biBLXHUxZWYzIFZcdTFlZjkiLCJlbWFpbCI6IjQ1ODg2QHZpYmVtYXJrZXQudm4iLCJ6YWxvX2lkIjoiNjkwMTQzMTIyNzc3NTU3MjYwNSIsInJvbGUiOiJzZWxsZXIiLCJpYXQiOjE3NjQzOTUzMzgsImV4cCI6MTc2NTAwMDEzOCwiaXNzIjoiVmliZU1hcmtldCJ9.ZmyAJpG3jiidRIK2AC0Fa36zouSOiXFk-yesyb-iFw0
DECODED = Array
(
    [sub] => 4
    [name] => Nguyễn Kỳ Vỹ
    [email] => 45886@vibemarket.vn
    [zalo_id] => 6901431227775572605
    [role] => seller
    [iat] => 1764395338
    [exp] => 1765000138
    [iss] => VibeMarket
)

RAW TOKEN = eyJ0eXAiOiJKV1QiLCJhbGciOiJIUzI1NiJ9.eyJzdWIiOjEsIm5hbWUiOiJOZ3V5XHUxZWM1biBLXHUxZWYzIFZcdTFlZjkiLCJlbWFpbCI6InZ5bmd1eWVuMTJAZ21haWwuY29tIiwicm9sZSI6InVzZXIiLCJpYXQiOjE3NjQzOTU1NDAsImV4cCI6MTc2NTAwMDM0MCwiaXNzIjoiVmliZU1hcmtldCJ9.BkAIOnc0CZ8vZWd4xKP7fuKWIhWnZ5kqJEJtYYSHd2Y
DECODED = Array
(
    [sub] => 1
    [name] => Nguyễn Kỳ Vỹ
    [email] => vynguyen12@gmail.com
    [role] => user
    [iat] => 1764395540
    [exp] => 1765000340
    [iss] => VibeMarket
)

RAW TOKEN = eyJ0eXAiOiJKV1QiLCJhbGciOiJIUzI1NiJ9.eyJzdWIiOjEsIm5hbWUiOiJOZ3V5XHUxZWM1biBLXHUxZWYzIFZcdTFlZjkiLCJlbWFpbCI6InZ5bmd1eWVuMTJAZ21haWwuY29tIiwicm9sZSI6InVzZXIiLCJpYXQiOjE3NjQzOTU1NDAsImV4cCI6MTc2NTAwMDM0MCwiaXNzIjoiVmliZU1hcmtldCJ9.BkAIOnc0CZ8vZWd4xKP7fuKWIhWnZ5kqJEJtYYSHd2Y
DECODED = Array
(
    [sub] => 1
    [name] => Nguyễn Kỳ Vỹ
    [email] => vynguyen12@gmail.com
    [role] => user
    [iat] => 1764395540
    [exp] => 1765000340
    [iss] => VibeMarket
)

RAW TOKEN = 
RAW TOKEN = eyJ0eXAiOiJKV1QiLCJhbGciOiJIUzI1NiJ9.eyJzdWIiOjEsIm5hbWUiOiJOZ3V5XHUxZWM1biBLXHUxZWYzIFZcdTFlZjkiLCJlbWFpbCI6InZ5bmd1eWVuMTJAZ21haWwuY29tIiwicm9sZSI6InVzZXIiLCJpYXQiOjE3NjQzOTU1NDAsImV4cCI6MTc2NTAwMDM0MCwiaXNzIjoiVmliZU1hcmtldCJ9.BkAIOnc0CZ8vZWd4xKP7fuKWIhWnZ5kqJEJtYYSHd2Y
DECODED = Array
(
    [sub] => 1
    [name] => Nguyễn Kỳ Vỹ
    [email] => vynguyen12@gmail.com
    [role] => user
    [iat] => 1764395540
    [exp] => 1765000340
    [iss] => VibeMarket
)

RAW TOKEN = 
RAW TOKEN = eyJ0eXAiOiJKV1QiLCJhbGciOiJIUzI1NiJ9.eyJzdWIiOjEsIm5hbWUiOiJOZ3V5XHUxZWM1biBLXHUxZWYzIFZcdTFlZjkiLCJlbWFpbCI6InZ5bmd1eWVuMTJAZ21haWwuY29tIiwicm9sZSI6InVzZXIiLCJpYXQiOjE3NjQzOTU1NjAsImV4cCI6MTc2NTAwMDM2MCwiaXNzIjoiVmliZU1hcmtldCJ9.j8OmgI_odZGhcV7c_wFbmaqLHaKmmzqsnzup9CVOWPw
DECODED = Array
(
    [sub] => 1
    [name] => Nguyễn Kỳ Vỹ
    [email] => vynguyen12@gmail.com
    [role] => user
    [iat] => 1764395560
    [exp] => 1765000360
    [iss] => VibeMarket
)

RAW TOKEN = eyJ0eXAiOiJKV1QiLCJhbGciOiJIUzI1NiJ9.eyJzdWIiOjEsIm5hbWUiOiJOZ3V5XHUxZWM1biBLXHUxZWYzIFZcdTFlZjkiLCJlbWFpbCI6InZ5bmd1eWVuMTJAZ21haWwuY29tIiwicm9sZSI6InVzZXIiLCJpYXQiOjE3NjQzOTU1NjAsImV4cCI6MTc2NTAwMDM2MCwiaXNzIjoiVmliZU1hcmtldCJ9.j8OmgI_odZGhcV7c_wFbmaqLHaKmmzqsnzup9CVOWPw
DECODED = Array
(
    [sub] => 1
    [name] => Nguyễn Kỳ Vỹ
    [email] => vynguyen12@gmail.com
    [role] => user
    [iat] => 1764395560
    [exp] => 1765000360
    [iss] => VibeMarket
)

RAW TOKEN = eyJ0eXAiOiJKV1QiLCJhbGciOiJIUzI1NiJ9.eyJzdWIiOjEsIm5hbWUiOiJOZ3V5XHUxZWM1biBLXHUxZWYzIFZcdTFlZjkiLCJlbWFpbCI6InZ5bmd1eWVuMTJAZ21haWwuY29tIiwicm9sZSI6InVzZXIiLCJpYXQiOjE3NjQzOTU1NjAsImV4cCI6MTc2NTAwMDM2MCwiaXNzIjoiVmliZU1hcmtldCJ9.j8OmgI_odZGhcV7c_wFbmaqLHaKmmzqsnzup9CVOWPw
DECODED = Array
(
    [sub] => 1
    [name] => Nguyễn Kỳ Vỹ
    [email] => vynguyen12@gmail.com
    [role] => user
    [iat] => 1764395560
    [exp] => 1765000360
    [iss] => VibeMarket
)

RAW TOKEN = 
RAW TOKEN = eyJ0eXAiOiJKV1QiLCJhbGciOiJIUzI1NiJ9.eyJzdWIiOjQsIm5hbWUiOiJOZ3V5XHUxZWM1biBLXHUxZWYzIFZcdTFlZjkiLCJlbWFpbCI6IjQ1ODg2QHZpYmVtYXJrZXQudm4iLCJ6YWxvX2lkIjoiNjkwMTQzMTIyNzc3NTU3MjYwNSIsInJvbGUiOiJzZWxsZXIiLCJpYXQiOjE3NjQzOTUzMzgsImV4cCI6MTc2NTAwMDEzOCwiaXNzIjoiVmliZU1hcmtldCJ9.ZmyAJpG3jiidRIK2AC0Fa36zouSOiXFk-yesyb-iFw0
DECODED = Array
(
    [sub] => 4
    [name] => Nguyễn Kỳ Vỹ
    [email] => 45886@vibemarket.vn
    [zalo_id] => 6901431227775572605
    [role] => seller
    [iat] => 1764395338
    [exp] => 1765000138
    [iss] => VibeMarket
)

RAW TOKEN = 
RAW TOKEN = eyJ0eXAiOiJKV1QiLCJhbGciOiJIUzI1NiJ9.eyJzdWIiOjQsIm5hbWUiOiJOZ3V5XHUxZWM1biBLXHUxZWYzIFZcdTFlZjkiLCJlbWFpbCI6IjQ1ODg2QHZpYmVtYXJrZXQudm4iLCJ6YWxvX2lkIjoiNjkwMTQzMTIyNzc3NTU3MjYwNSIsInJvbGUiOiJzZWxsZXIiLCJpYXQiOjE3NjQzOTUzMzgsImV4cCI6MTc2NTAwMDEzOCwiaXNzIjoiVmliZU1hcmtldCJ9.ZmyAJpG3jiidRIK2AC0Fa36zouSOiXFk-yesyb-iFw0
DECODED = Array
(
    [sub] => 4
    [name] => Nguyễn Kỳ Vỹ
    [email] => 45886@vibemarket.vn
    [zalo_id] => 6901431227775572605
    [role] => seller
    [iat] => 1764395338
    [exp] => 1765000138
    [iss] => VibeMarket
)

RAW TOKEN = eyJ0eXAiOiJKV1QiLCJhbGciOiJIUzI1NiJ9.eyJzdWIiOjQsIm5hbWUiOiJOZ3V5XHUxZWM1biBLXHUxZWYzIFZcdTFlZjkiLCJlbWFpbCI6IjQ1ODg2QHZpYmVtYXJrZXQudm4iLCJ6YWxvX2lkIjoiNjkwMTQzMTIyNzc3NTU3MjYwNSIsInJvbGUiOiJzZWxsZXIiLCJpYXQiOjE3NjQzOTUzMzgsImV4cCI6MTc2NTAwMDEzOCwiaXNzIjoiVmliZU1hcmtldCJ9.ZmyAJpG3jiidRIK2AC0Fa36zouSOiXFk-yesyb-iFw0
DECODED = Array
(
    [sub] => 4
    [name] => Nguyễn Kỳ Vỹ
    [email] => 45886@vibemarket.vn
    [zalo_id] => 6901431227775572605
    [role] => seller
    [iat] => 1764395338
    [exp] => 1765000138
    [iss] => VibeMarket
)

RAW TOKEN = eyJ0eXAiOiJKV1QiLCJhbGciOiJIUzI1NiJ9.eyJzdWIiOjQsIm5hbWUiOiJOZ3V5XHUxZWM1biBLXHUxZWYzIFZcdTFlZjkiLCJlbWFpbCI6IjQ1ODg2QHZpYmVtYXJrZXQudm4iLCJ6YWxvX2lkIjoiNjkwMTQzMTIyNzc3NTU3MjYwNSIsInJvbGUiOiJzZWxsZXIiLCJpYXQiOjE3NjQzOTUzMzgsImV4cCI6MTc2NTAwMDEzOCwiaXNzIjoiVmliZU1hcmtldCJ9.ZmyAJpG3jiidRIK2AC0Fa36zouSOiXFk-yesyb-iFw0
DECODED = Array
(
    [sub] => 4
    [name] => Nguyễn Kỳ Vỹ
    [email] => 45886@vibemarket.vn
    [zalo_id] => 6901431227775572605
    [role] => seller
    [iat] => 1764395338
    [exp] => 1765000138
    [iss] => VibeMarket
)

RAW TOKEN = eyJ0eXAiOiJKV1QiLCJhbGciOiJIUzI1NiJ9.eyJzdWIiOjQsIm5hbWUiOiJOZ3V5XHUxZWM1biBLXHUxZWYzIFZcdTFlZjkiLCJlbWFpbCI6IjQ1ODg2QHZpYmVtYXJrZXQudm4iLCJ6YWxvX2lkIjoiNjkwMTQzMTIyNzc3NTU3MjYwNSIsInJvbGUiOiJzZWxsZXIiLCJpYXQiOjE3NjQzOTUzMzgsImV4cCI6MTc2NTAwMDEzOCwiaXNzIjoiVmliZU1hcmtldCJ9.ZmyAJpG3jiidRIK2AC0Fa36zouSOiXFk-yesyb-iFw0
DECODED = Array
(
    [sub] => 4
    [name] => Nguyễn Kỳ Vỹ
    [email] => 45886@vibemarket.vn
    [zalo_id] => 6901431227775572605
    [role] => seller
    [iat] => 1764395338
    [exp] => 1765000138
    [iss] => VibeMarket
)

RAW TOKEN = eyJ0eXAiOiJKV1QiLCJhbGciOiJIUzI1NiJ9.eyJzdWIiOjQsIm5hbWUiOiJOZ3V5XHUxZWM1biBLXHUxZWYzIFZcdTFlZjkiLCJlbWFpbCI6IjQ1ODg2QHZpYmVtYXJrZXQudm4iLCJ6YWxvX2lkIjoiNjkwMTQzMTIyNzc3NTU3MjYwNSIsInJvbGUiOiJzZWxsZXIiLCJpYXQiOjE3NjQzOTUzMzgsImV4cCI6MTc2NTAwMDEzOCwiaXNzIjoiVmliZU1hcmtldCJ9.ZmyAJpG3jiidRIK2AC0Fa36zouSOiXFk-yesyb-iFw0
DECODED = Array
(
    [sub] => 4
    [name] => Nguyễn Kỳ Vỹ
    [email] => 45886@vibemarket.vn
    [zalo_id] => 6901431227775572605
    [role] => seller
    [iat] => 1764395338
    [exp] => 1765000138
    [iss] => VibeMarket
)

RAW TOKEN = 
RAW TOKEN = eyJ0eXAiOiJKV1QiLCJhbGciOiJIUzI1NiJ9.eyJzdWIiOjQsIm5hbWUiOiJOZ3V5XHUxZWM1biBLXHUxZWYzIFZcdTFlZjkiLCJlbWFpbCI6IjQ1ODg2QHZpYmVtYXJrZXQudm4iLCJ6YWxvX2lkIjoiNjkwMTQzMTIyNzc3NTU3MjYwNSIsInJvbGUiOiJzZWxsZXIiLCJpYXQiOjE3NjQzOTUzMzgsImV4cCI6MTc2NTAwMDEzOCwiaXNzIjoiVmliZU1hcmtldCJ9.ZmyAJpG3jiidRIK2AC0Fa36zouSOiXFk-yesyb-iFw0
DECODED = Array
(
    [sub] => 4
    [name] => Nguyễn Kỳ Vỹ
    [email] => 45886@vibemarket.vn
    [zalo_id] => 6901431227775572605
    [role] => seller
    [iat] => 1764395338
    [exp] => 1765000138
    [iss] => VibeMarket
)

RAW TOKEN = 
RAW TOKEN = eyJ0eXAiOiJKV1QiLCJhbGciOiJIUzI1NiJ9.eyJzdWIiOjQsIm5hbWUiOiJOZ3V5XHUxZWM1biBLXHUxZWYzIFZcdTFlZjkiLCJlbWFpbCI6IjQ1ODg2QHZpYmVtYXJrZXQudm4iLCJ6YWxvX2lkIjoiNjkwMTQzMTIyNzc3NTU3MjYwNSIsInJvbGUiOiJzZWxsZXIiLCJpYXQiOjE3NjQzOTUzMzgsImV4cCI6MTc2NTAwMDEzOCwiaXNzIjoiVmliZU1hcmtldCJ9.ZmyAJpG3jiidRIK2AC0Fa36zouSOiXFk-yesyb-iFw0
DECODED = Array
(
    [sub] => 4
    [name] => Nguyễn Kỳ Vỹ
    [email] => 45886@vibemarket.vn
    [zalo_id] => 6901431227775572605
    [role] => seller
    [iat] => 1764395338
    [exp] => 1765000138
    [iss] => VibeMarket
)

RAW TOKEN = eyJ0eXAiOiJKV1QiLCJhbGciOiJIUzI1NiJ9.eyJzdWIiOjQsIm5hbWUiOiJOZ3V5XHUxZWM1biBLXHUxZWYzIFZcdTFlZjkiLCJlbWFpbCI6IjQ1ODg2QHZpYmVtYXJrZXQudm4iLCJ6YWxvX2lkIjoiNjkwMTQzMTIyNzc3NTU3MjYwNSIsInJvbGUiOiJzZWxsZXIiLCJpYXQiOjE3NjQzOTUzMzgsImV4cCI6MTc2NTAwMDEzOCwiaXNzIjoiVmliZU1hcmtldCJ9.ZmyAJpG3jiidRIK2AC0Fa36zouSOiXFk-yesyb-iFw0
DECODED = Array
(
    [sub] => 4
    [name] => Nguyễn Kỳ Vỹ
    [email] => 45886@vibemarket.vn
    [zalo_id] => 6901431227775572605
    [role] => seller
    [iat] => 1764395338
    [exp] => 1765000138
    [iss] => VibeMarket
)

RAW TOKEN = eyJ0eXAiOiJKV1QiLCJhbGciOiJIUzI1NiJ9.eyJzdWIiOjQsIm5hbWUiOiJOZ3V5XHUxZWM1biBLXHUxZWYzIFZcdTFlZjkiLCJlbWFpbCI6IjQ1ODg2QHZpYmVtYXJrZXQudm4iLCJ6YWxvX2lkIjoiNjkwMTQzMTIyNzc3NTU3MjYwNSIsInJvbGUiOiJzZWxsZXIiLCJpYXQiOjE3NjQzOTUzMzgsImV4cCI6MTc2NTAwMDEzOCwiaXNzIjoiVmliZU1hcmtldCJ9.ZmyAJpG3jiidRIK2AC0Fa36zouSOiXFk-yesyb-iFw0
DECODED = Array
(
    [sub] => 4
    [name] => Nguyễn Kỳ Vỹ
    [email] => 45886@vibemarket.vn
    [zalo_id] => 6901431227775572605
    [role] => seller
    [iat] => 1764395338
    [exp] => 1765000138
    [iss] => VibeMarket
)

RAW TOKEN = 
RAW TOKEN = eyJ0eXAiOiJKV1QiLCJhbGciOiJIUzI1NiJ9.eyJzdWIiOjQsIm5hbWUiOiJOZ3V5XHUxZWM1biBLXHUxZWYzIFZcdTFlZjkiLCJlbWFpbCI6IjQ1ODg2QHZpYmVtYXJrZXQudm4iLCJ6YWxvX2lkIjoiNjkwMTQzMTIyNzc3NTU3MjYwNSIsInJvbGUiOiJzZWxsZXIiLCJpYXQiOjE3NjQzOTUzMzgsImV4cCI6MTc2NTAwMDEzOCwiaXNzIjoiVmliZU1hcmtldCJ9.ZmyAJpG3jiidRIK2AC0Fa36zouSOiXFk-yesyb-iFw0
DECODED = Array
(
    [sub] => 4
    [name] => Nguyễn Kỳ Vỹ
    [email] => 45886@vibemarket.vn
    [zalo_id] => 6901431227775572605
    [role] => seller
    [iat] => 1764395338
    [exp] => 1765000138
    [iss] => VibeMarket
)

RAW TOKEN = 
RAW TOKEN = eyJ0eXAiOiJKV1QiLCJhbGciOiJIUzI1NiJ9.eyJzdWIiOjQsIm5hbWUiOiJOZ3V5XHUxZWM1biBLXHUxZWYzIFZcdTFlZjkiLCJlbWFpbCI6IjQ1ODg2QHZpYmVtYXJrZXQudm4iLCJ6YWxvX2lkIjoiNjkwMTQzMTIyNzc3NTU3MjYwNSIsInJvbGUiOiJzZWxsZXIiLCJpYXQiOjE3NjQzOTUzMzgsImV4cCI6MTc2NTAwMDEzOCwiaXNzIjoiVmliZU1hcmtldCJ9.ZmyAJpG3jiidRIK2AC0Fa36zouSOiXFk-yesyb-iFw0
DECODED = Array
(
    [sub] => 4
    [name] => Nguyễn Kỳ Vỹ
    [email] => 45886@vibemarket.vn
    [zalo_id] => 6901431227775572605
    [role] => seller
    [iat] => 1764395338
    [exp] => 1765000138
    [iss] => VibeMarket
)

RAW TOKEN = 
RAW TOKEN = eyJ0eXAiOiJKV1QiLCJhbGciOiJIUzI1NiJ9.eyJzdWIiOjEsIm5hbWUiOiJOZ3V5XHUxZWM1biBLXHUxZWYzIFZcdTFlZjkiLCJlbWFpbCI6InZ5bmd1eWVuMTJAZ21haWwuY29tIiwicm9sZSI6InVzZXIiLCJpYXQiOjE3NjQzOTU2ODQsImV4cCI6MTc2NTAwMDQ4NCwiaXNzIjoiVmliZU1hcmtldCJ9.miFHaPvhakBQzOSydRbYwnRRDvQ0hwNn5F5gPRuQDx8
DECODED = Array
(
    [sub] => 1
    [name] => Nguyễn Kỳ Vỹ
    [email] => vynguyen12@gmail.com
    [role] => user
    [iat] => 1764395684
    [exp] => 1765000484
    [iss] => VibeMarket
)

RAW TOKEN = eyJ0eXAiOiJKV1QiLCJhbGciOiJIUzI1NiJ9.eyJzdWIiOjEsIm5hbWUiOiJOZ3V5XHUxZWM1biBLXHUxZWYzIFZcdTFlZjkiLCJlbWFpbCI6InZ5bmd1eWVuMTJAZ21haWwuY29tIiwicm9sZSI6InVzZXIiLCJpYXQiOjE3NjQzOTU2ODQsImV4cCI6MTc2NTAwMDQ4NCwiaXNzIjoiVmliZU1hcmtldCJ9.miFHaPvhakBQzOSydRbYwnRRDvQ0hwNn5F5gPRuQDx8
DECODED = Array
(
    [sub] => 1
    [name] => Nguyễn Kỳ Vỹ
    [email] => vynguyen12@gmail.com
    [role] => user
    [iat] => 1764395684
    [exp] => 1765000484
    [iss] => VibeMarket
)

RAW TOKEN = 
RAW TOKEN = eyJ0eXAiOiJKV1QiLCJhbGciOiJIUzI1NiJ9.eyJzdWIiOjEsIm5hbWUiOiJOZ3V5XHUxZWM1biBLXHUxZWYzIFZcdTFlZjkiLCJlbWFpbCI6InZ5bmd1eWVuMTJAZ21haWwuY29tIiwicm9sZSI6InVzZXIiLCJpYXQiOjE3NjQzOTU2ODQsImV4cCI6MTc2NTAwMDQ4NCwiaXNzIjoiVmliZU1hcmtldCJ9.miFHaPvhakBQzOSydRbYwnRRDvQ0hwNn5F5gPRuQDx8
DECODED = Array
(
    [sub] => 1
    [name] => Nguyễn Kỳ Vỹ
    [email] => vynguyen12@gmail.com
    [role] => user
    [iat] => 1764395684
    [exp] => 1765000484
    [iss] => VibeMarket
)

RAW TOKEN = eyJ0eXAiOiJKV1QiLCJhbGciOiJIUzI1NiJ9.eyJzdWIiOjEsIm5hbWUiOiJOZ3V5XHUxZWM1biBLXHUxZWYzIFZcdTFlZjkiLCJlbWFpbCI6InZ5bmd1eWVuMTJAZ21haWwuY29tIiwicm9sZSI6InVzZXIiLCJpYXQiOjE3NjQzOTU2ODQsImV4cCI6MTc2NTAwMDQ4NCwiaXNzIjoiVmliZU1hcmtldCJ9.miFHaPvhakBQzOSydRbYwnRRDvQ0hwNn5F5gPRuQDx8
DECODED = Array
(
    [sub] => 1
    [name] => Nguyễn Kỳ Vỹ
    [email] => vynguyen12@gmail.com
    [role] => user
    [iat] => 1764395684
    [exp] => 1765000484
    [iss] => VibeMarket
)

RAW TOKEN = 
RAW TOKEN = eyJ0eXAiOiJKV1QiLCJhbGciOiJIUzI1NiJ9.eyJzdWIiOjEsIm5hbWUiOiJOZ3V5XHUxZWM1biBLXHUxZWYzIFZcdTFlZjkiLCJlbWFpbCI6InZ5bmd1eWVuMTJAZ21haWwuY29tIiwicm9sZSI6InVzZXIiLCJpYXQiOjE3NjQzOTU2ODQsImV4cCI6MTc2NTAwMDQ4NCwiaXNzIjoiVmliZU1hcmtldCJ9.miFHaPvhakBQzOSydRbYwnRRDvQ0hwNn5F5gPRuQDx8
DECODED = Array
(
    [sub] => 1
    [name] => Nguyễn Kỳ Vỹ
    [email] => vynguyen12@gmail.com
    [role] => user
    [iat] => 1764395684
    [exp] => 1765000484
    [iss] => VibeMarket
)

RAW TOKEN = eyJ0eXAiOiJKV1QiLCJhbGciOiJIUzI1NiJ9.eyJzdWIiOjEsIm5hbWUiOiJOZ3V5XHUxZWM1biBLXHUxZWYzIFZcdTFlZjkiLCJlbWFpbCI6InZ5bmd1eWVuMTJAZ21haWwuY29tIiwicm9sZSI6InVzZXIiLCJpYXQiOjE3NjQzOTU2ODQsImV4cCI6MTc2NTAwMDQ4NCwiaXNzIjoiVmliZU1hcmtldCJ9.miFHaPvhakBQzOSydRbYwnRRDvQ0hwNn5F5gPRuQDx8
DECODED = Array
(
    [sub] => 1
    [name] => Nguyễn Kỳ Vỹ
    [email] => vynguyen12@gmail.com
    [role] => user
    [iat] => 1764395684
    [exp] => 1765000484
    [iss] => VibeMarket
)

RAW TOKEN = eyJ0eXAiOiJKV1QiLCJhbGciOiJIUzI1NiJ9.eyJzdWIiOjQsIm5hbWUiOiJOZ3V5XHUxZWM1biBLXHUxZWYzIFZcdTFlZjkiLCJlbWFpbCI6IjQ1ODg2QHZpYmVtYXJrZXQudm4iLCJ6YWxvX2lkIjoiNjkwMTQzMTIyNzc3NTU3MjYwNSIsInJvbGUiOiJzZWxsZXIiLCJpYXQiOjE3NjQzOTUzMzgsImV4cCI6MTc2NTAwMDEzOCwiaXNzIjoiVmliZU1hcmtldCJ9.ZmyAJpG3jiidRIK2AC0Fa36zouSOiXFk-yesyb-iFw0
DECODED = Array
(
    [sub] => 4
    [name] => Nguyễn Kỳ Vỹ
    [email] => 45886@vibemarket.vn
    [zalo_id] => 6901431227775572605
    [role] => seller
    [iat] => 1764395338
    [exp] => 1765000138
    [iss] => VibeMarket
)

RAW TOKEN = 
RAW TOKEN = eyJ0eXAiOiJKV1QiLCJhbGciOiJIUzI1NiJ9.eyJzdWIiOjQsIm5hbWUiOiJOZ3V5XHUxZWM1biBLXHUxZWYzIFZcdTFlZjkiLCJlbWFpbCI6IjQ1ODg2QHZpYmVtYXJrZXQudm4iLCJ6YWxvX2lkIjoiNjkwMTQzMTIyNzc3NTU3MjYwNSIsInJvbGUiOiJzZWxsZXIiLCJpYXQiOjE3NjQzOTUzMzgsImV4cCI6MTc2NTAwMDEzOCwiaXNzIjoiVmliZU1hcmtldCJ9.ZmyAJpG3jiidRIK2AC0Fa36zouSOiXFk-yesyb-iFw0
DECODED = Array
(
    [sub] => 4
    [name] => Nguyễn Kỳ Vỹ
    [email] => 45886@vibemarket.vn
    [zalo_id] => 6901431227775572605
    [role] => seller
    [iat] => 1764395338
    [exp] => 1765000138
    [iss] => VibeMarket
)

RAW TOKEN = 
RAW TOKEN = eyJ0eXAiOiJKV1QiLCJhbGciOiJIUzI1NiJ9.eyJzdWIiOjQsIm5hbWUiOiJOZ3V5XHUxZWM1biBLXHUxZWYzIFZcdTFlZjkiLCJlbWFpbCI6IjQ1ODg2QHZpYmVtYXJrZXQudm4iLCJ6YWxvX2lkIjoiNjkwMTQzMTIyNzc3NTU3MjYwNSIsInJvbGUiOiJzZWxsZXIiLCJpYXQiOjE3NjQzOTUzMzgsImV4cCI6MTc2NTAwMDEzOCwiaXNzIjoiVmliZU1hcmtldCJ9.ZmyAJpG3jiidRIK2AC0Fa36zouSOiXFk-yesyb-iFw0
DECODED = Array
(
    [sub] => 4
    [name] => Nguyễn Kỳ Vỹ
    [email] => 45886@vibemarket.vn
    [zalo_id] => 6901431227775572605
    [role] => seller
    [iat] => 1764395338
    [exp] => 1765000138
    [iss] => VibeMarket
)

RAW TOKEN = 
RAW TOKEN = eyJ0eXAiOiJKV1QiLCJhbGciOiJIUzI1NiJ9.eyJzdWIiOjQsIm5hbWUiOiJOZ3V5XHUxZWM1biBLXHUxZWYzIFZcdTFlZjkiLCJlbWFpbCI6IjQ1ODg2QHZpYmVtYXJrZXQudm4iLCJ6YWxvX2lkIjoiNjkwMTQzMTIyNzc3NTU3MjYwNSIsInJvbGUiOiJzZWxsZXIiLCJpYXQiOjE3NjQzOTUzMzgsImV4cCI6MTc2NTAwMDEzOCwiaXNzIjoiVmliZU1hcmtldCJ9.ZmyAJpG3jiidRIK2AC0Fa36zouSOiXFk-yesyb-iFw0
DECODED = Array
(
    [sub] => 4
    [name] => Nguyễn Kỳ Vỹ
    [email] => 45886@vibemarket.vn
    [zalo_id] => 6901431227775572605
    [role] => seller
    [iat] => 1764395338
    [exp] => 1765000138
    [iss] => VibeMarket
)

RAW TOKEN = 
RAW TOKEN = eyJ0eXAiOiJKV1QiLCJhbGciOiJIUzI1NiJ9.eyJzdWIiOjQsIm5hbWUiOiJOZ3V5XHUxZWM1biBLXHUxZWYzIFZcdTFlZjkiLCJlbWFpbCI6IjQ1ODg2QHZpYmVtYXJrZXQudm4iLCJ6YWxvX2lkIjoiNjkwMTQzMTIyNzc3NTU3MjYwNSIsInJvbGUiOiJzZWxsZXIiLCJpYXQiOjE3NjQzOTUzMzgsImV4cCI6MTc2NTAwMDEzOCwiaXNzIjoiVmliZU1hcmtldCJ9.ZmyAJpG3jiidRIK2AC0Fa36zouSOiXFk-yesyb-iFw0
DECODED = Array
(
    [sub] => 4
    [name] => Nguyễn Kỳ Vỹ
    [email] => 45886@vibemarket.vn
    [zalo_id] => 6901431227775572605
    [role] => seller
    [iat] => 1764395338
    [exp] => 1765000138
    [iss] => VibeMarket
)

RAW TOKEN = 
RAW TOKEN = eyJ0eXAiOiJKV1QiLCJhbGciOiJIUzI1NiJ9.eyJzdWIiOjQsIm5hbWUiOiJOZ3V5XHUxZWM1biBLXHUxZWYzIFZcdTFlZjkiLCJlbWFpbCI6IjQ1ODg2QHZpYmVtYXJrZXQudm4iLCJ6YWxvX2lkIjoiNjkwMTQzMTIyNzc3NTU3MjYwNSIsInJvbGUiOiJzZWxsZXIiLCJpYXQiOjE3NjQzOTUzMzgsImV4cCI6MTc2NTAwMDEzOCwiaXNzIjoiVmliZU1hcmtldCJ9.ZmyAJpG3jiidRIK2AC0Fa36zouSOiXFk-yesyb-iFw0
DECODED = Array
(
    [sub] => 4
    [name] => Nguyễn Kỳ Vỹ
    [email] => 45886@vibemarket.vn
    [zalo_id] => 6901431227775572605
    [role] => seller
    [iat] => 1764395338
    [exp] => 1765000138
    [iss] => VibeMarket
)

RAW TOKEN = 
RAW TOKEN = 
RAW TOKEN = eyJ0eXAiOiJKV1QiLCJhbGciOiJIUzI1NiJ9.eyJzdWIiOjQsIm5hbWUiOiJOZ3V5XHUxZWM1biBLXHUxZWYzIFZcdTFlZjkiLCJlbWFpbCI6IjQ1ODg2QHZpYmVtYXJrZXQudm4iLCJ6YWxvX2lkIjoiNjkwMTQzMTIyNzc3NTU3MjYwNSIsInJvbGUiOiJzZWxsZXIiLCJpYXQiOjE3NjQzOTUzMzgsImV4cCI6MTc2NTAwMDEzOCwiaXNzIjoiVmliZU1hcmtldCJ9.ZmyAJpG3jiidRIK2AC0Fa36zouSOiXFk-yesyb-iFw0
DECODED = Array
(
    [sub] => 4
    [name] => Nguyễn Kỳ Vỹ
    [email] => 45886@vibemarket.vn
    [zalo_id] => 6901431227775572605
    [role] => seller
    [iat] => 1764395338
    [exp] => 1765000138
    [iss] => VibeMarket
)

RAW TOKEN = 
RAW TOKEN = eyJ0eXAiOiJKV1QiLCJhbGciOiJIUzI1NiJ9.eyJzdWIiOjQsIm5hbWUiOiJOZ3V5XHUxZWM1biBLXHUxZWYzIFZcdTFlZjkiLCJlbWFpbCI6IjQ1ODg2QHZpYmVtYXJrZXQudm4iLCJ6YWxvX2lkIjoiNjkwMTQzMTIyNzc3NTU3MjYwNSIsInJvbGUiOiJzZWxsZXIiLCJpYXQiOjE3NjQzOTUzMzgsImV4cCI6MTc2NTAwMDEzOCwiaXNzIjoiVmliZU1hcmtldCJ9.ZmyAJpG3jiidRIK2AC0Fa36zouSOiXFk-yesyb-iFw0
DECODED = Array
(
    [sub] => 4
    [name] => Nguyễn Kỳ Vỹ
    [email] => 45886@vibemarket.vn
    [zalo_id] => 6901431227775572605
    [role] => seller
    [iat] => 1764395338
    [exp] => 1765000138
    [iss] => VibeMarket
)

RAW TOKEN = 
RAW TOKEN = eyJ0eXAiOiJKV1QiLCJhbGciOiJIUzI1NiJ9.eyJzdWIiOjQsIm5hbWUiOiJOZ3V5XHUxZWM1biBLXHUxZWYzIFZcdTFlZjkiLCJlbWFpbCI6IjQ1ODg2QHZpYmVtYXJrZXQudm4iLCJ6YWxvX2lkIjoiNjkwMTQzMTIyNzc3NTU3MjYwNSIsInJvbGUiOiJzZWxsZXIiLCJpYXQiOjE3NjQzOTUzMzgsImV4cCI6MTc2NTAwMDEzOCwiaXNzIjoiVmliZU1hcmtldCJ9.ZmyAJpG3jiidRIK2AC0Fa36zouSOiXFk-yesyb-iFw0
DECODED = Array
(
    [sub] => 4
    [name] => Nguyễn Kỳ Vỹ
    [email] => 45886@vibemarket.vn
    [zalo_id] => 6901431227775572605
    [role] => seller
    [iat] => 1764395338
    [exp] => 1765000138
    [iss] => VibeMarket
)

RAW TOKEN = 
RAW TOKEN = 
RAW TOKEN = 
RAW TOKEN = eyJ0eXAiOiJKV1QiLCJhbGciOiJIUzI1NiJ9.eyJzdWIiOjQsIm5hbWUiOiJOZ3V5XHUxZWM1biBLXHUxZWYzIFZcdTFlZjkiLCJlbWFpbCI6IjQ1ODg2QHZpYmVtYXJrZXQudm4iLCJ6YWxvX2lkIjoiNjkwMTQzMTIyNzc3NTU3MjYwNSIsInJvbGUiOiJzZWxsZXIiLCJpYXQiOjE3NjQzOTUzMzgsImV4cCI6MTc2NTAwMDEzOCwiaXNzIjoiVmliZU1hcmtldCJ9.ZmyAJpG3jiidRIK2AC0Fa36zouSOiXFk-yesyb-iFw0
DECODED = Array
(
    [sub] => 4
    [name] => Nguyễn Kỳ Vỹ
    [email] => 45886@vibemarket.vn
    [zalo_id] => 6901431227775572605
    [role] => seller
    [iat] => 1764395338
    [exp] => 1765000138
    [iss] => VibeMarket
)

RAW TOKEN = 
RAW TOKEN = 
RAW TOKEN = eyJ0eXAiOiJKV1QiLCJhbGciOiJIUzI1NiJ9.eyJzdWIiOjEsIm5hbWUiOiJOZ3V5XHUxZWM1biBLXHUxZWYzIFZcdTFlZjkiLCJlbWFpbCI6InZ5bmd1eWVuMTJAZ21haWwuY29tIiwicm9sZSI6InVzZXIiLCJpYXQiOjE3NjQzOTU5ODksImV4cCI6MTc2NTAwMDc4OSwiaXNzIjoiVmliZU1hcmtldCJ9.TG7Y7XRwgpFfQNERhQVCHgks1WL9YyyGogLxbjCKXAw
DECODED = Array
(
    [sub] => 1
    [name] => Nguyễn Kỳ Vỹ
    [email] => vynguyen12@gmail.com
    [role] => user
    [iat] => 1764395989
    [exp] => 1765000789
    [iss] => VibeMarket
)

RAW TOKEN = eyJ0eXAiOiJKV1QiLCJhbGciOiJIUzI1NiJ9.eyJzdWIiOjEsIm5hbWUiOiJOZ3V5XHUxZWM1biBLXHUxZWYzIFZcdTFlZjkiLCJlbWFpbCI6InZ5bmd1eWVuMTJAZ21haWwuY29tIiwicm9sZSI6InVzZXIiLCJpYXQiOjE3NjQzOTU5ODksImV4cCI6MTc2NTAwMDc4OSwiaXNzIjoiVmliZU1hcmtldCJ9.TG7Y7XRwgpFfQNERhQVCHgks1WL9YyyGogLxbjCKXAw
DECODED = Array
(
    [sub] => 1
    [name] => Nguyễn Kỳ Vỹ
    [email] => vynguyen12@gmail.com
    [role] => user
    [iat] => 1764395989
    [exp] => 1765000789
    [iss] => VibeMarket
)

RAW TOKEN = 
RAW TOKEN = eyJ0eXAiOiJKV1QiLCJhbGciOiJIUzI1NiJ9.eyJzdWIiOjQsIm5hbWUiOiJOZ3V5XHUxZWM1biBLXHUxZWYzIFZcdTFlZjkiLCJlbWFpbCI6IjQ1ODg2QHZpYmVtYXJrZXQudm4iLCJ6YWxvX2lkIjoiNjkwMTQzMTIyNzc3NTU3MjYwNSIsInJvbGUiOiJzZWxsZXIiLCJpYXQiOjE3NjQzOTUzMzgsImV4cCI6MTc2NTAwMDEzOCwiaXNzIjoiVmliZU1hcmtldCJ9.ZmyAJpG3jiidRIK2AC0Fa36zouSOiXFk-yesyb-iFw0
DECODED = Array
(
    [sub] => 4
    [name] => Nguyễn Kỳ Vỹ
    [email] => 45886@vibemarket.vn
    [zalo_id] => 6901431227775572605
    [role] => seller
    [iat] => 1764395338
    [exp] => 1765000138
    [iss] => VibeMarket
)

RAW TOKEN = eyJ0eXAiOiJKV1QiLCJhbGciOiJIUzI1NiJ9.eyJzdWIiOjQsIm5hbWUiOiJOZ3V5XHUxZWM1biBLXHUxZWYzIFZcdTFlZjkiLCJlbWFpbCI6IjQ1ODg2QHZpYmVtYXJrZXQudm4iLCJ6YWxvX2lkIjoiNjkwMTQzMTIyNzc3NTU3MjYwNSIsInJvbGUiOiJzZWxsZXIiLCJpYXQiOjE3NjQzOTUzMzgsImV4cCI6MTc2NTAwMDEzOCwiaXNzIjoiVmliZU1hcmtldCJ9.ZmyAJpG3jiidRIK2AC0Fa36zouSOiXFk-yesyb-iFw0
DECODED = Array
(
    [sub] => 4
    [name] => Nguyễn Kỳ Vỹ
    [email] => 45886@vibemarket.vn
    [zalo_id] => 6901431227775572605
    [role] => seller
    [iat] => 1764395338
    [exp] => 1765000138
    [iss] => VibeMarket
)

RAW TOKEN = eyJ0eXAiOiJKV1QiLCJhbGciOiJIUzI1NiJ9.eyJzdWIiOjQsIm5hbWUiOiJOZ3V5XHUxZWM1biBLXHUxZWYzIFZcdTFlZjkiLCJlbWFpbCI6IjQ1ODg2QHZpYmVtYXJrZXQudm4iLCJ6YWxvX2lkIjoiNjkwMTQzMTIyNzc3NTU3MjYwNSIsInJvbGUiOiJzZWxsZXIiLCJpYXQiOjE3NjQzOTUzMzgsImV4cCI6MTc2NTAwMDEzOCwiaXNzIjoiVmliZU1hcmtldCJ9.ZmyAJpG3jiidRIK2AC0Fa36zouSOiXFk-yesyb-iFw0
DECODED = Array
(
    [sub] => 4
    [name] => Nguyễn Kỳ Vỹ
    [email] => 45886@vibemarket.vn
    [zalo_id] => 6901431227775572605
    [role] => seller
    [iat] => 1764395338
    [exp] => 1765000138
    [iss] => VibeMarket
)

RAW TOKEN = 
RAW TOKEN = eyJ0eXAiOiJKV1QiLCJhbGciOiJIUzI1NiJ9.eyJzdWIiOjQsIm5hbWUiOiJOZ3V5XHUxZWM1biBLXHUxZWYzIFZcdTFlZjkiLCJlbWFpbCI6IjQ1ODg2QHZpYmVtYXJrZXQudm4iLCJ6YWxvX2lkIjoiNjkwMTQzMTIyNzc3NTU3MjYwNSIsInJvbGUiOiJzZWxsZXIiLCJpYXQiOjE3NjQzOTUzMzgsImV4cCI6MTc2NTAwMDEzOCwiaXNzIjoiVmliZU1hcmtldCJ9.ZmyAJpG3jiidRIK2AC0Fa36zouSOiXFk-yesyb-iFw0
DECODED = Array
(
    [sub] => 4
    [name] => Nguyễn Kỳ Vỹ
    [email] => 45886@vibemarket.vn
    [zalo_id] => 6901431227775572605
    [role] => seller
    [iat] => 1764395338
    [exp] => 1765000138
    [iss] => VibeMarket
)

RAW TOKEN = eyJ0eXAiOiJKV1QiLCJhbGciOiJIUzI1NiJ9.eyJzdWIiOjEsIm5hbWUiOiJOZ3V5XHUxZWM1biBLXHUxZWYzIFZcdTFlZjkiLCJlbWFpbCI6InZ5bmd1eWVuMTJAZ21haWwuY29tIiwicm9sZSI6InVzZXIiLCJpYXQiOjE3NjQzOTU5ODksImV4cCI6MTc2NTAwMDc4OSwiaXNzIjoiVmliZU1hcmtldCJ9.TG7Y7XRwgpFfQNERhQVCHgks1WL9YyyGogLxbjCKXAw
DECODED = Array
(
    [sub] => 1
    [name] => Nguyễn Kỳ Vỹ
    [email] => vynguyen12@gmail.com
    [role] => user
    [iat] => 1764395989
    [exp] => 1765000789
    [iss] => VibeMarket
)

RAW TOKEN = eyJ0eXAiOiJKV1QiLCJhbGciOiJIUzI1NiJ9.eyJzdWIiOjQsIm5hbWUiOiJOZ3V5XHUxZWM1biBLXHUxZWYzIFZcdTFlZjkiLCJlbWFpbCI6IjQ1ODg2QHZpYmVtYXJrZXQudm4iLCJ6YWxvX2lkIjoiNjkwMTQzMTIyNzc3NTU3MjYwNSIsInJvbGUiOiJzZWxsZXIiLCJpYXQiOjE3NjQzOTUzMzgsImV4cCI6MTc2NTAwMDEzOCwiaXNzIjoiVmliZU1hcmtldCJ9.ZmyAJpG3jiidRIK2AC0Fa36zouSOiXFk-yesyb-iFw0
DECODED = Array
(
    [sub] => 4
    [name] => Nguyễn Kỳ Vỹ
    [email] => 45886@vibemarket.vn
    [zalo_id] => 6901431227775572605
    [role] => seller
    [iat] => 1764395338
    [exp] => 1765000138
    [iss] => VibeMarket
)

RAW TOKEN = 
RAW TOKEN = eyJ0eXAiOiJKV1QiLCJhbGciOiJIUzI1NiJ9.eyJzdWIiOjQsIm5hbWUiOiJOZ3V5XHUxZWM1biBLXHUxZWYzIFZcdTFlZjkiLCJlbWFpbCI6IjQ1ODg2QHZpYmVtYXJrZXQudm4iLCJ6YWxvX2lkIjoiNjkwMTQzMTIyNzc3NTU3MjYwNSIsInJvbGUiOiJzZWxsZXIiLCJpYXQiOjE3NjQzOTUzMzgsImV4cCI6MTc2NTAwMDEzOCwiaXNzIjoiVmliZU1hcmtldCJ9.ZmyAJpG3jiidRIK2AC0Fa36zouSOiXFk-yesyb-iFw0
DECODED = Array
(
    [sub] => 4
    [name] => Nguyễn Kỳ Vỹ
    [email] => 45886@vibemarket.vn
    [zalo_id] => 6901431227775572605
    [role] => seller
    [iat] => 1764395338
    [exp] => 1765000138
    [iss] => VibeMarket
)

RAW TOKEN = eyJ0eXAiOiJKV1QiLCJhbGciOiJIUzI1NiJ9.eyJzdWIiOjEsIm5hbWUiOiJOZ3V5XHUxZWM1biBLXHUxZWYzIFZcdTFlZjkiLCJlbWFpbCI6InZ5bmd1eWVuMTJAZ21haWwuY29tIiwicm9sZSI6InVzZXIiLCJpYXQiOjE3NjQzOTYwMjgsImV4cCI6MTc2NTAwMDgyOCwiaXNzIjoiVmliZU1hcmtldCJ9._yTmkc5N1HyY9bXPF1jq4NwUwF_bW4aSfVg2I-gzbbU
DECODED = Array
(
    [sub] => 1
    [name] => Nguyễn Kỳ Vỹ
    [email] => vynguyen12@gmail.com
    [role] => user
    [iat] => 1764396028
    [exp] => 1765000828
    [iss] => VibeMarket
)

RAW TOKEN = eyJ0eXAiOiJKV1QiLCJhbGciOiJIUzI1NiJ9.eyJzdWIiOjEsIm5hbWUiOiJOZ3V5XHUxZWM1biBLXHUxZWYzIFZcdTFlZjkiLCJlbWFpbCI6InZ5bmd1eWVuMTJAZ21haWwuY29tIiwicm9sZSI6InVzZXIiLCJpYXQiOjE3NjQzOTYwMjgsImV4cCI6MTc2NTAwMDgyOCwiaXNzIjoiVmliZU1hcmtldCJ9._yTmkc5N1HyY9bXPF1jq4NwUwF_bW4aSfVg2I-gzbbU
DECODED = Array
(
    [sub] => 1
    [name] => Nguyễn Kỳ Vỹ
    [email] => vynguyen12@gmail.com
    [role] => user
    [iat] => 1764396028
    [exp] => 1765000828
    [iss] => VibeMarket
)

RAW TOKEN = 
RAW TOKEN = eyJ0eXAiOiJKV1QiLCJhbGciOiJIUzI1NiJ9.eyJzdWIiOjQsIm5hbWUiOiJOZ3V5XHUxZWM1biBLXHUxZWYzIFZcdTFlZjkiLCJlbWFpbCI6IjQ1ODg2QHZpYmVtYXJrZXQudm4iLCJ6YWxvX2lkIjoiNjkwMTQzMTIyNzc3NTU3MjYwNSIsInJvbGUiOiJzZWxsZXIiLCJpYXQiOjE3NjQzOTUzMzgsImV4cCI6MTc2NTAwMDEzOCwiaXNzIjoiVmliZU1hcmtldCJ9.ZmyAJpG3jiidRIK2AC0Fa36zouSOiXFk-yesyb-iFw0
DECODED = Array
(
    [sub] => 4
    [name] => Nguyễn Kỳ Vỹ
    [email] => 45886@vibemarket.vn
    [zalo_id] => 6901431227775572605
    [role] => seller
    [iat] => 1764395338
    [exp] => 1765000138
    [iss] => VibeMarket
)

RAW TOKEN = 
RAW TOKEN = eyJ0eXAiOiJKV1QiLCJhbGciOiJIUzI1NiJ9.eyJzdWIiOjQsIm5hbWUiOiJOZ3V5XHUxZWM1biBLXHUxZWYzIFZcdTFlZjkiLCJlbWFpbCI6IjQ1ODg2QHZpYmVtYXJrZXQudm4iLCJ6YWxvX2lkIjoiNjkwMTQzMTIyNzc3NTU3MjYwNSIsInJvbGUiOiJzZWxsZXIiLCJpYXQiOjE3NjQzOTUzMzgsImV4cCI6MTc2NTAwMDEzOCwiaXNzIjoiVmliZU1hcmtldCJ9.ZmyAJpG3jiidRIK2AC0Fa36zouSOiXFk-yesyb-iFw0
DECODED = Array
(
    [sub] => 4
    [name] => Nguyễn Kỳ Vỹ
    [email] => 45886@vibemarket.vn
    [zalo_id] => 6901431227775572605
    [role] => seller
    [iat] => 1764395338
    [exp] => 1765000138
    [iss] => VibeMarket
)

RAW TOKEN = eyJ0eXAiOiJKV1QiLCJhbGciOiJIUzI1NiJ9.eyJzdWIiOjEsIm5hbWUiOiJOZ3V5XHUxZWM1biBLXHUxZWYzIFZcdTFlZjkiLCJlbWFpbCI6InZ5bmd1eWVuMTJAZ21haWwuY29tIiwicm9sZSI6InVzZXIiLCJpYXQiOjE3NjQzOTYwMjgsImV4cCI6MTc2NTAwMDgyOCwiaXNzIjoiVmliZU1hcmtldCJ9._yTmkc5N1HyY9bXPF1jq4NwUwF_bW4aSfVg2I-gzbbU
DECODED = Array
(
    [sub] => 1
    [name] => Nguyễn Kỳ Vỹ
    [email] => vynguyen12@gmail.com
    [role] => user
    [iat] => 1764396028
    [exp] => 1765000828
    [iss] => VibeMarket
)

RAW TOKEN = 
RAW TOKEN = eyJ0eXAiOiJKV1QiLCJhbGciOiJIUzI1NiJ9.eyJzdWIiOjQsIm5hbWUiOiJOZ3V5XHUxZWM1biBLXHUxZWYzIFZcdTFlZjkiLCJlbWFpbCI6IjQ1ODg2QHZpYmVtYXJrZXQudm4iLCJ6YWxvX2lkIjoiNjkwMTQzMTIyNzc3NTU3MjYwNSIsInJvbGUiOiJzZWxsZXIiLCJpYXQiOjE3NjQzOTUzMzgsImV4cCI6MTc2NTAwMDEzOCwiaXNzIjoiVmliZU1hcmtldCJ9.ZmyAJpG3jiidRIK2AC0Fa36zouSOiXFk-yesyb-iFw0
DECODED = Array
(
    [sub] => 4
    [name] => Nguyễn Kỳ Vỹ
    [email] => 45886@vibemarket.vn
    [zalo_id] => 6901431227775572605
    [role] => seller
    [iat] => 1764395338
    [exp] => 1765000138
    [iss] => VibeMarket
)

RAW TOKEN = 
RAW TOKEN = eyJ0eXAiOiJKV1QiLCJhbGciOiJIUzI1NiJ9.eyJzdWIiOjQsIm5hbWUiOiJOZ3V5XHUxZWM1biBLXHUxZWYzIFZcdTFlZjkiLCJlbWFpbCI6IjQ1ODg2QHZpYmVtYXJrZXQudm4iLCJ6YWxvX2lkIjoiNjkwMTQzMTIyNzc3NTU3MjYwNSIsInJvbGUiOiJzZWxsZXIiLCJpYXQiOjE3NjQzOTUzMzgsImV4cCI6MTc2NTAwMDEzOCwiaXNzIjoiVmliZU1hcmtldCJ9.ZmyAJpG3jiidRIK2AC0Fa36zouSOiXFk-yesyb-iFw0
DECODED = Array
(
    [sub] => 4
    [name] => Nguyễn Kỳ Vỹ
    [email] => 45886@vibemarket.vn
    [zalo_id] => 6901431227775572605
    [role] => seller
    [iat] => 1764395338
    [exp] => 1765000138
    [iss] => VibeMarket
)

RAW TOKEN = 
RAW TOKEN = eyJ0eXAiOiJKV1QiLCJhbGciOiJIUzI1NiJ9.eyJzdWIiOjQsIm5hbWUiOiJOZ3V5XHUxZWM1biBLXHUxZWYzIFZcdTFlZjkiLCJlbWFpbCI6IjQ1ODg2QHZpYmVtYXJrZXQudm4iLCJ6YWxvX2lkIjoiNjkwMTQzMTIyNzc3NTU3MjYwNSIsInJvbGUiOiJzZWxsZXIiLCJpYXQiOjE3NjQzOTUzMzgsImV4cCI6MTc2NTAwMDEzOCwiaXNzIjoiVmliZU1hcmtldCJ9.ZmyAJpG3jiidRIK2AC0Fa36zouSOiXFk-yesyb-iFw0
DECODED = Array
(
    [sub] => 4
    [name] => Nguyễn Kỳ Vỹ
    [email] => 45886@vibemarket.vn
    [zalo_id] => 6901431227775572605
    [role] => seller
    [iat] => 1764395338
    [exp] => 1765000138
    [iss] => VibeMarket
)

